Args.output_dir is:  train_output
Args: Namespace(data_dir='~/data/', dataset='FullColoredMNIST', algorithm='IBIRM', hparams=None, hparams_seed=0, trial_seed=0, seed=0, steps=2001, checkpoint_freq=2000, test_envs=[0], output_dir='train_output', holdout_fraction=0.05, skip_model_save=False, lr=0.1, irm_lambda=None, irm_step=0, vrex_lambda=None, vrex_step=0, ib_lambda=None, ib_step=0, mmd_lambda=None, mmd_step=0, class_condition=False, normalize=False, dro_eta=None, bs=128, wd=0, sch_size=-1, d=0, debug=False, type=0, ratio=0.9, env_seed=1, no_aug=False, xyl=1, n_restarts=5, test_val=0)
Hparams: {'data_augmentation': True, 'resnet18': False, 'lr': 0.1, 'batch_size': 128, 'weight_decay': 0, 'class_balanced': False, 'resnet_dropout': 0.0, 'irm_lambda': 100.0, 'irm_penalty_anneal_iters': 0, 'vrex_lambda': 10.0, 'vrex_penalty_anneal_iters': 500, 'ib_lambda': 1, 'ib_penalty_anneal_iters': 0, 'mmd_lambda': 10.0, 'mmd_penalty_anneal_iters': 0, 'mixup_alpha': 0.2, 'groupdro_eta': 0.01, 'mmd_gamma': 1.0, 'mlp_width': 256, 'mlp_depth': 3, 'mlp_dropout': 0.0, 'mldg_beta': 1.0, 'mtl_ema': 0.99, 'sag_w_adv': 0.1, 'class_condition': False, 'normalize': False, 'xylopt': 1, 'xylnn': 1, 'dataset': 'FullColoredMNIST', 'sch_size': 600}
RRRRRRR Hyper sweep for IB-IRM
RRRRRRR args.seed:  0     args.trial_seed:  0
LRRRRRRR: 0.1
DECAY STEP: 600
env0_in  env0_ou  env1_in  env1_ou  env2_in  env2_ou  epoch    loss     nll      penalty  step     step_ti  train_a  val_acc 
0.11539  0.10291  0.11756  0.11921  0.11923  0.11149  0.00000  2.30544  2.29882  -0.0002  0        0.97730  0.11839  0.11535 
0.63113  0.60377  0.99878  0.99914  0.96742  0.95883  11.5486  0.11233  0.10269  0.00757  2000     0.11089  0.98310  0.97898 
RRRRRRR args.seed:  1     args.trial_seed:  1
LRRRRRRR: 0.1
DECAY STEP: 600
env0_in  env0_ou  env1_in  env1_ou  env2_in  env2_ou  epoch    loss     nll      penalty  step     step_ti  train_a  val_acc 
0.09784  0.09777  0.09766  0.09176  0.09748  0.09262  0.00000  2.29465  2.28607  -0.0000  0        0.13601  0.09757  0.09219 
0.59888  0.59434  0.99882  0.99828  0.96418  0.95368  11.5486  0.11761  0.10785  0.00817  2000     0.11056  0.98150  0.97598 
RRRRRRR args.seed:  2     args.trial_seed:  2
LRRRRRRR: 0.1
DECAY STEP: 600
env0_in  env0_ou  env1_in  env1_ou  env2_in  env2_ou  epoch    loss     nll      penalty  step     step_ti  train_a  val_acc 
0.10023  0.09777  0.10019  0.10120  0.09942  0.09348  0.00000  2.28429  2.27353  0.00034  0        0.13721  0.09981  0.09734 
0.59134  0.56775  0.99905  0.99742  0.96034  0.95111  11.5486  0.12387  0.11410  0.00819  2000     0.11053  0.97970  0.97427 
RRRRRRR args.seed:  3     args.trial_seed:  3
LRRRRRRR: 0.1
DECAY STEP: 600
env0_in  env0_ou  env1_in  env1_ou  env2_in  env2_ou  epoch    loss     nll      penalty  step     step_ti  train_a  val_acc 
0.10510  0.10463  0.09775  0.10291  0.10240  0.11320  0.00000  2.40851  2.39954  0.01111  0        0.13656  0.10008  0.10806 
0.59712  0.60120  0.99878  1.00000  0.96382  0.94854  11.5486  0.11669  0.10702  0.00781  2000     0.11055  0.98130  0.97427 
RRRRRRR args.seed:  4     args.trial_seed:  4
LRRRRRRR: 0.1
DECAY STEP: 600
env0_in  env0_ou  env1_in  env1_ou  env2_in  env2_ou  epoch    loss     nll      penalty  step     step_ti  train_a  val_acc 
0.10068  0.10377  0.10204  0.08061  0.10524  0.09519  0.00000  2.35049  2.34194  0.00275  0        0.13717  0.10364  0.08790 
0.60637  0.61235  0.99855  0.99742  0.96494  0.95797  11.5486  0.11763  0.10792  0.00784  2000     0.11054  0.98175  0.97770 
RRRRRRR mmd_lambda:     0.10 ib_lambda:     0.00   irm_lambda:     0.10 val acc: 97.62 +- 0.19 test acc: 60.50 +- 1.39
RRRRRRR args.seed:  0     args.trial_seed:  0
LRRRRRRR: 0.1
DECAY STEP: 600
env0_in  env0_ou  env1_in  env1_ou  env2_in  env2_ou  epoch    loss     nll      penalty  step     step_ti  train_a  val_acc 
0.11566  0.10291  0.11977  0.12006  0.12126  0.11149  0.00000  2.30525  2.29882  -0.0002  0        0.14082  0.12051  0.11578 
0.58674  0.57289  0.99851  0.99828  0.96188  0.95368  11.5486  0.12855  0.11320  0.00646  2000     0.11058  0.98019  0.97598 
RRRRRRR args.seed:  1     args.trial_seed:  1
LRRRRRRR: 0.1
DECAY STEP: 600
env0_in  env0_ou  env1_in  env1_ou  env2_in  env2_ou  epoch    loss     nll      penalty  step     step_ti  train_a  val_acc 
0.09784  0.09777  0.09766  0.09176  0.09748  0.09262  0.00000  2.29460  2.28607  -0.0000  0        0.13710  0.09757  0.09219 
0.58548  0.57461  0.99882  0.99742  0.96215  0.95454  11.5486  0.12867  0.11285  0.00688  2000     0.11057  0.98048  0.97598 
RRRRRRR args.seed:  2     args.trial_seed:  2
LRRRRRRR: 0.1
DECAY STEP: 600
env0_in  env0_ou  env1_in  env1_ou  env2_in  env2_ou  epoch    loss     nll      penalty  step     step_ti  train_a  val_acc 
0.10032  0.09777  0.10019  0.10120  0.09942  0.09348  0.00000  2.28460  2.27353  0.00034  0        0.13715  0.09981  0.09734 
0.60704  0.59005  0.99900  0.99656  0.96142  0.94854  11.5486  0.12961  0.11390  0.00675  2000     0.11055  0.98021  0.97255 
RRRRRRR args.seed:  3     args.trial_seed:  3
LRRRRRRR: 0.1
DECAY STEP: 600
env0_in  env0_ou  env1_in  env1_ou  env2_in  env2_ou  epoch    loss     nll      penalty  step     step_ti  train_a  val_acc 
0.10510  0.10463  0.09775  0.10291  0.10240  0.11320  0.00000  2.41851  2.39954  0.01111  0        0.13705  0.10008  0.10806 
0.57835  0.58747  0.99851  1.00000  0.96124  0.94854  11.5486  0.12841  0.11282  0.00669  2000     0.11057  0.97988  0.97427 
RRRRRRR args.seed:  4     args.trial_seed:  4
LRRRRRRR: 0.1
DECAY STEP: 600
env0_in  env0_ou  env1_in  env1_ou  env2_in  env2_ou  epoch    loss     nll      penalty  step     step_ti  train_a  val_acc 
0.10158  0.10548  0.10222  0.08147  0.10529  0.09691  0.00000  2.35296  2.34194  0.00275  0        0.14148  0.10375  0.08919 
0.59879  0.60977  0.99851  0.99828  0.96350  0.95883  11.5486  0.12590  0.11043  0.00654  2000     0.11053  0.98100  0.97855 
RRRRRRR mmd_lambda:     0.10 ib_lambda:     0.00   irm_lambda:     1.00 val acc: 97.55 +- 0.20 test acc: 59.13 +- 1.03
RRRRRRR args.seed:  0     args.trial_seed:  0
LRRRRRRR: 0.1
DECAY STEP: 600
env0_in  env0_ou  env1_in  env1_ou  env2_in  env2_ou  epoch    loss     nll      penalty  step     step_ti  train_a  val_acc 
0.12734  0.11235  0.10190  0.08919  0.10438  0.09605  0.00000  0.21542  2.29882  -0.0002  0        0.14720  0.10314  0.09262 
0.24007  0.23241  0.98357  0.98627  0.91225  0.90823  11.5486  0.05084  0.32277  0.01388  2000     0.11051  0.94791  0.94725 
RRRRRRR args.seed:  1     args.trial_seed:  1
LRRRRRRR: 0.1
DECAY STEP: 600
env0_in  env0_ou  env1_in  env1_ou  env2_in  env2_ou  epoch    loss     nll      penalty  step     step_ti  train_a  val_acc 
0.09784  0.09777  0.09766  0.09176  0.09748  0.09262  0.00000  0.21636  2.28607  -0.0000  0        0.13514  0.09757  0.09219 
0.23926  0.22298  0.98971  0.98970  0.91703  0.90994  11.5486  0.05069  0.30701  0.01522  2000     0.11049  0.95337  0.94982 
RRRRRRR args.seed:  2     args.trial_seed:  2
LRRRRRRR: 0.1
DECAY STEP: 600
env0_in  env0_ou  env1_in  env1_ou  env2_in  env2_ou  epoch    loss     nll      penalty  step     step_ti  train_a  val_acc 
0.10041  0.09948  0.10019  0.10120  0.09933  0.09176  0.00000  0.21772  2.27353  0.00034  0        0.13410  0.09976  0.09648 
0.24246  0.22384  0.98547  0.99056  0.91054  0.90909  11.5486  0.05326  0.32503  0.01623  2000     0.11048  0.94800  0.94982 
RRRRRRR args.seed:  3     args.trial_seed:  3
LRRRRRRR: 0.1
DECAY STEP: 600
env0_in  env0_ou  env1_in  env1_ou  env2_in  env2_ou  epoch    loss     nll      penalty  step     step_ti  train_a  val_acc 
0.10510  0.10463  0.09775  0.10291  0.10240  0.11320  0.00000  0.23609  2.39954  0.01111  0        0.13628  0.10008  0.10806 
0.23024  0.24614  0.99427  0.99485  0.92127  0.90994  11.5486  0.04920  0.30612  0.01372  2000     0.11048  0.95777  0.95240 
RRRRRRR args.seed:  4     args.trial_seed:  4
LRRRRRRR: 0.1
DECAY STEP: 600
env0_in  env0_ou  env1_in  env1_ou  env2_in  env2_ou  epoch    loss     nll      penalty  step     step_ti  train_a  val_acc 
0.10028  0.10291  0.10199  0.08061  0.10520  0.09519  0.00000  0.22367  2.34194  0.00275  0        0.13620  0.10360  0.08790 
0.23673  0.23413  0.99224  0.99571  0.91988  0.92024  11.5486  0.04895  0.31081  0.01294  2000     0.11051  0.95606  0.95797 
RRRRRRR mmd_lambda:     0.10 ib_lambda:     0.00   irm_lambda:    10.00 val acc: 95.15 +- 0.36 test acc: 23.78 +- 0.42
RRRRRRR args.seed:  0     args.trial_seed:  0
LRRRRRRR: 0.1
DECAY STEP: 600
env0_in  env0_ou  env1_in  env1_ou  env2_in  env2_ou  epoch    loss     nll      penalty  step     step_ti  train_a  val_acc 
0.12454  0.10634  0.07294  0.06260  0.07804  0.07718  0.00000  0.02918  2.29882  -0.0002  0        0.13975  0.07549  0.06989 
0.20840  0.20411  0.49754  0.47255  0.47070  0.43053  11.5486  0.02785  1.82975  0.00086  2000     0.11050  0.48412  0.45154 
RRRRRRR args.seed:  1     args.trial_seed:  1
LRRRRRRR: 0.1
DECAY STEP: 600
env0_in  env0_ou  env1_in  env1_ou  env2_in  env2_ou  epoch    loss     nll      penalty  step     step_ti  train_a  val_acc 
0.09784  0.09777  0.09766  0.09176  0.09748  0.09262  0.00000  0.03117  2.28607  -0.0000  0        0.13668  0.09757  0.09219 
0.11015  0.11663  0.77881  0.75814  0.71421  0.68953  11.5486  0.02059  1.93003  -0.0075  2000     0.11053  0.74651  0.72384 
RRRRRRR args.seed:  2     args.trial_seed:  2
LRRRRRRR: 0.1
DECAY STEP: 600
env0_in  env0_ou  env1_in  env1_ou  env2_in  env2_ou  epoch    loss     nll      penalty  step     step_ti  train_a  val_acc 
0.10041  0.09948  0.10019  0.10120  0.09933  0.09176  0.00000  0.03357  2.27353  0.00034  0        0.13414  0.09976  0.09648 
0.16226  0.14322  0.86010  0.85849  0.78810  0.79845  11.5486  -0.0103  1.78678  -0.0373  2000     0.11048  0.82410  0.82847 
RRRRRRR args.seed:  3     args.trial_seed:  3
LRRRRRRR: 0.1
DECAY STEP: 600
env0_in  env0_ou  env1_in  env1_ou  env2_in  env2_ou  epoch    loss     nll      penalty  step     step_ti  train_a  val_acc 
0.10510  0.10463  0.09775  0.10291  0.10240  0.11320  0.00000  0.04261  2.39954  0.01111  0        0.13623  0.10008  0.10806 
0.15793  0.15952  0.87242  0.88679  0.80552  0.79073  11.5486  0.00491  1.81405  -0.0221  2000     0.11047  0.83897  0.83876 
RRRRRRR args.seed:  4     args.trial_seed:  4
LRRRRRRR: 0.1
DECAY STEP: 600
env0_in  env0_ou  env1_in  env1_ou  env2_in  env2_ou  epoch    loss     nll      penalty  step     step_ti  train_a  val_acc 
0.10028  0.10291  0.10199  0.08061  0.10520  0.09519  0.00000  0.03418  2.34194  0.00275  0        0.14027  0.10360  0.08790 
0.17223  0.18181  0.88934  0.88336  0.81720  0.81818  11.5486  -0.0032  1.80317  -0.0303  2000     0.11057  0.85327  0.85077 
RRRRRRR mmd_lambda:     0.10 ib_lambda:     0.00   irm_lambda:   100.00 val acc: 73.87 +- 15.05 test acc: 16.22 +- 3.15
RRRRRRR args.seed:  0     args.trial_seed:  0
LRRRRRRR: 0.1
DECAY STEP: 600
env0_in  env0_ou  env1_in  env1_ou  env2_in  env2_ou  epoch    loss     nll      penalty  step     step_ti  train_a  val_acc 
0.12382  0.10634  0.06636  0.05488  0.07272  0.07118  0.00000  0.00872  2.29882  -0.0002  0        0.13653  0.06954  0.06303 
0.11697  0.09948  0.29625  0.28387  0.28086  0.25986  11.5486  0.01123  2.21865  0.00013  2000     0.11057  0.28856  0.27187 
RRRRRRR args.seed:  1     args.trial_seed:  1
LRRRRRRR: 0.1
DECAY STEP: 600
env0_in  env0_ou  env1_in  env1_ou  env2_in  env2_ou  epoch    loss     nll      penalty  step     step_ti  train_a  val_acc 
0.09784  0.09777  0.09766  0.09176  0.09748  0.09262  0.00000  0.01081  2.28607  -0.0000  0        0.13620  0.09757  0.09219 
0.16203  0.16723  0.88049  0.88936  0.80322  0.80360  11.5486  -0.0076  2.00129  -0.0185  2000     0.11051  0.84186  0.84648 
RRRRRRR args.seed:  2     args.trial_seed:  2
LRRRRRRR: 0.1
DECAY STEP: 600
env0_in  env0_ou  env1_in  env1_ou  env2_in  env2_ou  epoch    loss     nll      penalty  step     step_ti  train_a  val_acc 
0.10041  0.09948  0.10019  0.10120  0.09933  0.09176  0.00000  0.01333  2.27353  0.00034  0        0.13625  0.09976  0.09648 
0.15590  0.13379  0.87531  0.87049  0.80218  0.81132  11.5486  -0.0322  1.91219  -0.0431  2000     0.11050  0.83874  0.84090 
RRRRRRR args.seed:  3     args.trial_seed:  3
LRRRRRRR: 0.1
DECAY STEP: 600
env0_in  env0_ou  env1_in  env1_ou  env2_in  env2_ou  epoch    loss     nll      penalty  step     step_ti  train_a  val_acc 
0.10510  0.10463  0.09775  0.10291  0.10240  0.11320  0.00000  0.02135  2.39954  0.01111  0        0.13773  0.10008  0.10806 
0.17114  0.16895  0.69802  0.71012  0.65069  0.65180  11.5486  0.00657  2.17122  -0.0044  2000     0.11047  0.67435  0.68096 
RRRRRRR args.seed:  4     args.trial_seed:  4
LRRRRRRR: 0.1
DECAY STEP: 600
env0_in  env0_ou  env1_in  env1_ou  env2_in  env2_ou  epoch    loss     nll      penalty  step     step_ti  train_a  val_acc 
0.10028  0.10291  0.10199  0.08061  0.10520  0.09519  0.00000  0.01336  2.34194  0.00275  0        0.13607  0.10360  0.08790 
0.15829  0.16723  0.89538  0.88679  0.81968  0.82504  11.5486  -0.0155  1.90214  -0.0263  2000     0.11046  0.85753  0.85591 
RRRRRRR mmd_lambda:     0.10 ib_lambda:     0.00   irm_lambda:  1000.00 val acc: 69.92 +- 22.33 test acc: 15.29 +- 1.87
RRRRRRR args.seed:  0     args.trial_seed:  0
LRRRRRRR: 0.1
DECAY STEP: 600
env0_in  env0_ou  env1_in  env1_ou  env2_in  env2_ou  epoch    loss     nll      penalty  step     step_ti  train_a  val_acc 
0.11539  0.10291  0.11756  0.11921  0.11923  0.11149  0.00000  2.36523  2.29882  -0.0002  0        0.13974  0.11839  0.11535 
0.62869  0.61492  0.99878  0.99914  0.96679  0.95969  11.5486  0.19319  0.10361  0.00755  2000     0.11042  0.98279  0.97941 
RRRRRRR args.seed:  1     args.trial_seed:  1
LRRRRRRR: 0.1
DECAY STEP: 600
env0_in  env0_ou  env1_in  env1_ou  env2_in  env2_ou  epoch    loss     nll      penalty  step     step_ti  train_a  val_acc 
0.09784  0.09777  0.09766  0.09176  0.09748  0.09262  0.00000  2.37193  2.28607  -0.0000  0        0.13418  0.09757  0.09219 
0.61097  0.60205  0.99869  0.99828  0.96517  0.95969  11.5486  0.19615  0.10599  0.00805  2000     0.11050  0.98193  0.97898 
RRRRRRR args.seed:  2     args.trial_seed:  2
LRRRRRRR: 0.1
DECAY STEP: 600
env0_in  env0_ou  env1_in  env1_ou  env2_in  env2_ou  epoch    loss     nll      penalty  step     step_ti  train_a  val_acc 
0.10023  0.09777  0.10019  0.10120  0.09942  0.09348  0.00000  2.38085  2.27353  0.00034  0        0.13638  0.09981  0.09734 
0.58886  0.56260  0.99900  0.99742  0.96061  0.95111  11.5486  0.20431  0.11390  0.00818  2000     0.11058  0.97981  0.97427 
RRRRRRR args.seed:  3     args.trial_seed:  3
LRRRRRRR: 0.1
DECAY STEP: 600
env0_in  env0_ou  env1_in  env1_ou  env2_in  env2_ou  epoch    loss     nll      penalty  step     step_ti  train_a  val_acc 
0.10510  0.10463  0.09775  0.10291  0.10240  0.11320  0.00000  2.47919  2.39954  0.01111  0        0.13606  0.10008  0.10806 
0.59080  0.59862  0.99869  1.00000  0.96350  0.94768  11.5486  0.19790  0.10818  0.00785  2000     0.11053  0.98109  0.97384 
RRRRRRR args.seed:  4     args.trial_seed:  4
LRRRRRRR: 0.1
DECAY STEP: 600
env0_in  env0_ou  env1_in  env1_ou  env2_in  env2_ou  epoch    loss     nll      penalty  step     step_ti  train_a  val_acc 
0.10068  0.10377  0.10204  0.08061  0.10524  0.09519  0.00000  2.42495  2.34194  0.00275  0        0.14028  0.10364  0.08790 
0.60294  0.60891  0.99837  0.99828  0.96463  0.95969  11.5486  0.19779  0.10773  0.00784  2000     0.11052  0.98150  0.97898 
RRRRRRR mmd_lambda:     1.00 ib_lambda:     0.00   irm_lambda:     0.10 val acc: 97.71 +- 0.25 test acc: 60.45 +- 1.46
RRRRRRR args.seed:  0     args.trial_seed:  0
LRRRRRRR: 0.1
DECAY STEP: 600
env0_in  env0_ou  env1_in  env1_ou  env2_in  env2_ou  epoch    loss     nll      penalty  step     step_ti  train_a  val_acc 
0.11566  0.10291  0.11977  0.12006  0.12126  0.11149  0.00000  2.36503  2.29882  -0.0002  0        0.13635  0.12051  0.11578 
0.59396  0.57547  0.99864  0.99914  0.96255  0.95368  11.5486  0.20786  0.11252  0.00650  2000     0.11050  0.98060  0.97641 
RRRRRRR args.seed:  1     args.trial_seed:  1
LRRRRRRR: 0.1
DECAY STEP: 600
env0_in  env0_ou  env1_in  env1_ou  env2_in  env2_ou  epoch    loss     nll      penalty  step     step_ti  train_a  val_acc 
0.09784  0.09777  0.09766  0.09176  0.09748  0.09262  0.00000  2.37188  2.28607  -0.0000  0        0.13744  0.09757  0.09219 
0.57479  0.56089  0.99873  0.99742  0.96084  0.95540  11.5486  0.21163  0.11526  0.00701  2000     0.11052  0.97979  0.97641 
RRRRRRR args.seed:  2     args.trial_seed:  2
LRRRRRRR: 0.1
DECAY STEP: 600
env0_in  env0_ou  env1_in  env1_ou  env2_in  env2_ou  epoch    loss     nll      penalty  step     step_ti  train_a  val_acc 
0.10032  0.09777  0.10019  0.10120  0.09942  0.09348  0.00000  2.38115  2.27353  0.00034  0        0.13582  0.09981  0.09734 
0.62373  0.59605  0.99891  0.99656  0.96318  0.95197  11.5486  0.20737  0.11115  0.00663  2000     0.11054  0.98105  0.97427 
RRRRRRR args.seed:  3     args.trial_seed:  3
LRRRRRRR: 0.1
DECAY STEP: 600
env0_in  env0_ou  env1_in  env1_ou  env2_in  env2_ou  epoch    loss     nll      penalty  step     step_ti  train_a  val_acc 
0.10510  0.10463  0.09775  0.10291  0.10240  0.11320  0.00000  2.48919  2.39954  0.01111  0        0.13694  0.10008  0.10806 
0.60402  0.60634  0.99864  1.00000  0.96458  0.94940  11.5486  0.20411  0.10865  0.00653  2000     0.11059  0.98161  0.97470 
RRRRRRR args.seed:  4     args.trial_seed:  4
LRRRRRRR: 0.1
DECAY STEP: 600
env0_in  env0_ou  env1_in  env1_ou  env2_in  env2_ou  epoch    loss     nll      penalty  step     step_ti  train_a  val_acc 
0.10158  0.10548  0.10222  0.08147  0.10529  0.09691  0.00000  2.42743  2.34194  0.00275  0        0.13696  0.10375  0.08919 
0.59572  0.60720  0.99819  0.99742  0.96336  0.96226  11.5486  0.20621  0.11041  0.00652  2000     0.11064  0.98078  0.97984 
RRRRRRR mmd_lambda:     1.00 ib_lambda:     0.00   irm_lambda:     1.00 val acc: 97.63 +- 0.20 test acc: 59.84 +- 1.59
RRRRRRR args.seed:  0     args.trial_seed:  0
LRRRRRRR: 0.1
DECAY STEP: 600
env0_in  env0_ou  env1_in  env1_ou  env2_in  env2_ou  epoch    loss     nll      penalty  step     step_ti  train_a  val_acc 
0.12734  0.11235  0.10190  0.08919  0.10438  0.09605  0.00000  0.27521  2.29882  -0.0002  0        0.13644  0.10314  0.09262 
0.23285  0.22727  0.98619  0.98627  0.91334  0.90737  11.5486  0.13034  0.31808  0.01385  2000     0.11054  0.94976  0.94682 
RRRRRRR args.seed:  1     args.trial_seed:  1
LRRRRRRR: 0.1
DECAY STEP: 600
env0_in  env0_ou  env1_in  env1_ou  env2_in  env2_ou  epoch    loss     nll      penalty  step     step_ti  train_a  val_acc 
0.09784  0.09777  0.09766  0.09176  0.09748  0.09262  0.00000  0.29364  2.28607  -0.0000  0        0.13619  0.09757  0.09219 
0.23791  0.21440  0.98903  0.98970  0.91658  0.90994  11.5486  0.13088  0.30534  0.01514  2000     0.11052  0.95281  0.94982 
RRRRRRR args.seed:  2     args.trial_seed:  2
LRRRRRRR: 0.1
DECAY STEP: 600
env0_in  env0_ou  env1_in  env1_ou  env2_in  env2_ou  epoch    loss     nll      penalty  step     step_ti  train_a  val_acc 
0.10041  0.09948  0.10019  0.10120  0.09933  0.09176  0.00000  0.31427  2.27353  0.00034  0        0.13704  0.09976  0.09648 
0.24377  0.22984  0.98705  0.99228  0.91212  0.91080  11.5486  0.13272  0.31491  0.01595  2000     0.11055  0.94958  0.95154 
RRRRRRR args.seed:  3     args.trial_seed:  3
LRRRRRRR: 0.1
DECAY STEP: 600
env0_in  env0_ou  env1_in  env1_ou  env2_in  env2_ou  epoch    loss     nll      penalty  step     step_ti  train_a  val_acc 
0.10510  0.10463  0.09775  0.10291  0.10240  0.11320  0.00000  0.30677  2.39954  0.01111  0        0.13577  0.10008  0.10806 
0.23263  0.24528  0.99377  0.99399  0.92127  0.90737  11.5486  0.12972  0.30964  0.01390  2000     0.11061  0.95752  0.95068 
RRRRRRR args.seed:  4     args.trial_seed:  4
LRRRRRRR: 0.1
DECAY STEP: 600
env0_in  env0_ou  env1_in  env1_ou  env2_in  env2_ou  epoch    loss     nll      penalty  step     step_ti  train_a  val_acc 
0.10028  0.10291  0.10199  0.08061  0.10520  0.09519  0.00000  0.29814  2.34194  0.00275  0        0.13772  0.10360  0.08790 
0.23588  0.22984  0.99003  0.99313  0.91758  0.91681  11.5486  0.12949  0.31405  0.01283  2000     0.11062  0.95380  0.95497 
RRRRRRR mmd_lambda:     1.00 ib_lambda:     0.00   irm_lambda:    10.00 val acc: 95.08 +- 0.26 test acc: 23.66 +- 0.41
RRRRRRR args.seed:  0     args.trial_seed:  0
LRRRRRRR: 0.1
DECAY STEP: 600
env0_in  env0_ou  env1_in  env1_ou  env2_in  env2_ou  epoch    loss     nll      penalty  step     step_ti  train_a  val_acc 
0.12454  0.10634  0.07294  0.06260  0.07804  0.07718  0.00000  0.08897  2.29882  -0.0002  0        0.13632  0.07549  0.06989 
0.21129  0.20411  0.49596  0.46912  0.46952  0.43224  11.5486  0.10781  1.83238  0.00084  2000     0.11059  0.48274  0.45068 
RRRRRRR args.seed:  1     args.trial_seed:  1
LRRRRRRR: 0.1
DECAY STEP: 600
env0_in  env0_ou  env1_in  env1_ou  env2_in  env2_ou  epoch    loss     nll      penalty  step     step_ti  train_a  val_acc 
0.09784  0.09777  0.09766  0.09176  0.09748  0.09262  0.00000  0.10845  2.28607  -0.0000  0        0.13691  0.09757  0.09219 
0.10217  0.11149  0.79000  0.76758  0.72404  0.69811  11.5486  0.09755  1.89459  -0.0106  2000     0.11062  0.75702  0.73284 
RRRRRRR args.seed:  2     args.trial_seed:  2
LRRRRRRR: 0.1
DECAY STEP: 600
env0_in  env0_ou  env1_in  env1_ou  env2_in  env2_ou  epoch    loss     nll      penalty  step     step_ti  train_a  val_acc 
0.10041  0.09948  0.10019  0.10120  0.09933  0.09176  0.00000  0.13013  2.27353  0.00034  0        0.13653  0.09976  0.09648 
0.15829  0.13550  0.86570  0.86020  0.79410  0.80874  11.5486  0.05975  1.80352  -0.0481  2000     0.11058  0.82990  0.83447 
RRRRRRR args.seed:  3     args.trial_seed:  3
LRRRRRRR: 0.1
DECAY STEP: 600
env0_in  env0_ou  env1_in  env1_ou  env2_in  env2_ou  epoch    loss     nll      penalty  step     step_ti  train_a  val_acc 
0.10510  0.10463  0.09775  0.10291  0.10240  0.11320  0.00000  0.11329  2.39954  0.01111  0        0.13697  0.10008  0.10806 
0.15932  0.16123  0.86520  0.88336  0.80019  0.78816  11.5486  0.08354  1.82597  -0.0237  2000     0.11058  0.83270  0.83576 
RRRRRRR args.seed:  4     args.trial_seed:  4
LRRRRRRR: 0.1
DECAY STEP: 600
env0_in  env0_ou  env1_in  env1_ou  env2_in  env2_ou  epoch    loss     nll      penalty  step     step_ti  train_a  val_acc 
0.10028  0.10291  0.10199  0.08061  0.10520  0.09519  0.00000  0.10865  2.34194  0.00275  0        0.13611  0.10360  0.08790 
0.17114  0.17924  0.89155  0.88422  0.81837  0.82247  11.5486  0.07327  1.81648  -0.0343  2000     0.11059  0.85496  0.85334 
RRRRRRR mmd_lambda:     1.00 ib_lambda:     0.00   irm_lambda:   100.00 val acc: 74.14 +- 15.15 test acc: 16.04 +- 3.49
RRRRRRR args.seed:  0     args.trial_seed:  0
LRRRRRRR: 0.1
DECAY STEP: 600
env0_in  env0_ou  env1_in  env1_ou  env2_in  env2_ou  epoch    loss     nll      penalty  step     step_ti  train_a  val_acc 
0.12382  0.10634  0.06636  0.05488  0.07272  0.07118  0.00000  0.06850  2.29882  -0.0002  0        0.13628  0.06954  0.06303 
0.11733  0.10634  0.29304  0.28216  0.27716  0.25471  11.5486  0.09121  2.21938  0.00016  2000     0.11058  0.28510  0.26843 
RRRRRRR args.seed:  1     args.trial_seed:  1
LRRRRRRR: 0.1
DECAY STEP: 600
env0_in  env0_ou  env1_in  env1_ou  env2_in  env2_ou  epoch    loss     nll      penalty  step     step_ti  train_a  val_acc 
0.09784  0.09777  0.09766  0.09176  0.09748  0.09262  0.00000  0.08809  2.28607  -0.0000  0        0.13619  0.09757  0.09219 
0.16284  0.16809  0.87896  0.88850  0.80286  0.80102  11.5486  0.07553  2.02429  -0.0158  2000     0.11058  0.84091  0.84476 
RRRRRRR args.seed:  2     args.trial_seed:  2
LRRRRRRR: 0.1
DECAY STEP: 600
env0_in  env0_ou  env1_in  env1_ou  env2_in  env2_ou  epoch    loss     nll      penalty  step     step_ti  train_a  val_acc 
0.10041  0.09948  0.10019  0.10120  0.09933  0.09176  0.00000  0.10989  2.27353  0.00034  0        0.13622  0.09976  0.09648 
0.15202  0.13293  0.87675  0.87221  0.80299  0.80960  11.5486  0.05039  1.91203  -0.0411  2000     0.11057  0.83987  0.84090 
RRRRRRR args.seed:  3     args.trial_seed:  3
LRRRRRRR: 0.1
DECAY STEP: 600
env0_in  env0_ou  env1_in  env1_ou  env2_in  env2_ou  epoch    loss     nll      penalty  step     step_ti  train_a  val_acc 
0.10510  0.10463  0.09775  0.10291  0.10240  0.11320  0.00000  0.09203  2.39954  0.01111  0        0.14005  0.10008  0.10806 
0.15964  0.13550  0.60978  0.61235  0.57012  0.58061  11.5486  0.08923  2.19410  -0.0018  2000     0.11064  0.58995  0.59648 
RRRRRRR args.seed:  4     args.trial_seed:  4
LRRRRRRR: 0.1
DECAY STEP: 600
env0_in  env0_ou  env1_in  env1_ou  env2_in  env2_ou  epoch    loss     nll      penalty  step     step_ti  train_a  val_acc 
0.10028  0.10291  0.10199  0.08061  0.10520  0.09519  0.00000  0.08782  2.34194  0.00275  0        0.13627  0.10360  0.08790 
0.16839  0.17324  0.89191  0.88507  0.81752  0.82504  11.5486  0.06052  1.89747  -0.0306  2000     0.11051  0.85471  0.85506 
RRRRRRR mmd_lambda:     1.00 ib_lambda:     0.00   irm_lambda:  1000.00 val acc: 68.11 +- 22.81 test acc: 15.20 +- 1.81
RRRRRRR args.seed:  0     args.trial_seed:  0
LRRRRRRR: 0.1
DECAY STEP: 600
env0_in  env0_ou  env1_in  env1_ou  env2_in  env2_ou  epoch    loss     nll      penalty  step     step_ti  train_a  val_acc 
0.11539  0.10291  0.11756  0.11921  0.11923  0.11149  0.00000  2.96306  2.29882  -0.0002  0        0.13644  0.11839  0.11535 
0.64516  0.62864  0.99869  0.99914  0.96887  0.95969  11.5486  0.99001  0.10094  0.00754  2000     0.11055  0.98378  0.97941 
RRRRRRR args.seed:  1     args.trial_seed:  1
LRRRRRRR: 0.1
DECAY STEP: 600
env0_in  env0_ou  env1_in  env1_ou  env2_in  env2_ou  epoch    loss     nll      penalty  step     step_ti  train_a  val_acc 
0.09784  0.09777  0.09766  0.09176  0.09748  0.09262  0.00000  3.14473  2.28607  -0.0000  0        0.13655  0.09757  0.09219 
0.60555  0.59434  0.99878  0.99828  0.96445  0.95711  11.5486  1.00132  0.10695  0.00810  2000     0.11051  0.98161  0.97770 
RRRRRRR args.seed:  2     args.trial_seed:  2
LRRRRRRR: 0.1
DECAY STEP: 600
env0_in  env0_ou  env1_in  env1_ou  env2_in  env2_ou  epoch    loss     nll      penalty  step     step_ti  train_a  val_acc 
0.10023  0.09777  0.10019  0.10120  0.09942  0.09348  0.00000  3.34641  2.27353  0.00034  0        0.13687  0.09981  0.09734 
0.59748  0.56861  0.99882  0.99828  0.96097  0.94854  11.5486  1.00907  0.11241  0.00802  2000     0.11053  0.97990  0.97341 
RRRRRRR args.seed:  3     args.trial_seed:  3
LRRRRRRR: 0.1
DECAY STEP: 600
env0_in  env0_ou  env1_in  env1_ou  env2_in  env2_ou  epoch    loss     nll      penalty  step     step_ti  train_a  val_acc 
0.10510  0.10463  0.09775  0.10291  0.10240  0.11320  0.00000  3.18600  2.39954  0.01111  0        0.13592  0.10008  0.10806 
0.58376  0.59948  0.99887  1.00000  0.96255  0.94768  11.5486  0.99929  0.10917  0.00795  2000     0.11053  0.98071  0.97384 
RRRRRRR args.seed:  4     args.trial_seed:  4
LRRRRRRR: 0.1
DECAY STEP: 600
env0_in  env0_ou  env1_in  env1_ou  env2_in  env2_ou  epoch    loss     nll      penalty  step     step_ti  train_a  val_acc 
0.10068  0.10377  0.10204  0.08061  0.10524  0.09519  0.00000  3.16963  2.34194  0.00275  0        0.13628  0.10364  0.08790 
0.60167  0.60205  0.99846  0.99914  0.96445  0.96140  11.5486  1.00186  0.10837  0.00793  2000     0.11049  0.98145  0.98027 
RRRRRRR mmd_lambda:    10.00 ib_lambda:     0.00   irm_lambda:     0.10 val acc: 97.69 +- 0.28 test acc: 60.67 +- 2.06
RRRRRRR args.seed:  0     args.trial_seed:  0
LRRRRRRR: 0.1
DECAY STEP: 600
env0_in  env0_ou  env1_in  env1_ou  env2_in  env2_ou  epoch    loss     nll      penalty  step     step_ti  train_a  val_acc 
0.11566  0.10291  0.11977  0.12006  0.12126  0.11149  0.00000  2.96287  2.29882  -0.0002  0        0.13646  0.12051  0.11578 
0.59933  0.57890  0.99869  0.99828  0.96273  0.95454  11.5486  1.00643  0.11163  0.00648  2000     0.11052  0.98071  0.97641 
RRRRRRR args.seed:  1     args.trial_seed:  1
LRRRRRRR: 0.1
DECAY STEP: 600
env0_in  env0_ou  env1_in  env1_ou  env2_in  env2_ou  epoch    loss     nll      penalty  step     step_ti  train_a  val_acc 
0.09784  0.09777  0.09766  0.09176  0.09748  0.09262  0.00000  3.14468  2.28607  -0.0000  0        0.13662  0.09757  0.09219 
0.57804  0.56432  0.99878  0.99742  0.96097  0.95368  11.5486  1.01473  0.11420  0.00697  2000     0.11048  0.97988  0.97555 
RRRRRRR args.seed:  2     args.trial_seed:  2
LRRRRRRR: 0.1
DECAY STEP: 600
env0_in  env0_ou  env1_in  env1_ou  env2_in  env2_ou  epoch    loss     nll      penalty  step     step_ti  train_a  val_acc 
0.10032  0.09777  0.10019  0.10120  0.09942  0.09348  0.00000  3.34671  2.27353  0.00034  0        0.13645  0.09981  0.09734 
0.58886  0.56518  0.99905  0.99656  0.95985  0.94940  11.5486  1.01922  0.11650  0.00686  2000     0.11051  0.97945  0.97298 
RRRRRRR args.seed:  3     args.trial_seed:  3
LRRRRRRR: 0.1
DECAY STEP: 600
env0_in  env0_ou  env1_in  env1_ou  env2_in  env2_ou  epoch    loss     nll      penalty  step     step_ti  train_a  val_acc 
0.10510  0.10463  0.09775  0.10291  0.10240  0.11320  0.00000  3.19600  2.39954  0.01111  0        0.13609  0.10008  0.10806 
0.58115  0.58061  0.99864  1.00000  0.96179  0.95025  11.5486  1.00768  0.11174  0.00660  2000     0.11057  0.98021  0.97512 
RRRRRRR args.seed:  4     args.trial_seed:  4
LRRRRRRR: 0.1
DECAY STEP: 600
env0_in  env0_ou  env1_in  env1_ou  env2_in  env2_ou  epoch    loss     nll      penalty  step     step_ti  train_a  val_acc 
0.10158  0.10548  0.10222  0.08147  0.10529  0.09691  0.00000  3.17211  2.34194  0.00275  0        0.14019  0.10375  0.08919 
0.59351  0.59605  0.99837  0.99828  0.96296  0.95711  11.5486  1.00979  0.11050  0.00658  2000     0.11058  0.98066  0.97770 
RRRRRRR mmd_lambda:    10.00 ib_lambda:     0.00   irm_lambda:     1.00 val acc: 97.56 +- 0.16 test acc: 58.82 +- 0.78
RRRRRRR args.seed:  0     args.trial_seed:  0
LRRRRRRR: 0.1
DECAY STEP: 600
env0_in  env0_ou  env1_in  env1_ou  env2_in  env2_ou  epoch    loss     nll      penalty  step     step_ti  train_a  val_acc 
0.12734  0.11235  0.10190  0.08919  0.10438  0.09605  0.00000  0.87304  2.29882  -0.0002  0        0.13504  0.10314  0.09262 
0.24215  0.23156  0.98840  0.99056  0.91559  0.91080  11.5486  0.92922  0.31358  0.01363  2000     0.11054  0.95200  0.95068 
RRRRRRR args.seed:  1     args.trial_seed:  1
LRRRRRRR: 0.1
DECAY STEP: 600
env0_in  env0_ou  env1_in  env1_ou  env2_in  env2_ou  epoch    loss     nll      penalty  step     step_ti  train_a  val_acc 
0.09784  0.09777  0.09766  0.09176  0.09748  0.09262  0.00000  1.06644  2.28607  -0.0000  0        0.14017  0.09757  0.09219 
0.23691  0.20754  0.98818  0.98970  0.91500  0.90737  11.5486  0.93552  0.30847  0.01530  2000     0.11058  0.95159  0.94854 
RRRRRRR args.seed:  2     args.trial_seed:  2
LRRRRRRR: 0.1
DECAY STEP: 600
env0_in  env0_ou  env1_in  env1_ou  env2_in  env2_ou  epoch    loss     nll      penalty  step     step_ti  train_a  val_acc 
0.10041  0.09948  0.10019  0.10120  0.09933  0.09176  0.00000  1.27984  2.27353  0.00034  0        0.13673  0.09976  0.09648 
0.24264  0.23070  0.99188  0.99485  0.91627  0.91595  11.5486  0.93824  0.31095  0.01552  2000     0.11056  0.95407  0.95540 
RRRRRRR args.seed:  3     args.trial_seed:  3
LRRRRRRR: 0.1
DECAY STEP: 600
env0_in  env0_ou  env1_in  env1_ou  env2_in  env2_ou  epoch    loss     nll      penalty  step     step_ti  train_a  val_acc 
0.10510  0.10463  0.09775  0.10291  0.10240  0.11320  0.00000  1.01358  2.39954  0.01111  0        0.13759  0.10008  0.10806 
0.23394  0.24871  0.99458  0.99485  0.92195  0.90994  11.5486  0.92976  0.30700  0.01376  2000     0.11056  0.95827  0.95240 
RRRRRRR args.seed:  4     args.trial_seed:  4
LRRRRRRR: 0.1
DECAY STEP: 600
env0_in  env0_ou  env1_in  env1_ou  env2_in  env2_ou  epoch    loss     nll      penalty  step     step_ti  train_a  val_acc 
0.10028  0.10291  0.10199  0.08061  0.10520  0.09519  0.00000  1.04282  2.34194  0.00275  0        0.13659  0.10360  0.08790 
0.23813  0.23928  0.98863  0.99142  0.91753  0.91509  11.5486  0.93304  0.31479  0.01289  2000     0.11056  0.95308  0.95325 
RRRRRRR mmd_lambda:    10.00 ib_lambda:     0.00   irm_lambda:    10.00 val acc: 95.21 +- 0.23 test acc: 23.88 +- 0.33
RRRRRRR args.seed:  0     args.trial_seed:  0
LRRRRRRR: 0.1
DECAY STEP: 600
env0_in  env0_ou  env1_in  env1_ou  env2_in  env2_ou  epoch    loss     nll      penalty  step     step_ti  train_a  val_acc 
0.12454  0.10634  0.07276  0.06260  0.07786  0.07718  0.00000  0.68680  2.29882  -0.0002  0        0.13682  0.07531  0.06989 
0.20701  0.20325  0.49429  0.46912  0.46790  0.43138  11.5486  0.90722  1.82631  0.00083  2000     0.11058  0.48109  0.45025 
RRRRRRR args.seed:  1     args.trial_seed:  1
LRRRRRRR: 0.1
DECAY STEP: 600
env0_in  env0_ou  env1_in  env1_ou  env2_in  env2_ou  epoch    loss     nll      penalty  step     step_ti  train_a  val_acc 
0.09784  0.09777  0.09766  0.09176  0.09748  0.09262  0.00000  0.88125  2.28607  -0.0000  0        0.13672  0.09757  0.09219 
0.11967  0.13722  0.58113  0.56603  0.53408  0.52572  11.5486  0.90970  1.96687  -0.0033  2000     0.11056  0.55760  0.54588 
RRRRRRR args.seed:  2     args.trial_seed:  2
LRRRRRRR: 0.1
DECAY STEP: 600
env0_in  env0_ou  env1_in  env1_ou  env2_in  env2_ou  epoch    loss     nll      penalty  step     step_ti  train_a  val_acc 
0.10041  0.09948  0.10019  0.10120  0.09933  0.09176  0.00000  1.09569  2.27353  0.00034  0        0.13693  0.09976  0.09648 
0.15184  0.13207  0.85478  0.84991  0.78296  0.78988  11.5486  0.86807  1.79304  -0.0459  2000     0.11058  0.81887  0.81989 
RRRRRRR args.seed:  3     args.trial_seed:  3
LRRRRRRR: 0.1
DECAY STEP: 600
env0_in  env0_ou  env1_in  env1_ou  env2_in  env2_ou  epoch    loss     nll      penalty  step     step_ti  train_a  val_acc 
0.10510  0.10463  0.09775  0.10291  0.10240  0.11320  0.00000  0.82010  2.39954  0.01111  0        0.13701  0.10008  0.10806 
0.15066  0.15094  0.87310  0.89108  0.80394  0.79159  11.5486  0.88060  1.83480  -0.0271  2000     0.11055  0.83852  0.84133 
RRRRRRR args.seed:  4     args.trial_seed:  4
LRRRRRRR: 0.1
DECAY STEP: 600
env0_in  env0_ou  env1_in  env1_ou  env2_in  env2_ou  epoch    loss     nll      penalty  step     step_ti  train_a  val_acc 
0.10028  0.10291  0.10199  0.08061  0.10520  0.09519  0.00000  0.85332  2.34194  0.00275  0        0.13681  0.10360  0.08790 
0.16898  0.17324  0.88365  0.87821  0.81242  0.81475  11.5486  0.88300  1.81809  -0.0279  2000     0.11055  0.84804  0.84648 
RRRRRRR mmd_lambda:    10.00 ib_lambda:     0.00   irm_lambda:   100.00 val acc: 70.08 +- 16.85 test acc: 15.96 +- 2.85
RRRRRRR args.seed:  0     args.trial_seed:  0
LRRRRRRR: 0.1
DECAY STEP: 600
env0_in  env0_ou  env1_in  env1_ou  env2_in  env2_ou  epoch    loss     nll      penalty  step     step_ti  train_a  val_acc 
0.12382  0.10634  0.06617  0.05488  0.07267  0.07118  0.00000  0.66634  2.29882  -0.0002  0        0.13662  0.06942  0.06303 
0.11877  0.10806  0.28962  0.28044  0.27423  0.25128  11.5486  0.89067  2.22393  0.00016  2000     0.11057  0.28192  0.26586 
RRRRRRR args.seed:  1     args.trial_seed:  1
LRRRRRRR: 0.1
DECAY STEP: 600
env0_in  env0_ou  env1_in  env1_ou  env2_in  env2_ou  epoch    loss     nll      penalty  step     step_ti  train_a  val_acc 
0.09784  0.09777  0.09766  0.09176  0.09748  0.09262  0.00000  0.86089  2.28607  -0.0000  0        0.13643  0.09757  0.09219 
0.16104  0.16466  0.87955  0.88765  0.80326  0.80017  11.5486  0.87849  2.01683  -0.0170  2000     0.11057  0.84140  0.84391 
RRRRRRR args.seed:  2     args.trial_seed:  2
LRRRRRRR: 0.1
DECAY STEP: 600
env0_in  env0_ou  env1_in  env1_ou  env2_in  env2_ou  epoch    loss     nll      penalty  step     step_ti  train_a  val_acc 
0.10041  0.09948  0.10019  0.10120  0.09933  0.09176  0.00000  1.07545  2.27353  0.00034  0        0.14020  0.09976  0.09648 
0.15648  0.13807  0.87319  0.86792  0.80033  0.80960  11.5486  0.86415  1.92473  -0.0336  2000     0.11054  0.83676  0.83876 
RRRRRRR args.seed:  3     args.trial_seed:  3
LRRRRRRR: 0.1
DECAY STEP: 600
env0_in  env0_ou  env1_in  env1_ou  env2_in  env2_ou  epoch    loss     nll      penalty  step     step_ti  train_a  val_acc 
0.10510  0.10463  0.09775  0.10291  0.10240  0.11320  0.00000  0.79884  2.39954  0.01111  0        0.13470  0.10008  0.10806 
0.16591  0.16123  0.75269  0.75643  0.69373  0.69639  11.5486  0.88585  2.16108  -0.0056  2000     0.11047  0.72321  0.72641 
RRRRRRR args.seed:  4     args.trial_seed:  4
LRRRRRRR: 0.1
DECAY STEP: 600
env0_in  env0_ou  env1_in  env1_ou  env2_in  env2_ou  epoch    loss     nll      penalty  step     step_ti  train_a  val_acc 
0.10028  0.10291  0.10199  0.08061  0.10520  0.09519  0.00000  0.83250  2.34194  0.00275  0        0.13570  0.10360  0.08790 
0.16541  0.17238  0.89326  0.88507  0.81986  0.82761  11.5486  0.86366  1.88820  -0.0309  2000     0.11057  0.85656  0.85634 
RRRRRRR mmd_lambda:    10.00 ib_lambda:     0.00   irm_lambda:  1000.00 val acc: 70.63 +- 22.51 test acc: 15.35 +- 1.77
RRRRRRR args.seed:  0     args.trial_seed:  0
LRRRRRRR: 0.1
DECAY STEP: 600
env0_in  env0_ou  env1_in  env1_ou  env2_in  env2_ou  epoch    loss     nll      penalty  step     step_ti  train_a  val_acc 
0.11539  0.10291  0.11756  0.11921  0.11918  0.11063  0.00000  8.94142  2.29882  -0.0002  0        0.13694  0.11837  0.11492 
0.63681  0.62178  0.99878  0.99914  0.96756  0.95883  11.5486  8.98599  0.10214  0.00764  2000     0.11054  0.98317  0.97898 
RRRRRRR args.seed:  1     args.trial_seed:  1
LRRRRRRR: 0.1
DECAY STEP: 600
env0_in  env0_ou  env1_in  env1_ou  env2_in  env2_ou  epoch    loss     nll      penalty  step     step_ti  train_a  val_acc 
0.09784  0.09777  0.09766  0.09176  0.09748  0.09262  0.00000  10.8727  2.28607  -0.0000  0        0.13810  0.09757  0.09219 
0.60632  0.59862  0.99891  0.99742  0.96463  0.95626  11.5486  9.04327  0.10692  0.00818  2000     0.11059  0.98177  0.97684 
RRRRRRR args.seed:  2     args.trial_seed:  2
LRRRRRRR: 0.1
DECAY STEP: 600
env0_in  env0_ou  env1_in  env1_ou  env2_in  env2_ou  epoch    loss     nll      penalty  step     step_ti  train_a  val_acc 
0.10023  0.09777  0.10019  0.10120  0.09942  0.09348  0.00000  13.0020  2.27353  0.00034  0        0.13692  0.09981  0.09734 
0.60199  0.57375  0.99882  0.99914  0.96174  0.95283  11.5486  9.07082  0.11149  0.00795  2000     0.11053  0.98028  0.97598 
RRRRRRR args.seed:  3     args.trial_seed:  3
LRRRRRRR: 0.1
DECAY STEP: 600
env0_in  env0_ou  env1_in  env1_ou  env2_in  env2_ou  epoch    loss     nll      penalty  step     step_ti  train_a  val_acc 
0.10510  0.10463  0.09775  0.10291  0.10240  0.11320  0.00000  10.2541  2.39954  0.01111  0        0.13573  0.10008  0.10806 
0.60533  0.60977  0.99882  1.00000  0.96499  0.95025  11.5486  8.99954  0.10549  0.00769  2000     0.11054  0.98191  0.97512 
RRRRRRR args.seed:  4     args.trial_seed:  4
LRRRRRRR: 0.1
DECAY STEP: 600
env0_in  env0_ou  env1_in  env1_ou  env2_in  env2_ou  epoch    loss     nll      penalty  step     step_ti  train_a  val_acc 
0.10073  0.10377  0.10204  0.08061  0.10524  0.09519  0.00000  10.6163  2.34194  0.00275  0        0.13670  0.10364  0.08790 
0.60059  0.60634  0.99842  0.99828  0.96481  0.95883  11.5486  9.03577  0.10800  0.00784  2000     0.11054  0.98161  0.97855 
RRRRRRR mmd_lambda:   100.00 ib_lambda:     0.00   irm_lambda:     0.10 val acc: 97.71 +- 0.15 test acc: 61.02 +- 1.35
RRRRRRR args.seed:  0     args.trial_seed:  0
LRRRRRRR: 0.1
DECAY STEP: 600
env0_in  env0_ou  env1_in  env1_ou  env2_in  env2_ou  epoch    loss     nll      penalty  step     step_ti  train_a  val_acc 
0.11566  0.10291  0.11977  0.12006  0.12126  0.11149  0.00000  8.94122  2.29882  -0.0002  0        0.13704  0.12051  0.11578 
0.60163  0.59090  0.99873  0.99828  0.96359  0.95283  11.5486  8.99998  0.11054  0.00631  2000     0.11054  0.98116  0.97555 
RRRRRRR args.seed:  1     args.trial_seed:  1
LRRRRRRR: 0.1
DECAY STEP: 600
env0_in  env0_ou  env1_in  env1_ou  env2_in  env2_ou  epoch    loss     nll      penalty  step     step_ti  train_a  val_acc 
0.09784  0.09777  0.09766  0.09176  0.09748  0.09262  0.00000  10.8726  2.28607  -0.0000  0        0.13656  0.09757  0.09219 
0.57677  0.55917  0.99882  0.99742  0.96133  0.95626  11.5486  9.05672  0.11430  0.00687  2000     0.11054  0.98008  0.97684 
RRRRRRR args.seed:  2     args.trial_seed:  2
LRRRRRRR: 0.1
DECAY STEP: 600
env0_in  env0_ou  env1_in  env1_ou  env2_in  env2_ou  epoch    loss     nll      penalty  step     step_ti  train_a  val_acc 
0.10032  0.09777  0.10019  0.10120  0.09942  0.09348  0.00000  13.0023  2.27353  0.00034  0        0.13498  0.09981  0.09734 
0.61309  0.57632  0.99878  0.99656  0.96142  0.95197  11.5486  9.07907  0.11372  0.00679  2000     0.11056  0.98010  0.97427 
RRRRRRR args.seed:  3     args.trial_seed:  3
LRRRRRRR: 0.1
DECAY STEP: 600
env0_in  env0_ou  env1_in  env1_ou  env2_in  env2_ou  epoch    loss     nll      penalty  step     step_ti  train_a  val_acc 
0.10510  0.10463  0.09775  0.10291  0.10240  0.11320  0.00000  10.2641  2.39954  0.01111  0        0.13630  0.10008  0.10806 
0.59058  0.60120  0.99864  0.99914  0.96327  0.94940  11.5486  9.01026  0.11038  0.00656  2000     0.11054  0.98096  0.97427 
RRRRRRR args.seed:  4     args.trial_seed:  4
LRRRRRRR: 0.1
DECAY STEP: 600
env0_in  env0_ou  env1_in  env1_ou  env2_in  env2_ou  epoch    loss     nll      penalty  step     step_ti  train_a  val_acc 
0.10158  0.10548  0.10226  0.08147  0.10529  0.09691  0.00000  10.6188  2.34194  0.00275  0        0.13642  0.10378  0.08919 
0.60952  0.61578  0.99833  0.99742  0.96526  0.95969  11.5486  9.04064  0.10717  0.00646  2000     0.11055  0.98179  0.97855 
RRRRRRR mmd_lambda:   100.00 ib_lambda:     0.00   irm_lambda:     1.00 val acc: 97.59 +- 0.16 test acc: 59.83 +- 1.33
RRRRRRR args.seed:  0     args.trial_seed:  0
LRRRRRRR: 0.1
DECAY STEP: 600
env0_in  env0_ou  env1_in  env1_ou  env2_in  env2_ou  epoch    loss     nll      penalty  step     step_ti  train_a  val_acc 
0.12734  0.11235  0.10181  0.08919  0.10389  0.09605  0.00000  6.85140  2.29882  -0.0002  0        0.13563  0.10285  0.09262 
0.24124  0.23241  0.98506  0.98885  0.91401  0.91080  11.5486  8.92419  0.31611  0.01344  2000     0.11056  0.94954  0.94982 
RRRRRRR args.seed:  1     args.trial_seed:  1
LRRRRRRR: 0.1
DECAY STEP: 600
env0_in  env0_ou  env1_in  env1_ou  env2_in  env2_ou  epoch    loss     nll      penalty  step     step_ti  train_a  val_acc 
0.09784  0.09777  0.09766  0.09176  0.09748  0.09262  0.00000  8.79443  2.28607  -0.0000  0        0.13702  0.09757  0.09219 
0.24585  0.22298  0.98628  0.98885  0.91455  0.90823  11.5486  8.97772  0.31228  0.01504  2000     0.11053  0.95042  0.94854 
RRRRRRR args.seed:  2     args.trial_seed:  2
LRRRRRRR: 0.1
DECAY STEP: 600
env0_in  env0_ou  env1_in  env1_ou  env2_in  env2_ou  epoch    loss     nll      penalty  step     step_ti  train_a  val_acc 
0.10041  0.09948  0.10019  0.10120  0.09933  0.09176  0.00000  10.9354  2.27353  0.00034  0        0.14001  0.09976  0.09648 
0.24170  0.23413  0.98976  0.99399  0.91523  0.91166  11.5486  9.00093  0.30840  0.01562  2000     0.11059  0.95249  0.95283 
RRRRRRR args.seed:  3     args.trial_seed:  3
LRRRRRRR: 0.1
DECAY STEP: 600
env0_in  env0_ou  env1_in  env1_ou  env2_in  env2_ou  epoch    loss     nll      penalty  step     step_ti  train_a  val_acc 
0.10510  0.10463  0.09775  0.10291  0.10240  0.11320  0.00000  8.08168  2.39954  0.01111  0        0.13683  0.10008  0.10806 
0.23209  0.24013  0.99372  0.99399  0.92182  0.90480  11.5486  8.93390  0.31011  0.01353  2000     0.11058  0.95777  0.94940 
RRRRRRR args.seed:  4     args.trial_seed:  4
LRRRRRRR: 0.1
DECAY STEP: 600
env0_in  env0_ou  env1_in  env1_ou  env2_in  env2_ou  epoch    loss     nll      penalty  step     step_ti  train_a  val_acc 
0.10028  0.10291  0.10199  0.08061  0.10520  0.09519  0.00000  8.48957  2.34194  0.00275  0        0.13665  0.10360  0.08790 
0.23813  0.23499  0.98989  0.99313  0.91816  0.91595  11.5486  8.96834  0.31981  0.01341  2000     0.11062  0.95403  0.95454 
RRRRRRR mmd_lambda:   100.00 ib_lambda:     0.00   irm_lambda:    10.00 val acc: 95.10 +- 0.23 test acc: 23.98 +- 0.46
RRRRRRR args.seed:  0     args.trial_seed:  0
LRRRRRRR: 0.1
DECAY STEP: 600
env0_in  env0_ou  env1_in  env1_ou  env2_in  env2_ou  epoch    loss     nll      penalty  step     step_ti  train_a  val_acc 
0.12441  0.10634  0.07127  0.06260  0.07700  0.07632  0.00000  6.66516  2.29882  -0.0002  0        0.13646  0.07414  0.06946 
0.20949  0.20411  0.52023  0.50085  0.49145  0.45711  11.5486  8.90152  1.82297  0.00042  2000     0.11056  0.50584  0.47898 
RRRRRRR args.seed:  1     args.trial_seed:  1
LRRRRRRR: 0.1
DECAY STEP: 600
env0_in  env0_ou  env1_in  env1_ou  env2_in  env2_ou  epoch    loss     nll      penalty  step     step_ti  train_a  val_acc 
0.09784  0.09777  0.09766  0.09176  0.09748  0.09262  0.00000  8.60924  2.28607  -0.0000  0        0.13905  0.09757  0.09219 
0.17872  0.16723  0.34343  0.32075  0.32372  0.33190  11.5486  8.95594  1.98598  0.00086  2000     0.11057  0.33358  0.32632 
RRRRRRR args.seed:  2     args.trial_seed:  2
LRRRRRRR: 0.1
DECAY STEP: 600
env0_in  env0_ou  env1_in  env1_ou  env2_in  env2_ou  epoch    loss     nll      penalty  step     step_ti  train_a  val_acc 
0.10041  0.09948  0.10019  0.10120  0.09933  0.09176  0.00000  10.7513  2.27353  0.00034  0        0.13587  0.09976  0.09648 
0.16140  0.13979  0.87513  0.87049  0.80344  0.80960  11.5486  8.95345  1.78462  -0.0228  2000     0.11057  0.83928  0.84005 
RRRRRRR args.seed:  3     args.trial_seed:  3
LRRRRRRR: 0.1
DECAY STEP: 600
env0_in  env0_ou  env1_in  env1_ou  env2_in  env2_ou  epoch    loss     nll      penalty  step     step_ti  train_a  val_acc 
0.10510  0.10463  0.09775  0.10291  0.10240  0.11320  0.00000  7.88820  2.39954  0.01111  0        0.13636  0.10008  0.10806 
0.15747  0.15866  0.87224  0.88679  0.80471  0.78644  11.5486  8.88708  1.85004  -0.0246  2000     0.11059  0.83847  0.83662 
RRRRRRR args.seed:  4     args.trial_seed:  4
LRRRRRRR: 0.1
DECAY STEP: 600
env0_in  env0_ou  env1_in  env1_ou  env2_in  env2_ou  epoch    loss     nll      penalty  step     step_ti  train_a  val_acc 
0.10028  0.10291  0.10199  0.08061  0.10520  0.09519  0.00000  8.30008  2.34194  0.00275  0        0.13698  0.10360  0.08790 
0.17290  0.17581  0.87747  0.90051  0.80430  0.80446  11.5486  8.91799  1.78881  -0.0268  2000     0.11057  0.84089  0.85248 
RRRRRRR mmd_lambda:   100.00 ib_lambda:     0.00   irm_lambda:   100.00 val acc: 66.69 +- 22.11 test acc: 17.60 +- 1.84
RRRRRRR args.seed:  0     args.trial_seed:  0
LRRRRRRR: 0.1
DECAY STEP: 600
env0_in  env0_ou  env1_in  env1_ou  env2_in  env2_ou  epoch    loss     nll      penalty  step     step_ti  train_a  val_acc 
0.12369  0.10634  0.06451  0.05574  0.07159  0.07118  0.00000  6.64469  2.29882  -0.0002  0        0.13845  0.06805  0.06346 
0.11525  0.10720  0.30216  0.29759  0.28610  0.26758  11.5486  8.88510  2.24560  0.00011  2000     0.11059  0.29413  0.28259 
RRRRRRR args.seed:  1     args.trial_seed:  1
LRRRRRRR: 0.1
DECAY STEP: 600
env0_in  env0_ou  env1_in  env1_ou  env2_in  env2_ou  epoch    loss     nll      penalty  step     step_ti  train_a  val_acc 
0.09784  0.09777  0.09766  0.09176  0.09748  0.09262  0.00000  8.58889  2.28607  -0.0000  0        0.13525  0.09757  0.09219 
0.11421  0.11835  0.92958  0.92195  0.84973  0.83190  11.5486  8.89514  2.03007  -0.0423  2000     0.11054  0.88965  0.87693 
RRRRRRR args.seed:  2     args.trial_seed:  2
LRRRRRRR: 0.1
DECAY STEP: 600
env0_in  env0_ou  env1_in  env1_ou  env2_in  env2_ou  epoch    loss     nll      penalty  step     step_ti  train_a  val_acc 
0.10041  0.09948  0.10019  0.10120  0.09933  0.09176  0.00000  10.7310  2.27353  0.00034  0        0.13699  0.09976  0.09648 
0.15892  0.13722  0.87264  0.86706  0.80042  0.80960  11.5486  8.91794  1.90646  -0.0424  2000     0.11063  0.83653  0.83833 
RRRRRRR args.seed:  3     args.trial_seed:  3
LRRRRRRR: 0.1
DECAY STEP: 600
env0_in  env0_ou  env1_in  env1_ou  env2_in  env2_ou  epoch    loss     nll      penalty  step     step_ti  train_a  val_acc 
0.10510  0.10463  0.09775  0.10291  0.10240  0.11320  0.00000  7.86694  2.39954  0.01111  0        0.13655  0.10008  0.10806 
0.14760  0.15437  0.88085  0.89708  0.81075  0.79674  11.5486  8.86477  1.97176  -0.0303  2000     0.11062  0.84580  0.84691 
RRRRRRR args.seed:  4     args.trial_seed:  4
LRRRRRRR: 0.1
DECAY STEP: 600
env0_in  env0_ou  env1_in  env1_ou  env2_in  env2_ou  epoch    loss     nll      penalty  step     step_ti  train_a  val_acc 
0.10028  0.10291  0.10199  0.08061  0.10520  0.09519  0.00000  8.27925  2.34194  0.00275  0        0.13657  0.10360  0.08790 
0.17227  0.17753  0.89732  0.89108  0.82415  0.83018  11.5486  8.89889  1.86733  -0.0298  2000     0.11060  0.86073  0.86063 
RRRRRRR mmd_lambda:   100.00 ib_lambda:     0.00   irm_lambda:  1000.00 val acc: 74.11 +- 22.96 test acc: 14.17 +- 2.33
RRRRRRR args.seed:  0     args.trial_seed:  0
LRRRRRRR: 0.1
DECAY STEP: 600
env0_in  env0_ou  env1_in  env1_ou  env2_in  env2_ou  epoch    loss     nll      penalty  step     step_ti  train_a  val_acc 
0.11534  0.10291  0.11715  0.11749  0.11900  0.10891  0.00000  68.7249  2.29882  -0.0002  0        0.13655  0.11808  0.11320 
0.63248  0.61578  0.99887  0.99914  0.96702  0.96140  11.5486  88.9342  0.10325  0.00779  2000     0.11059  0.98294  0.98027 
RRRRRRR args.seed:  1     args.trial_seed:  1
LRRRRRRR: 0.1
DECAY STEP: 600
env0_in  env0_ou  env1_in  env1_ou  env2_in  env2_ou  epoch    loss     nll      penalty  step     step_ti  train_a  val_acc 
0.09784  0.09777  0.09766  0.09176  0.09748  0.09262  0.00000  88.1526  2.28607  -0.0000  0        0.13764  0.09757  0.09219 
0.59779  0.58747  0.99873  0.99828  0.96386  0.95797  11.5486  89.4662  0.11023  0.00863  2000     0.11063  0.98130  0.97813 
RRRRRRR args.seed:  2     args.trial_seed:  2
LRRRRRRR: 0.1
DECAY STEP: 600
env0_in  env0_ou  env1_in  env1_ou  env2_in  env2_ou  epoch    loss     nll      penalty  step     step_ti  train_a  val_acc 
0.10014  0.09777  0.10019  0.10120  0.09942  0.09348  0.00000  109.558  2.27353  0.00034  0        0.13682  0.09981  0.09734 
0.61670  0.58490  0.99878  0.99828  0.96309  0.95283  11.5486  89.6963  0.11034  0.00824  2000     0.11060  0.98094  0.97555 
RRRRRRR args.seed:  3     args.trial_seed:  3
LRRRRRRR: 0.1
DECAY STEP: 600
env0_in  env0_ou  env1_in  env1_ou  env2_in  env2_ou  epoch    loss     nll      penalty  step     step_ti  train_a  val_acc 
0.10510  0.10463  0.09775  0.10291  0.10240  0.11320  0.00000  80.9350  2.39954  0.01111  0        0.13653  0.10008  0.10806 
0.60925  0.61921  0.99864  1.00000  0.96548  0.95025  11.5486  89.0382  0.10507  0.00791  2000     0.11063  0.98206  0.97512 
RRRRRRR args.seed:  4     args.trial_seed:  4
LRRRRRRR: 0.1
DECAY STEP: 600
env0_in  env0_ou  env1_in  env1_ou  env2_in  env2_ou  epoch    loss     nll      penalty  step     step_ti  train_a  val_acc 
0.10100  0.10463  0.10217  0.08061  0.10524  0.09519  0.00000  85.0839  2.34194  0.00275  0        0.13609  0.10371  0.08790 
0.59906  0.60720  0.99860  0.99914  0.96418  0.95969  11.5486  89.3796  0.10907  0.00820  2000     0.11060  0.98139  0.97941 
RRRRRRR mmd_lambda:  1000.00 ib_lambda:     0.00   irm_lambda:     0.10 val acc: 97.77 +- 0.20 test acc: 61.11 +- 1.28
RRRRRRR args.seed:  0     args.trial_seed:  0
LRRRRRRR: 0.1
DECAY STEP: 600
env0_in  env0_ou  env1_in  env1_ou  env2_in  env2_ou  epoch    loss     nll      penalty  step     step_ti  train_a  val_acc 
0.11552  0.10291  0.11941  0.11921  0.12081  0.11149  0.00000  68.7248  2.29882  -0.0002  0        0.13593  0.12011  0.11535 
0.57930  0.56775  0.99855  0.99914  0.96093  0.95454  11.5486  88.9520  0.11467  0.00676  2000     0.11061  0.97974  0.97684 
RRRRRRR args.seed:  1     args.trial_seed:  1
LRRRRRRR: 0.1
DECAY STEP: 600
env0_in  env0_ou  env1_in  env1_ou  env2_in  env2_ou  epoch    loss     nll      penalty  step     step_ti  train_a  val_acc 
0.09784  0.09777  0.09766  0.09176  0.09748  0.09262  0.00000  88.1526  2.28607  -0.0000  0        0.13594  0.09757  0.09219 
0.55841  0.55060  0.99869  0.99742  0.95962  0.95368  11.5486  89.4806  0.11812  0.00718  2000     0.11057  0.97915  0.97555 
RRRRRRR args.seed:  2     args.trial_seed:  2
LRRRRRRR: 0.1
DECAY STEP: 600
env0_in  env0_ou  env1_in  env1_ou  env2_in  env2_ou  epoch    loss     nll      penalty  step     step_ti  train_a  val_acc 
0.10028  0.09777  0.10019  0.10120  0.09942  0.09348  0.00000  109.558  2.27353  0.00034  0        0.13771  0.09981  0.09734 
0.60781  0.58061  0.99909  0.99656  0.96084  0.94768  11.5486  89.7065  0.11422  0.00699  2000     0.11062  0.97997  0.97212 
RRRRRRR args.seed:  3     args.trial_seed:  3
LRRRRRRR: 0.1
DECAY STEP: 600
env0_in  env0_ou  env1_in  env1_ou  env2_in  env2_ou  epoch    loss     nll      penalty  step     step_ti  train_a  val_acc 
0.10510  0.10463  0.09775  0.10291  0.10240  0.11320  0.00000  80.9450  2.39954  0.01111  0        0.13684  0.10008  0.10806 
0.59761  0.60891  0.99864  1.00000  0.96354  0.94854  11.5486  89.0486  0.10951  0.00663  2000     0.11062  0.98109  0.97427 
RRRRRRR args.seed:  4     args.trial_seed:  4
LRRRRRRR: 0.1
DECAY STEP: 600
env0_in  env0_ou  env1_in  env1_ou  env2_in  env2_ou  epoch    loss     nll      penalty  step     step_ti  train_a  val_acc 
0.10221  0.10548  0.10290  0.08233  0.10587  0.09777  0.00000  85.0864  2.34194  0.00275  0        0.13682  0.10438  0.09005 
0.60749  0.60891  0.99846  0.99828  0.96404  0.95797  11.5486  89.3865  0.11011  0.00668  2000     0.11063  0.98125  0.97813 
RRRRRRR mmd_lambda:  1000.00 ib_lambda:     0.00   irm_lambda:     1.00 val acc: 97.54 +- 0.21 test acc: 59.01 +- 1.89
RRRRRRR args.seed:  0     args.trial_seed:  0
LRRRRRRR: 0.1
DECAY STEP: 600
env0_in  env0_ou  env1_in  env1_ou  env2_in  env2_ou  epoch    loss     nll      penalty  step     step_ti  train_a  val_acc 
0.12770  0.11235  0.09739  0.08490  0.10060  0.09348  0.00000  66.6349  2.29882  -0.0002  0        0.13583  0.09899  0.08919 
0.24621  0.24528  0.98195  0.98627  0.91198  0.91423  11.5486  88.8731  0.32333  0.01379  2000     0.11061  0.94697  0.95025 
RRRRRRR args.seed:  1     args.trial_seed:  1
LRRRRRRR: 0.1
DECAY STEP: 600
env0_in  env0_ou  env1_in  env1_ou  env2_in  env2_ou  epoch    loss     nll      penalty  step     step_ti  train_a  val_acc 
0.09784  0.09777  0.09766  0.09176  0.09748  0.09262  0.00000  86.0743  2.28607  -0.0000  0        0.13658  0.09757  0.09219 
0.24657  0.22126  0.98222  0.98627  0.91009  0.89536  11.5486  89.3986  0.32554  0.01458  2000     0.11060  0.94615  0.94082 
RRRRRRR args.seed:  2     args.trial_seed:  2
LRRRRRRR: 0.1
DECAY STEP: 600
env0_in  env0_ou  env1_in  env1_ou  env2_in  env2_ou  epoch    loss     nll      penalty  step     step_ti  train_a  val_acc 
0.10041  0.09948  0.10019  0.10120  0.09933  0.09176  0.00000  107.491  2.27353  0.00034  0        0.13688  0.09976  0.09648 
0.25600  0.23842  0.97762  0.97770  0.90643  0.90480  11.5486  89.6316  0.34546  0.01548  2000     0.11061  0.94203  0.94125 
RRRRRRR args.seed:  3     args.trial_seed:  3
LRRRRRRR: 0.1
DECAY STEP: 600
env0_in  env0_ou  env1_in  env1_ou  env2_in  env2_ou  epoch    loss     nll      penalty  step     step_ti  train_a  val_acc 
0.10510  0.10463  0.09775  0.10291  0.10240  0.11320  0.00000  78.7626  2.39954  0.01111  0        0.13467  0.10008  0.10806 
0.24161  0.24785  0.97554  0.97684  0.90666  0.89622  11.5486  88.9773  0.35493  0.01320  2000     0.11059  0.94110  0.93653 
RRRRRRR args.seed:  4     args.trial_seed:  4
LRRRRRRR: 0.1
DECAY STEP: 600
env0_in  env0_ou  env1_in  env1_ou  env2_in  env2_ou  epoch    loss     nll      penalty  step     step_ti  train_a  val_acc 
0.10028  0.10291  0.10199  0.08061  0.10520  0.09519  0.00000  82.9571  2.34194  0.00275  0        0.13645  0.10360  0.08790 
0.23398  0.23156  0.97703  0.98027  0.90603  0.90566  11.5486  89.3138  0.34631  0.01338  2000     0.11061  0.94153  0.94296 
RRRRRRR mmd_lambda:  1000.00 ib_lambda:     0.00   irm_lambda:    10.00 val acc: 94.24 +- 0.45 test acc: 24.49 +- 0.72
RRRRRRR args.seed:  0     args.trial_seed:  0
LRRRRRRR: 0.1
DECAY STEP: 600
env0_in  env0_ou  env1_in  env1_ou  env2_in  env2_ou  epoch    loss     nll      penalty  step     step_ti  train_a  val_acc 
0.12211  0.10634  0.05778  0.05231  0.06545  0.06260  0.00000  66.4487  2.29882  -0.0002  0        0.13615  0.06162  0.05746 
0.14557  0.14236  0.37474  0.35677  0.35431  0.32332  11.5486  88.8489  1.91990  0.00106  2000     0.11058  0.36452  0.34005 
RRRRRRR args.seed:  1     args.trial_seed:  1
LRRRRRRR: 0.1
DECAY STEP: 600
env0_in  env0_ou  env1_in  env1_ou  env2_in  env2_ou  epoch    loss     nll      penalty  step     step_ti  train_a  val_acc 
0.09784  0.09777  0.09766  0.09176  0.09748  0.09262  0.00000  85.8891  2.28607  -0.0000  0        0.13685  0.09757  0.09219 
0.15486  0.14665  0.88099  0.88765  0.80809  0.81732  11.5486  89.3453  1.82025  -0.0268  2000     0.11062  0.84454  0.85248 
RRRRRRR args.seed:  2     args.trial_seed:  2
LRRRRRRR: 0.1
DECAY STEP: 600
env0_in  env0_ou  env1_in  env1_ou  env2_in  env2_ou  epoch    loss     nll      penalty  step     step_ti  train_a  val_acc 
0.10041  0.09948  0.10019  0.10120  0.09933  0.09176  0.00000  107.307  2.27353  0.00034  0        0.13664  0.09976  0.09648 
0.16275  0.15180  0.89980  0.90394  0.82631  0.83447  11.5486  89.5548  1.85445  -0.0484  2000     0.11058  0.86306  0.86921 
RRRRRRR args.seed:  3     args.trial_seed:  3
LRRRRRRR: 0.1
DECAY STEP: 600
env0_in  env0_ou  env1_in  env1_ou  env2_in  env2_ou  epoch    loss     nll      penalty  step     step_ti  train_a  val_acc 
0.10510  0.10463  0.09775  0.10291  0.10240  0.11320  0.00000  78.5691  2.39954  0.01111  0        0.13852  0.10008  0.10806 
0.13113  0.12864  0.52573  0.51629  0.48427  0.48970  11.5486  88.9496  1.99394  -0.0008  2000     0.11061  0.50500  0.50300 
RRRRRRR args.seed:  4     args.trial_seed:  4
LRRRRRRR: 0.1
DECAY STEP: 600
env0_in  env0_ou  env1_in  env1_ou  env2_in  env2_ou  epoch    loss     nll      penalty  step     step_ti  train_a  val_acc 
0.10028  0.10291  0.10199  0.08061  0.10520  0.09519  0.00000  82.7676  2.34194  0.00275  0        0.13684  0.10360  0.08790 
0.18111  0.18439  0.86894  0.89708  0.79780  0.81217  11.5486  89.2679  1.82507  -0.0189  2000     0.11058  0.83337  0.85463 
RRRRRRR mmd_lambda:  1000.00 ib_lambda:     0.00   irm_lambda:   100.00 val acc: 68.39 +- 22.04 test acc: 15.51 +- 1.67
RRRRRRR args.seed:  0     args.trial_seed:  0
LRRRRRRR: 0.1
DECAY STEP: 600
env0_in  env0_ou  env1_in  env1_ou  env2_in  env2_ou  epoch    loss     nll      penalty  step     step_ti  train_a  val_acc 
0.12121  0.10463  0.05057  0.04373  0.05963  0.05831  0.00000  66.4282  2.29882  -0.0002  0        0.13616  0.05510  0.05102 
0.10104  0.09777  0.21974  0.22126  0.21112  0.19039  11.5486  88.8301  2.26140  0.00030  2000     0.11062  0.21543  0.20583 
RRRRRRR args.seed:  1     args.trial_seed:  1
LRRRRRRR: 0.1
DECAY STEP: 600
env0_in  env0_ou  env1_in  env1_ou  env2_in  env2_ou  epoch    loss     nll      penalty  step     step_ti  train_a  val_acc 
0.09784  0.09777  0.09766  0.09176  0.09748  0.09262  0.00000  85.8688  2.28607  -0.0000  0        0.13657  0.09757  0.09219 
0.14241  0.14322  0.88487  0.88679  0.81102  0.81903  11.5486  89.3314  1.92817  -0.0244  2000     0.11059  0.84795  0.85291 
RRRRRRR args.seed:  2     args.trial_seed:  2
LRRRRRRR: 0.1
DECAY STEP: 600
env0_in  env0_ou  env1_in  env1_ou  env2_in  env2_ou  epoch    loss     nll      penalty  step     step_ti  train_a  val_acc 
0.10041  0.09948  0.10019  0.10120  0.09933  0.09176  0.00000  107.287  2.27353  0.00034  0        0.13963  0.09976  0.09648 
0.16907  0.16037  0.87973  0.87821  0.80868  0.82590  11.5486  89.5434  1.91962  -0.0427  2000     0.11061  0.84420  0.85205 
RRRRRRR args.seed:  3     args.trial_seed:  3
LRRRRRRR: 0.1
DECAY STEP: 600
env0_in  env0_ou  env1_in  env1_ou  env2_in  env2_ou  epoch    loss     nll      penalty  step     step_ti  train_a  val_acc 
0.10510  0.10463  0.09775  0.10291  0.10240  0.11320  0.00000  78.5479  2.39954  0.01111  0        0.13642  0.10008  0.10806 
0.12342  0.12607  0.29476  0.28644  0.27762  0.28988  11.5486  88.9324  2.28314  0.00000  2000     0.11061  0.28619  0.28816 
RRRRRRR args.seed:  4     args.trial_seed:  4
LRRRRRRR: 0.1
DECAY STEP: 600
env0_in  env0_ou  env1_in  env1_ou  env2_in  env2_ou  epoch    loss     nll      penalty  step     step_ti  train_a  val_acc 
0.10028  0.10291  0.10199  0.08061  0.10520  0.09519  0.00000  82.7467  2.34194  0.00275  0        0.13584  0.10360  0.08790 
0.13438  0.14494  0.76934  0.76929  0.70699  0.70325  11.5486  89.2628  2.08625  -0.0081  2000     0.11062  0.73816  0.73627 
RRRRRRR mmd_lambda:  1000.00 ib_lambda:     0.00   irm_lambda:  1000.00 val acc: 58.70 +- 28.21 test acc: 13.41 +- 2.24
Report with best val performance: val acc:97.77 +- 0.20  test acc:61.11 +- 1.28
Corresponding hypers: {'mmd_lambda': 1000, 'ib_lambda': 0, 'irm_lambda': 0.1}
