Args.output_dir is:  train_output
Args: Namespace(data_dir='~/data/', dataset='FullColoredMNIST', algorithm='IBIRM', hparams=None, hparams_seed=0, trial_seed=0, seed=0, steps=2001, checkpoint_freq=2000, test_envs=[0], output_dir='train_output', holdout_fraction=0.05, skip_model_save=False, lr=0.1, irm_lambda=None, irm_step=0, vrex_lambda=None, vrex_step=0, ib_lambda=None, ib_step=0, mmd_lambda=None, mmd_step=0, class_condition=False, normalize=False, dro_eta=None, bs=128, wd=0, sch_size=-1, d=0, debug=False, type=0, ratio=0.9, env_seed=1, no_aug=False, xyl=1, n_restarts=5, test_val=0)
Hparams: {'data_augmentation': True, 'resnet18': False, 'lr': 0.1, 'batch_size': 128, 'weight_decay': 0, 'class_balanced': False, 'resnet_dropout': 0.0, 'irm_lambda': 100.0, 'irm_penalty_anneal_iters': 0, 'vrex_lambda': 10.0, 'vrex_penalty_anneal_iters': 500, 'ib_lambda': 1, 'ib_penalty_anneal_iters': 0, 'mmd_lambda': 10.0, 'mmd_penalty_anneal_iters': 0, 'mixup_alpha': 0.2, 'groupdro_eta': 0.01, 'mmd_gamma': 1.0, 'mlp_width': 256, 'mlp_depth': 3, 'mlp_dropout': 0.0, 'mldg_beta': 1.0, 'mtl_ema': 0.99, 'sag_w_adv': 0.1, 'class_condition': False, 'normalize': False, 'xylopt': 1, 'xylnn': 1, 'dataset': 'FullColoredMNIST', 'sch_size': 600}
RRRRRRR Hyper sweep for IB-IRM
RRRRRRR args.seed:  0     args.trial_seed:  0
LRRRRRRR: 0.1
DECAY STEP: 600
env0_in  env0_ou  env1_in  env1_ou  env2_in  env2_ou  epoch    loss     nll      penalty  step     step_ti  train_a  val_acc  var     
0.11435  0.10120  0.11160  0.10891  0.11341  0.10205  0.00000  3.12613  2.30551  0.00005  0        1.17677  0.11251  0.10548  3.32213 
0.79132  0.77530  0.99806  0.99914  0.98069  0.97255  11.5486  0.50915  0.13473  0.06165  2000     0.12553  0.98937  0.98584  0.26032 
RRRRRRR args.seed:  1     args.trial_seed:  1
LRRRRRRR: 0.1
DECAY STEP: 600
env0_in  env0_ou  env1_in  env1_ou  env2_in  env2_ou  epoch    loss     nll      penalty  step     step_ti  train_a  val_acc  var     
0.09784  0.09777  0.09766  0.09176  0.09748  0.09262  0.00000  3.02970  2.29966  -0.0000  0        0.13812  0.09757  0.09219  3.32854 
0.76457  0.75385  0.99724  0.99485  0.97947  0.97427  11.5486  0.51240  0.13899  0.06249  2000     0.12479  0.98836  0.98456  0.26925 
RRRRRRR args.seed:  2     args.trial_seed:  2
LRRRRRRR: 0.1
DECAY STEP: 600
env0_in  env0_ou  env1_in  env1_ou  env2_in  env2_ou  epoch    loss     nll      penalty  step     step_ti  train_a  val_acc  var     
0.10064  0.10291  0.10019  0.10120  0.09938  0.09090  0.00000  2.97784  2.29149  0.00005  0        0.16484  0.09978  0.09605  3.30194 
0.79312  0.77015  0.99643  0.99399  0.97965  0.97084  11.5486  0.53270  0.14224  0.06102  2000     0.12521  0.98804  0.98241  0.27246 
RRRRRRR args.seed:  3     args.trial_seed:  3
LRRRRRRR: 0.1
DECAY STEP: 600
env0_in  env0_ou  env1_in  env1_ou  env2_in  env2_ou  epoch    loss     nll      penalty  step     step_ti  train_a  val_acc  var     
0.10510  0.10463  0.09775  0.10291  0.10240  0.11320  0.00000  3.05330  2.34405  0.00191  0        0.14205  0.10008  0.10806  3.38638 
0.81428  0.80960  0.99801  0.99914  0.98470  0.97341  11.5486  0.53798  0.13241  0.06001  2000     0.12483  0.99136  0.98627  0.25692 
RRRRRRR args.seed:  4     args.trial_seed:  4
LRRRRRRR: 0.1
DECAY STEP: 600
env0_in  env0_ou  env1_in  env1_ou  env2_in  env2_ou  epoch    loss     nll      penalty  step     step_ti  train_a  val_acc  var     
0.10028  0.10291  0.10199  0.08061  0.10520  0.09519  0.00000  3.01755  2.30865  0.00018  0        0.16316  0.10360  0.08790  3.32213 
0.80950  0.79759  0.99706  0.99742  0.98339  0.98199  11.5486  0.50742  0.13267  0.06197  2000     0.12502  0.99023  0.98970  0.25404 
RRRRRRR mmd_lambda:  1000.00 ib_lambda:     0.10   irm_lambda:     0.10 val acc: 98.58 +- 0.24 test acc: 79.46 +- 1.75
RRRRRRR args.seed:  0     args.trial_seed:  0
LRRRRRRR: 0.1
DECAY STEP: 600
env0_in  env0_ou  env1_in  env1_ou  env2_in  env2_ou  epoch    loss     nll      penalty  step     step_ti  train_a  val_acc  var     
0.11430  0.10120  0.11160  0.10891  0.11341  0.10205  0.00000  3.12618  2.30551  0.00005  0        0.16251  0.11251  0.10548  3.32213 
0.70935  0.69811  0.99530  0.99485  0.96954  0.96483  11.5486  0.57902  0.17041  0.02070  2000     0.12564  0.98242  0.97984  0.32070 
RRRRRRR args.seed:  1     args.trial_seed:  1
LRRRRRRR: 0.1
DECAY STEP: 600
env0_in  env0_ou  env1_in  env1_ou  env2_in  env2_ou  epoch    loss     nll      penalty  step     step_ti  train_a  val_acc  var     
0.09784  0.09777  0.09766  0.09176  0.09748  0.09262  0.00000  3.02967  2.29966  -0.0000  0        0.16576  0.09757  0.09219  3.32854 
0.73123  0.70840  0.99742  0.99656  0.97433  0.96912  11.5486  0.56515  0.17268  0.02264  2000     0.12506  0.98588  0.98284  0.32671 
RRRRRRR args.seed:  2     args.trial_seed:  2
LRRRRRRR: 0.1
DECAY STEP: 600
env0_in  env0_ou  env1_in  env1_ou  env2_in  env2_ou  epoch    loss     nll      penalty  step     step_ti  train_a  val_acc  var     
0.10109  0.10548  0.10019  0.10120  0.09942  0.09090  0.00000  2.97789  2.29149  0.00005  0        0.16373  0.09981  0.09605  3.30194 
0.74201  0.71012  0.99706  0.99742  0.97473  0.96054  11.5486  0.57478  0.17304  0.02054  2000     0.12514  0.98590  0.97898  0.32586 
RRRRRRR args.seed:  3     args.trial_seed:  3
LRRRRRRR: 0.1
DECAY STEP: 600
env0_in  env0_ou  env1_in  env1_ou  env2_in  env2_ou  epoch    loss     nll      penalty  step     step_ti  train_a  val_acc  var     
0.10510  0.10463  0.09775  0.10291  0.10240  0.11320  0.00000  3.05502  2.34405  0.00191  0        0.16288  0.10008  0.10806  3.38638 
0.76145  0.75042  0.99724  1.00000  0.97974  0.97169  11.5486  0.56056  0.16555  0.02168  2000     0.12497  0.98849  0.98584  0.30897 
RRRRRRR args.seed:  4     args.trial_seed:  4
LRRRRRRR: 0.1
DECAY STEP: 600
env0_in  env0_ou  env1_in  env1_ou  env2_in  env2_ou  epoch    loss     nll      penalty  step     step_ti  train_a  val_acc  var     
0.10028  0.10291  0.10199  0.08061  0.10520  0.09519  0.00000  3.01772  2.30865  0.00018  0        0.16227  0.10360  0.08790  3.32213 
0.68021  0.65523  0.99296  0.99142  0.96607  0.96741  11.5486  0.56625  0.17150  0.02178  2000     0.12496  0.97951  0.97941  0.32056 
RRRRRRR mmd_lambda:  1000.00 ib_lambda:     0.10   irm_lambda:     1.00 val acc: 98.14 +- 0.26 test acc: 72.49 +- 2.80
RRRRRRR args.seed:  0     args.trial_seed:  0
LRRRRRRR: 0.1
DECAY STEP: 600
env0_in  env0_ou  env1_in  env1_ou  env2_in  env2_ou  epoch    loss     nll      penalty  step     step_ti  train_a  val_acc  var     
0.12757  0.10720  0.07046  0.06518  0.07497  0.07547  0.00000  1.03025  2.30551  0.00005  0        0.16439  0.07272  0.07032  3.32213 
0.11412  0.10034  0.11160  0.10891  0.11323  0.10205  11.5486  0.31237  2.28708  0.00026  2000     0.12479  0.11241  0.10548  3.30092 
RRRRRRR args.seed:  1     args.trial_seed:  1
LRRRRRRR: 0.1
DECAY STEP: 600
env0_in  env0_ou  env1_in  env1_ou  env2_in  env2_ou  epoch    loss     nll      penalty  step     step_ti  train_a  val_acc  var     
0.09784  0.09777  0.09766  0.09176  0.09748  0.09262  0.00000  0.93907  2.29966  -0.0000  0        0.16433  0.09757  0.09219  3.32854 
0.11273  0.10634  0.11440  0.12006  0.10930  0.13293  11.5486  0.31387  2.28671  0.00030  2000     0.12550  0.11185  0.12650  3.30157 
RRRRRRR args.seed:  2     args.trial_seed:  2
LRRRRRRR: 0.1
DECAY STEP: 600
env0_in  env0_ou  env1_in  env1_ou  env2_in  env2_ou  epoch    loss     nll      penalty  step     step_ti  train_a  val_acc  var     
0.10109  0.10720  0.10019  0.10120  0.09942  0.09090  0.00000  0.89471  2.29149  0.00005  0        0.16430  0.09981  0.09605  3.30194 
0.10343  0.09090  0.10254  0.09262  0.10786  0.10463  11.5486  0.31368  2.28359  0.00026  2000     0.12528  0.10520  0.09862  3.29629 
RRRRRRR args.seed:  3     args.trial_seed:  3
LRRRRRRR: 0.1
DECAY STEP: 600
env0_in  env0_ou  env1_in  env1_ou  env2_in  env2_ou  epoch    loss     nll      penalty  step     step_ti  train_a  val_acc  var     
0.10510  0.10463  0.09775  0.10291  0.10240  0.11320  0.00000  0.92389  2.34405  0.00191  0        0.16413  0.10008  0.10806  3.38638 
0.10533  0.09434  0.10438  0.10720  0.10344  0.09948  11.5486  0.31090  2.28562  0.00027  2000     0.12555  0.10391  0.10334  3.29903 
RRRRRRR args.seed:  4     args.trial_seed:  4
LRRRRRRR: 0.1
DECAY STEP: 600
env0_in  env0_ou  env1_in  env1_ou  env2_in  env2_ou  epoch    loss     nll      penalty  step     step_ti  train_a  val_acc  var     
0.10028  0.10291  0.10199  0.08061  0.10520  0.09519  0.00000  0.91893  2.30865  0.00018  0        0.16387  0.10360  0.08790  3.32213 
0.10028  0.10291  0.10199  0.08061  0.10520  0.09519  11.5486  0.31227  2.28340  0.00030  2000     0.12500  0.10360  0.08790  3.29602 
RRRRRRR mmd_lambda:  1000.00 ib_lambda:     0.10   irm_lambda:    10.00 val acc: 10.53 +- 1.27 test acc: 10.71 +- 0.54
RRRRRRR args.seed:  0     args.trial_seed:  0
LRRRRRRR: 0.1
DECAY STEP: 600
env0_in  env0_ou  env1_in  env1_ou  env2_in  env2_ou  epoch    loss     nll      penalty  step     step_ti  train_a  val_acc  var     
0.12265  0.10634  0.03216  0.03173  0.04218  0.04288  0.00000  0.84349  2.30551  0.00005  0        0.16788  0.03717  0.03730  3.32213 
0.11412  0.10034  0.11160  0.10891  0.11323  0.10205  11.5486  0.12906  2.29915  0.00001  2000     0.12483  0.11241  0.10548  3.31803 
RRRRRRR args.seed:  1     args.trial_seed:  1
LRRRRRRR: 0.1
DECAY STEP: 600
env0_in  env0_ou  env1_in  env1_ou  env2_in  env2_ou  epoch    loss     nll      penalty  step     step_ti  train_a  val_acc  var     
0.09784  0.09777  0.09766  0.09176  0.09748  0.09262  0.00000  0.75278  2.29966  -0.0000  0        0.16015  0.09757  0.09219  3.32854 
0.09784  0.09777  0.09766  0.09176  0.09748  0.09262  11.5486  0.13005  2.29939  0.00001  2000     0.12448  0.09757  0.09219  3.31948 
RRRRRRR args.seed:  2     args.trial_seed:  2
LRRRRRRR: 0.1
DECAY STEP: 600
env0_in  env0_ou  env1_in  env1_ou  env2_in  env2_ou  epoch    loss     nll      penalty  step     step_ti  train_a  val_acc  var     
0.10109  0.10634  0.10019  0.10120  0.09938  0.09090  0.00000  0.70909  2.29149  0.00005  0        0.16252  0.09978  0.09605  3.30194 
0.11318  0.12349  0.11296  0.11149  0.11120  0.10720  11.5486  0.12964  2.29849  0.00000  2000     0.12437  0.11208  0.10934  3.31757 
RRRRRRR args.seed:  3     args.trial_seed:  3
LRRRRRRR: 0.1
DECAY STEP: 600
env0_in  env0_ou  env1_in  env1_ou  env2_in  env2_ou  epoch    loss     nll      penalty  step     step_ti  train_a  val_acc  var     
0.10510  0.10463  0.09775  0.10291  0.10240  0.11320  0.00000  0.73415  2.34405  0.00191  0        0.16302  0.10008  0.10806  3.38638 
0.10510  0.10463  0.09775  0.10291  0.10240  0.11320  11.5486  0.12378  2.29895  0.00001  2000     0.12450  0.10008  0.10806  3.31808 
RRRRRRR args.seed:  4     args.trial_seed:  4
LRRRRRRR: 0.1
DECAY STEP: 600
env0_in  env0_ou  env1_in  env1_ou  env2_in  env2_ou  epoch    loss     nll      penalty  step     step_ti  train_a  val_acc  var     
0.10028  0.10291  0.10199  0.08061  0.10520  0.09519  0.00000  0.73193  2.30865  0.00018  0        0.16264  0.10360  0.08790  3.32213 
0.10028  0.10291  0.10199  0.08061  0.10520  0.09519  11.5486  0.12513  2.29924  0.00000  2000     0.12457  0.10360  0.08790  3.31880 
RRRRRRR mmd_lambda:  1000.00 ib_lambda:     0.10   irm_lambda:   100.00 val acc: 10.06 +- 0.88 test acc: 10.61 +- 0.66
RRRRRRR args.seed:  0     args.trial_seed:  0
LRRRRRRR: 0.1
DECAY STEP: 600
env0_in  env0_ou  env1_in  env1_ou  env2_in  env2_ou  epoch    loss     nll      penalty  step     step_ti  train_a  val_acc  var     
0.12238  0.10548  0.02896  0.02916  0.03848  0.04030  0.00000  0.82297  2.30551  0.00005  0        0.16358  0.03372  0.03473  3.32213 
0.11412  0.10034  0.11160  0.10891  0.11323  0.10205  11.5486  0.10820  2.30146  0.00000  2000     0.12471  0.11241  0.10548  3.32162 
RRRRRRR args.seed:  1     args.trial_seed:  1
LRRRRRRR: 0.1
DECAY STEP: 600
env0_in  env0_ou  env1_in  env1_ou  env2_in  env2_ou  epoch    loss     nll      penalty  step     step_ti  train_a  val_acc  var     
0.09784  0.09777  0.09766  0.09176  0.09748  0.09262  0.00000  0.73231  2.29966  -0.0000  0        0.16206  0.09757  0.09219  3.32854 
0.09784  0.09777  0.09766  0.09176  0.09748  0.09262  11.5486  0.10878  2.30157  0.00000  2000     0.12511  0.09757  0.09219  3.32229 
RRRRRRR args.seed:  2     args.trial_seed:  2
LRRRRRRR: 0.1
DECAY STEP: 600
env0_in  env0_ou  env1_in  env1_ou  env2_in  env2_ou  epoch    loss     nll      penalty  step     step_ti  train_a  val_acc  var     
0.10109  0.10634  0.10019  0.10120  0.09938  0.09090  0.00000  0.68869  2.29149  0.00005  0        0.14108  0.09978  0.09605  3.30194 
0.10041  0.09948  0.10019  0.10120  0.09933  0.09176  11.5486  0.10648  2.30119  0.00001  2000     0.12491  0.09976  0.09648  3.32149 
RRRRRRR args.seed:  3     args.trial_seed:  3
LRRRRRRR: 0.1
DECAY STEP: 600
env0_in  env0_ou  env1_in  env1_ou  env2_in  env2_ou  epoch    loss     nll      penalty  step     step_ti  train_a  val_acc  var     
0.10510  0.10463  0.09775  0.10291  0.10240  0.11320  0.00000  0.71330  2.34405  0.00191  0        0.16218  0.10008  0.10806  3.38638 
0.10510  0.10463  0.09775  0.10291  0.10240  0.11320  11.5486  0.10500  2.30134  0.00000  2000     0.12447  0.10008  0.10806  3.32150 
RRRRRRR args.seed:  4     args.trial_seed:  4
LRRRRRRR: 0.1
DECAY STEP: 600
env0_in  env0_ou  env1_in  env1_ou  env2_in  env2_ou  epoch    loss     nll      penalty  step     step_ti  train_a  val_acc  var     
0.10028  0.10291  0.10199  0.08061  0.10520  0.09519  0.00000  0.71138  2.30865  0.00018  0        0.16232  0.10360  0.08790  3.32213 
0.10028  0.10291  0.10199  0.08061  0.10520  0.09519  11.5486  0.10741  2.30115  0.00000  2000     0.12438  0.10360  0.08790  3.32164 
RRRRRRR mmd_lambda:  1000.00 ib_lambda:     0.10   irm_lambda:  1000.00 val acc: 9.80 +- 0.77 test acc: 10.36 +- 0.58
RRRRRRR args.seed:  0     args.trial_seed:  0
LRRRRRRR: 0.1
DECAY STEP: 600
env0_in  env0_ou  env1_in  env1_ou  env2_in  env2_ou  epoch    loss     nll      penalty  step     step_ti  train_a  val_acc  var     
0.11435  0.10120  0.11160  0.10891  0.11341  0.10205  0.00000  3.18591  2.30551  0.00005  0        0.16272  0.11251  0.10548  3.32213 
0.80422  0.79073  0.99824  0.99828  0.98258  0.98199  11.5486  0.59686  0.13349  0.06038  2000     0.12448  0.99041  0.99013  0.25849 
RRRRRRR args.seed:  1     args.trial_seed:  1
LRRRRRRR: 0.1
DECAY STEP: 600
env0_in  env0_ou  env1_in  env1_ou  env2_in  env2_ou  epoch    loss     nll      penalty  step     step_ti  train_a  val_acc  var     
0.09784  0.09777  0.09766  0.09176  0.09748  0.09262  0.00000  3.10699  2.29966  -0.0000  0        0.16416  0.09757  0.09219  3.32854 
0.75541  0.74785  0.99603  0.99228  0.97771  0.96569  11.5486  0.60381  0.13780  0.06148  2000     0.12438  0.98687  0.97898  0.26690 
RRRRRRR args.seed:  2     args.trial_seed:  2
LRRRRRRR: 0.1
DECAY STEP: 600
env0_in  env0_ou  env1_in  env1_ou  env2_in  env2_ou  epoch    loss     nll      penalty  step     step_ti  train_a  val_acc  var     
0.10064  0.10291  0.10019  0.10120  0.09938  0.09090  0.00000  3.07439  2.29149  0.00005  0        0.16480  0.09978  0.09605  3.30194 
0.80480  0.78902  0.99711  0.99485  0.98096  0.96998  11.5486  0.60586  0.13982  0.06107  2000     0.12467  0.98903  0.98241  0.26672 
RRRRRRR args.seed:  3     args.trial_seed:  3
LRRRRRRR: 0.1
DECAY STEP: 600
env0_in  env0_ou  env1_in  env1_ou  env2_in  env2_ou  epoch    loss     nll      penalty  step     step_ti  train_a  val_acc  var     
0.10510  0.10463  0.09775  0.10291  0.10240  0.11320  0.00000  3.12398  2.34405  0.00191  0        0.16337  0.10008  0.10806  3.38638 
0.81107  0.80017  0.99846  0.99914  0.98565  0.97855  11.5486  0.58470  0.12973  0.06185  2000     0.12455  0.99206  0.98885  0.24966 
RRRRRRR args.seed:  4     args.trial_seed:  4
LRRRRRRR: 0.1
DECAY STEP: 600
env0_in  env0_ou  env1_in  env1_ou  env2_in  env2_ou  epoch    loss     nll      penalty  step     step_ti  train_a  val_acc  var     
0.10028  0.10291  0.10199  0.08061  0.10520  0.09519  0.00000  3.09203  2.30865  0.00018  0        0.16407  0.10360  0.08790  3.32213 
0.81347  0.79931  0.99788  0.99571  0.98380  0.98113  11.5486  0.58522  0.13132  0.06164  2000     0.12495  0.99084  0.98842  0.25157 
RRRRRRR mmd_lambda:  1000.00 ib_lambda:     1.00   irm_lambda:     0.10 val acc: 98.58 +- 0.43 test acc: 79.78 +- 2.15
RRRRRRR args.seed:  0     args.trial_seed:  0
LRRRRRRR: 0.1
DECAY STEP: 600
env0_in  env0_ou  env1_in  env1_ou  env2_in  env2_ou  epoch    loss     nll      penalty  step     step_ti  train_a  val_acc  var     
0.11430  0.10120  0.11160  0.10891  0.11341  0.10205  0.00000  3.18596  2.30551  0.00005  0        0.16462  0.11251  0.10548  3.32213 
0.71499  0.70240  0.99589  0.99656  0.97054  0.96655  11.5486  0.63491  0.17054  0.02139  2000     0.12492  0.98321  0.98156  0.31977 
RRRRRRR args.seed:  1     args.trial_seed:  1
LRRRRRRR: 0.1
DECAY STEP: 600
env0_in  env0_ou  env1_in  env1_ou  env2_in  env2_ou  epoch    loss     nll      penalty  step     step_ti  train_a  val_acc  var     
0.09784  0.09777  0.09766  0.09176  0.09748  0.09262  0.00000  3.10696  2.29966  -0.0000  0        0.16407  0.09757  0.09219  3.32854 
0.73755  0.72813  0.99711  0.99742  0.97550  0.96655  11.5486  0.65182  0.17107  0.02238  2000     0.12559  0.98630  0.98199  0.32362 
RRRRRRR args.seed:  2     args.trial_seed:  2
LRRRRRRR: 0.1
DECAY STEP: 600
env0_in  env0_ou  env1_in  env1_ou  env2_in  env2_ou  epoch    loss     nll      penalty  step     step_ti  train_a  val_acc  var     
0.10109  0.10548  0.10019  0.10120  0.09942  0.09090  0.00000  3.07445  2.29149  0.00005  0        0.16379  0.09981  0.09605  3.30194 
0.74986  0.72126  0.99724  0.99828  0.97527  0.96655  11.5486  0.66141  0.17180  0.02041  2000     0.12684  0.98626  0.98241  0.32236 
RRRRRRR args.seed:  3     args.trial_seed:  3
LRRRRRRR: 0.1
DECAY STEP: 600
env0_in  env0_ou  env1_in  env1_ou  env2_in  env2_ou  epoch    loss     nll      penalty  step     step_ti  train_a  val_acc  var     
0.10510  0.10463  0.09775  0.10291  0.10240  0.11320  0.00000  3.12570  2.34405  0.00191  0        0.16561  0.10008  0.10806  3.38638 
0.73777  0.73584  0.99598  0.99828  0.97591  0.96912  11.5486  0.63970  0.16506  0.02171  2000     0.12572  0.98594  0.98370  0.30813 
RRRRRRR args.seed:  4     args.trial_seed:  4
LRRRRRRR: 0.1
DECAY STEP: 600
env0_in  env0_ou  env1_in  env1_ou  env2_in  env2_ou  epoch    loss     nll      penalty  step     step_ti  train_a  val_acc  var     
0.10028  0.10291  0.10199  0.08061  0.10520  0.09519  0.00000  3.09219  2.30865  0.00018  0        0.16297  0.10360  0.08790  3.32213 
0.72054  0.69982  0.99409  0.99142  0.97108  0.97084  11.5486  0.64729  0.16893  0.02151  2000     0.12468  0.98258  0.98113  0.31437 
RRRRRRR mmd_lambda:  1000.00 ib_lambda:     1.00   irm_lambda:     1.00 val acc: 98.22 +- 0.09 test acc: 73.21 +- 1.27
RRRRRRR args.seed:  0     args.trial_seed:  0
LRRRRRRR: 0.1
DECAY STEP: 600
env0_in  env0_ou  env1_in  env1_ou  env2_in  env2_ou  epoch    loss     nll      penalty  step     step_ti  train_a  val_acc  var     
0.12757  0.10720  0.07046  0.06518  0.07497  0.07547  0.00000  1.09003  2.30551  0.00005  0        0.16441  0.07272  0.07032  3.32213 
0.11412  0.10034  0.11160  0.10891  0.11323  0.10205  11.5486  0.39359  2.28558  0.00025  2000     0.12512  0.11241  0.10548  3.29907 
RRRRRRR args.seed:  1     args.trial_seed:  1
LRRRRRRR: 0.1
DECAY STEP: 600
env0_in  env0_ou  env1_in  env1_ou  env2_in  env2_ou  epoch    loss     nll      penalty  step     step_ti  train_a  val_acc  var     
0.09784  0.09777  0.09766  0.09176  0.09748  0.09262  0.00000  1.01636  2.29966  -0.0000  0        0.16369  0.09757  0.09219  3.32854 
0.11273  0.10634  0.11440  0.12006  0.10930  0.13293  11.5486  0.39631  2.28563  0.00028  2000     0.12498  0.11185  0.12650  3.29999 
RRRRRRR args.seed:  2     args.trial_seed:  2
LRRRRRRR: 0.1
DECAY STEP: 600
env0_in  env0_ou  env1_in  env1_ou  env2_in  env2_ou  epoch    loss     nll      penalty  step     step_ti  train_a  val_acc  var     
0.10109  0.10720  0.10019  0.10120  0.09942  0.09090  0.00000  0.99127  2.29149  0.00005  0        0.16341  0.09981  0.09605  3.30194 
0.10343  0.09090  0.10254  0.09262  0.10786  0.10463  11.5486  0.39491  2.28434  0.00025  2000     0.12462  0.10520  0.09862  3.29719 
RRRRRRR args.seed:  3     args.trial_seed:  3
LRRRRRRR: 0.1
DECAY STEP: 600
env0_in  env0_ou  env1_in  env1_ou  env2_in  env2_ou  epoch    loss     nll      penalty  step     step_ti  train_a  val_acc  var     
0.10510  0.10463  0.09775  0.10291  0.10240  0.11320  0.00000  0.99456  2.34405  0.00191  0        0.16303  0.10008  0.10806  3.38638 
0.10533  0.09434  0.10438  0.10720  0.10344  0.09948  11.5486  0.39067  2.28694  0.00031  2000     0.12533  0.10391  0.10334  3.30097 
RRRRRRR args.seed:  4     args.trial_seed:  4
LRRRRRRR: 0.1
DECAY STEP: 600
env0_in  env0_ou  env1_in  env1_ou  env2_in  env2_ou  epoch    loss     nll      penalty  step     step_ti  train_a  val_acc  var     
0.10028  0.10291  0.10199  0.08061  0.10520  0.09519  0.00000  0.99340  2.30865  0.00018  0        0.16824  0.10360  0.08790  3.32213 
0.10028  0.10291  0.10199  0.08061  0.10520  0.09519  11.5486  0.39264  2.28375  0.00028  2000     0.12667  0.10360  0.08790  3.29670 
RRRRRRR mmd_lambda:  1000.00 ib_lambda:     1.00   irm_lambda:    10.00 val acc: 10.53 +- 1.27 test acc: 10.71 +- 0.54
RRRRRRR args.seed:  0     args.trial_seed:  0
LRRRRRRR: 0.1
DECAY STEP: 600
env0_in  env0_ou  env1_in  env1_ou  env2_in  env2_ou  epoch    loss     nll      penalty  step     step_ti  train_a  val_acc  var     
0.12265  0.10634  0.03216  0.03173  0.04218  0.04288  0.00000  0.90327  2.30551  0.00005  0        0.16437  0.03717  0.03730  3.32213 
0.11412  0.10034  0.11160  0.10891  0.11323  0.10205  11.5486  0.20830  2.29934  0.00001  2000     0.12598  0.11241  0.10548  3.31816 
RRRRRRR args.seed:  1     args.trial_seed:  1
LRRRRRRR: 0.1
DECAY STEP: 600
env0_in  env0_ou  env1_in  env1_ou  env2_in  env2_ou  epoch    loss     nll      penalty  step     step_ti  train_a  val_acc  var     
0.09784  0.09777  0.09766  0.09176  0.09748  0.09262  0.00000  0.83006  2.29966  -0.0000  0        0.16354  0.09757  0.09219  3.32854 
0.09784  0.09777  0.09766  0.09176  0.09748  0.09262  11.5486  0.20978  2.29958  0.00001  2000     0.12548  0.09757  0.09219  3.31955 
RRRRRRR args.seed:  2     args.trial_seed:  2
LRRRRRRR: 0.1
DECAY STEP: 600
env0_in  env0_ou  env1_in  env1_ou  env2_in  env2_ou  epoch    loss     nll      penalty  step     step_ti  train_a  val_acc  var     
0.10109  0.10634  0.10019  0.10120  0.09938  0.09090  0.00000  0.80564  2.29149  0.00005  0        0.16412  0.09978  0.09605  3.30194 
0.11318  0.12349  0.11296  0.11149  0.11120  0.10720  11.5486  0.20910  2.29860  0.00000  2000     0.12490  0.11208  0.10934  3.31780 
RRRRRRR args.seed:  3     args.trial_seed:  3
LRRRRRRR: 0.1
DECAY STEP: 600
env0_in  env0_ou  env1_in  env1_ou  env2_in  env2_ou  epoch    loss     nll      penalty  step     step_ti  train_a  val_acc  var     
0.10510  0.10463  0.09775  0.10291  0.10240  0.11320  0.00000  0.80483  2.34405  0.00191  0        0.16227  0.10008  0.10806  3.38638 
0.10510  0.10463  0.09775  0.10291  0.10240  0.11320  11.5486  0.20488  2.29954  0.00001  2000     0.12454  0.10008  0.10806  3.31892 
RRRRRRR args.seed:  4     args.trial_seed:  4
LRRRRRRR: 0.1
DECAY STEP: 600
env0_in  env0_ou  env1_in  env1_ou  env2_in  env2_ou  epoch    loss     nll      penalty  step     step_ti  train_a  val_acc  var     
0.10028  0.10291  0.10199  0.08061  0.10520  0.09519  0.00000  0.80640  2.30865  0.00018  0        0.16376  0.10360  0.08790  3.32213 
0.10028  0.10291  0.10199  0.08061  0.10520  0.09519  11.5486  0.20668  2.29935  0.00001  2000     0.12448  0.10360  0.08790  3.31900 
RRRRRRR mmd_lambda:  1000.00 ib_lambda:     1.00   irm_lambda:   100.00 val acc: 10.06 +- 0.88 test acc: 10.61 +- 0.66
RRRRRRR args.seed:  0     args.trial_seed:  0
LRRRRRRR: 0.1
DECAY STEP: 600
env0_in  env0_ou  env1_in  env1_ou  env2_in  env2_ou  epoch    loss     nll      penalty  step     step_ti  train_a  val_acc  var     
0.12238  0.10548  0.02896  0.02916  0.03848  0.04030  0.00000  0.88274  2.30551  0.00005  0        0.13870  0.03372  0.03473  3.32213 
0.11412  0.10034  0.11160  0.10891  0.11323  0.10205  11.5486  0.18702  2.30155  0.00000  2000     0.12469  0.11241  0.10548  3.32191 
RRRRRRR args.seed:  1     args.trial_seed:  1
LRRRRRRR: 0.1
DECAY STEP: 600
env0_in  env0_ou  env1_in  env1_ou  env2_in  env2_ou  epoch    loss     nll      penalty  step     step_ti  train_a  val_acc  var     
0.09784  0.09777  0.09766  0.09176  0.09748  0.09262  0.00000  0.80959  2.29966  -0.0000  0        0.16408  0.09757  0.09219  3.32854 
0.09784  0.09777  0.09766  0.09176  0.09748  0.09262  11.5486  0.18816  2.30163  0.00000  2000     0.12446  0.09757  0.09219  3.32243 
RRRRRRR args.seed:  2     args.trial_seed:  2
LRRRRRRR: 0.1
DECAY STEP: 600
env0_in  env0_ou  env1_in  env1_ou  env2_in  env2_ou  epoch    loss     nll      penalty  step     step_ti  train_a  val_acc  var     
0.10109  0.10634  0.10019  0.10120  0.09938  0.09090  0.00000  0.78524  2.29149  0.00005  0        0.16382  0.09978  0.09605  3.30194 
0.11318  0.12349  0.11296  0.11149  0.11120  0.10720  11.5486  0.18999  2.30109  0.00000  2000     0.12465  0.11208  0.10934  3.32153 
RRRRRRR args.seed:  3     args.trial_seed:  3
LRRRRRRR: 0.1
DECAY STEP: 600
env0_in  env0_ou  env1_in  env1_ou  env2_in  env2_ou  epoch    loss     nll      penalty  step     step_ti  train_a  val_acc  var     
0.10510  0.10463  0.09775  0.10291  0.10240  0.11320  0.00000  0.78398  2.34405  0.00191  0        0.13906  0.10008  0.10806  3.38638 
0.10510  0.10463  0.09775  0.10291  0.10240  0.11320  11.5486  0.18588  2.30111  0.00001  2000     0.12485  0.10008  0.10806  3.32136 
RRRRRRR args.seed:  4     args.trial_seed:  4
LRRRRRRR: 0.1
DECAY STEP: 600
env0_in  env0_ou  env1_in  env1_ou  env2_in  env2_ou  epoch    loss     nll      penalty  step     step_ti  train_a  val_acc  var     
0.10028  0.10291  0.10199  0.08061  0.10520  0.09519  0.00000  0.78585  2.30865  0.00018  0        0.16733  0.10360  0.08790  3.32213 
0.10028  0.10291  0.10199  0.08061  0.10520  0.09519  11.5486  0.18564  2.30128  0.00000  2000     0.12494  0.10360  0.08790  3.32174 
RRRRRRR mmd_lambda:  1000.00 ib_lambda:     1.00   irm_lambda:  1000.00 val acc: 10.06 +- 0.88 test acc: 10.61 +- 0.66
RRRRRRR args.seed:  0     args.trial_seed:  0
LRRRRRRR: 0.1
DECAY STEP: 600
env0_in  env0_ou  env1_in  env1_ou  env2_in  env2_ou  epoch    loss     nll      penalty  step     step_ti  train_a  val_acc  var     
0.11435  0.10120  0.11160  0.10891  0.11341  0.10205  0.00000  3.78364  2.30551  0.00005  0        0.16401  0.11251  0.10548  3.32213 
0.78911  0.76586  0.99747  0.99914  0.98082  0.97684  11.5486  1.38106  0.13441  0.06150  2000     0.12459  0.98915  0.98799  0.25957 
RRRRRRR args.seed:  1     args.trial_seed:  1
LRRRRRRR: 0.1
DECAY STEP: 600
env0_in  env0_ou  env1_in  env1_ou  env2_in  env2_ou  epoch    loss     nll      penalty  step     step_ti  train_a  val_acc  var     
0.09784  0.09777  0.09766  0.09176  0.09748  0.09262  0.00000  3.87982  2.29966  -0.0000  0        0.16282  0.09757  0.09219  3.32854 
0.74918  0.74271  0.99720  0.99571  0.97789  0.96397  11.5486  1.39211  0.13980  0.06268  2000     0.12119  0.98754  0.97984  0.27202 
RRRRRRR args.seed:  2     args.trial_seed:  2
LRRRRRRR: 0.1
DECAY STEP: 600
env0_in  env0_ou  env1_in  env1_ou  env2_in  env2_ou  epoch    loss     nll      penalty  step     step_ti  train_a  val_acc  var     
0.10064  0.10291  0.10019  0.10120  0.09938  0.09090  0.00000  4.03996  2.29149  0.00005  0        0.16266  0.09978  0.09605  3.30194 
0.80210  0.78216  0.99715  0.99656  0.98136  0.97084  11.5486  1.39881  0.13955  0.06155  2000     0.11893  0.98926  0.98370  0.26625 
RRRRRRR args.seed:  3     args.trial_seed:  3
LRRRRRRR: 0.1
DECAY STEP: 600
env0_in  env0_ou  env1_in  env1_ou  env2_in  env2_ou  epoch    loss     nll      penalty  step     step_ti  train_a  val_acc  var     
0.10510  0.10463  0.09775  0.10291  0.10240  0.11320  0.00000  3.83076  2.34405  0.00191  0        0.16420  0.10008  0.10806  3.38638 
0.78703  0.77358  0.99788  1.00000  0.98227  0.97855  11.5486  1.40914  0.13169  0.06066  2000     0.11892  0.99007  0.98928  0.25509 
RRRRRRR args.seed:  4     args.trial_seed:  4
LRRRRRRR: 0.1
DECAY STEP: 600
env0_in  env0_ou  env1_in  env1_ou  env2_in  env2_ou  epoch    loss     nll      penalty  step     step_ti  train_a  val_acc  var     
0.10028  0.10291  0.10199  0.08061  0.10520  0.09519  0.00000  3.83675  2.30865  0.00018  0        0.16303  0.10360  0.08790  3.32213 
0.79299  0.77958  0.99594  0.99656  0.98150  0.98456  11.5486  1.39330  0.13131  0.06108  2000     0.11887  0.98872  0.99056  0.25206 
RRRRRRR mmd_lambda:  1000.00 ib_lambda:    10.00   irm_lambda:     0.10 val acc: 98.63 +- 0.40 test acc: 78.41 +- 1.82
RRRRRRR args.seed:  0     args.trial_seed:  0
LRRRRRRR: 0.1
DECAY STEP: 600
env0_in  env0_ou  env1_in  env1_ou  env2_in  env2_ou  epoch    loss     nll      penalty  step     step_ti  train_a  val_acc  var     
0.11430  0.10120  0.11160  0.10891  0.11341  0.10205  0.00000  3.78370  2.30551  0.00005  0        0.16487  0.11251  0.10548  3.32213 
0.73118  0.72041  0.99612  0.99828  0.97401  0.97169  11.5486  1.44582  0.16942  0.02076  2000     0.11891  0.98506  0.98499  0.31803 
RRRRRRR args.seed:  1     args.trial_seed:  1
LRRRRRRR: 0.1
DECAY STEP: 600
env0_in  env0_ou  env1_in  env1_ou  env2_in  env2_ou  epoch    loss     nll      penalty  step     step_ti  train_a  val_acc  var     
0.09784  0.09777  0.09766  0.09176  0.09748  0.09262  0.00000  3.87979  2.29966  -0.0000  0        0.16297  0.09757  0.09219  3.32854 
0.72915  0.71869  0.99715  0.99656  0.97406  0.96312  11.5486  1.47185  0.17290  0.02194  2000     0.11884  0.98560  0.97984  0.32769 
RRRRRRR args.seed:  2     args.trial_seed:  2
LRRRRRRR: 0.1
DECAY STEP: 600
env0_in  env0_ou  env1_in  env1_ou  env2_in  env2_ou  epoch    loss     nll      penalty  step     step_ti  train_a  val_acc  var     
0.10113  0.10548  0.10019  0.10120  0.09942  0.09090  0.00000  4.04002  2.29149  0.00005  0        0.16267  0.09981  0.09605  3.30194 
0.75825  0.73928  0.99769  0.99828  0.97699  0.97084  11.5486  1.46033  0.17192  0.02059  2000     0.11885  0.98734  0.98456  0.32303 
RRRRRRR args.seed:  3     args.trial_seed:  3
LRRRRRRR: 0.1
DECAY STEP: 600
env0_in  env0_ou  env1_in  env1_ou  env2_in  env2_ou  epoch    loss     nll      penalty  step     step_ti  train_a  val_acc  var     
0.10510  0.10463  0.09775  0.10291  0.10240  0.11320  0.00000  3.83248  2.34405  0.00191  0        0.16187  0.10008  0.10806  3.38638 
0.74932  0.74614  0.99738  1.00000  0.97830  0.97169  11.5486  1.43147  0.16540  0.02184  2000     0.11888  0.98784  0.98584  0.30952 
RRRRRRR args.seed:  4     args.trial_seed:  4
LRRRRRRR: 0.1
DECAY STEP: 600
env0_in  env0_ou  env1_in  env1_ou  env2_in  env2_ou  epoch    loss     nll      penalty  step     step_ti  train_a  val_acc  var     
0.10028  0.10291  0.10199  0.08061  0.10520  0.09519  0.00000  3.83692  2.30865  0.00018  0        0.16189  0.10360  0.08790  3.32213 
0.70092  0.68696  0.99296  0.99228  0.96882  0.96912  11.5486  1.44337  0.16810  0.02168  2000     0.11967  0.98089  0.98070  0.31319 
RRRRRRR mmd_lambda:  1000.00 ib_lambda:    10.00   irm_lambda:     1.00 val acc: 98.32 +- 0.24 test acc: 73.38 +- 1.97
RRRRRRR args.seed:  0     args.trial_seed:  0
LRRRRRRR: 0.1
DECAY STEP: 600
env0_in  env0_ou  env1_in  env1_ou  env2_in  env2_ou  epoch    loss     nll      penalty  step     step_ti  train_a  val_acc  var     
0.12761  0.10720  0.07046  0.06518  0.07497  0.07547  0.00000  1.68777  2.30551  0.00005  0        0.16338  0.07272  0.07032  3.32213 
0.11412  0.10034  0.11160  0.10891  0.11323  0.10205  11.5486  1.19070  2.28512  0.00026  2000     0.12095  0.11241  0.10548  3.29838 
RRRRRRR args.seed:  1     args.trial_seed:  1
LRRRRRRR: 0.1
DECAY STEP: 600
env0_in  env0_ou  env1_in  env1_ou  env2_in  env2_ou  epoch    loss     nll      penalty  step     step_ti  train_a  val_acc  var     
0.09784  0.09777  0.09766  0.09176  0.09748  0.09262  0.00000  1.78919  2.29966  -0.0000  0        0.16226  0.09757  0.09219  3.32854 
0.11273  0.10634  0.11440  0.12006  0.10930  0.13293  11.5486  1.19992  2.28709  0.00029  2000     0.12108  0.11185  0.12650  3.30170 
RRRRRRR args.seed:  2     args.trial_seed:  2
LRRRRRRR: 0.1
DECAY STEP: 600
env0_in  env0_ou  env1_in  env1_ou  env2_in  env2_ou  epoch    loss     nll      penalty  step     step_ti  train_a  val_acc  var     
0.10109  0.10720  0.10019  0.10120  0.09942  0.09090  0.00000  1.95684  2.29149  0.00005  0        0.16271  0.09981  0.09605  3.30194 
0.09996  0.10720  0.10254  0.10463  0.10344  0.09605  11.5486  1.20170  2.28681  0.00024  2000     0.12091  0.10299  0.10034  3.30088 
RRRRRRR args.seed:  3     args.trial_seed:  3
LRRRRRRR: 0.1
DECAY STEP: 600
env0_in  env0_ou  env1_in  env1_ou  env2_in  env2_ou  epoch    loss     nll      penalty  step     step_ti  train_a  val_acc  var     
0.10510  0.10463  0.09775  0.10291  0.10240  0.11320  0.00000  1.70134  2.34405  0.00191  0        0.16119  0.10008  0.10806  3.38638 
0.10533  0.09434  0.10438  0.10720  0.10344  0.09948  11.5486  1.19242  2.28380  0.00030  2000     0.12089  0.10391  0.10334  3.29642 
RRRRRRR args.seed:  4     args.trial_seed:  4
LRRRRRRR: 0.1
DECAY STEP: 600
env0_in  env0_ou  env1_in  env1_ou  env2_in  env2_ou  epoch    loss     nll      penalty  step     step_ti  train_a  val_acc  var     
0.10028  0.10291  0.10199  0.08061  0.10520  0.09519  0.00000  1.73812  2.30865  0.00018  0        0.16307  0.10360  0.08790  3.32213 
0.10028  0.10291  0.10199  0.08061  0.10520  0.09519  11.5486  1.19521  2.28439  0.00031  2000     0.12128  0.10360  0.08790  3.29763 
RRRRRRR mmd_lambda:  1000.00 ib_lambda:    10.00   irm_lambda:    10.00 val acc: 10.57 +- 1.25 test acc: 10.64 +- 0.60
RRRRRRR args.seed:  0     args.trial_seed:  0
LRRRRRRR: 0.1
DECAY STEP: 600
env0_in  env0_ou  env1_in  env1_ou  env2_in  env2_ou  epoch    loss     nll      penalty  step     step_ti  train_a  val_acc  var     
0.12265  0.10634  0.03216  0.03173  0.04218  0.04288  0.00000  1.50100  2.30551  0.00005  0        0.16619  0.03717  0.03730  3.32213 
0.11412  0.10034  0.11160  0.10891  0.11323  0.10205  11.5486  1.00609  2.29927  0.00000  2000     0.12075  0.11241  0.10548  3.31823 
RRRRRRR args.seed:  1     args.trial_seed:  1
LRRRRRRR: 0.1
DECAY STEP: 600
env0_in  env0_ou  env1_in  env1_ou  env2_in  env2_ou  epoch    loss     nll      penalty  step     step_ti  train_a  val_acc  var     
0.09784  0.09777  0.09766  0.09176  0.09748  0.09262  0.00000  1.60289  2.29966  -0.0000  0        0.16223  0.09757  0.09219  3.32854 
0.09784  0.09777  0.09766  0.09176  0.09748  0.09262  11.5486  1.01491  2.29938  0.00001  2000     0.12085  0.09757  0.09219  3.31906 
RRRRRRR args.seed:  2     args.trial_seed:  2
LRRRRRRR: 0.1
DECAY STEP: 600
env0_in  env0_ou  env1_in  env1_ou  env2_in  env2_ou  epoch    loss     nll      penalty  step     step_ti  train_a  val_acc  var     
0.10109  0.10634  0.10019  0.10120  0.09933  0.09090  0.00000  1.77121  2.29149  0.00005  0        0.16274  0.09976  0.09605  3.30194 
0.11318  0.12349  0.11296  0.11149  0.11120  0.10720  11.5486  1.01270  2.29888  0.00000  2000     0.12083  0.11208  0.10934  3.31798 
RRRRRRR args.seed:  3     args.trial_seed:  3
LRRRRRRR: 0.1
DECAY STEP: 600
env0_in  env0_ou  env1_in  env1_ou  env2_in  env2_ou  epoch    loss     nll      penalty  step     step_ti  train_a  val_acc  var     
0.10510  0.10463  0.09775  0.10291  0.10240  0.11320  0.00000  1.51161  2.34405  0.00191  0        0.13938  0.10008  0.10806  3.38638 
0.10510  0.10463  0.09775  0.10291  0.10240  0.11320  11.5486  1.00476  2.29973  0.00001  2000     0.12119  0.10008  0.10806  3.31905 
RRRRRRR args.seed:  4     args.trial_seed:  4
LRRRRRRR: 0.1
DECAY STEP: 600
env0_in  env0_ou  env1_in  env1_ou  env2_in  env2_ou  epoch    loss     nll      penalty  step     step_ti  train_a  val_acc  var     
0.10028  0.10291  0.10199  0.08061  0.10520  0.09519  0.00000  1.55112  2.30865  0.00018  0        0.16432  0.10360  0.08790  3.32213 
0.10028  0.10291  0.10199  0.08061  0.10520  0.09519  11.5486  1.01021  2.29935  0.00000  2000     0.12105  0.10360  0.08790  3.31895 
RRRRRRR mmd_lambda:  1000.00 ib_lambda:    10.00   irm_lambda:   100.00 val acc: 10.06 +- 0.88 test acc: 10.61 +- 0.66
RRRRRRR args.seed:  0     args.trial_seed:  0
LRRRRRRR: 0.1
DECAY STEP: 600
env0_in  env0_ou  env1_in  env1_ou  env2_in  env2_ou  epoch    loss     nll      penalty  step     step_ti  train_a  val_acc  var     
0.12233  0.10548  0.02896  0.02916  0.03843  0.04030  0.00000  1.48048  2.30551  0.00005  0        0.13710  0.03369  0.03473  3.32213 
0.10194  0.07890  0.10425  0.09262  0.10141  0.10463  11.5486  0.98674  2.30138  0.00000  2000     0.12126  0.10283  0.09862  3.32136 
RRRRRRR args.seed:  1     args.trial_seed:  1
LRRRRRRR: 0.1
DECAY STEP: 600
env0_in  env0_ou  env1_in  env1_ou  env2_in  env2_ou  epoch    loss     nll      penalty  step     step_ti  train_a  val_acc  var     
0.09784  0.09777  0.09766  0.09176  0.09748  0.09262  0.00000  1.58242  2.29966  -0.0000  0        0.16261  0.09757  0.09219  3.32854 
0.09784  0.09777  0.09766  0.09176  0.09748  0.09262  11.5486  0.99438  2.30150  0.00000  2000     0.12082  0.09757  0.09219  3.32222 
RRRRRRR args.seed:  2     args.trial_seed:  2
LRRRRRRR: 0.1
DECAY STEP: 600
env0_in  env0_ou  env1_in  env1_ou  env2_in  env2_ou  epoch    loss     nll      penalty  step     step_ti  train_a  val_acc  var     
0.10109  0.10634  0.10019  0.10120  0.09938  0.09090  0.00000  1.75081  2.29149  0.00005  0        0.16105  0.09978  0.09605  3.30194 
0.10041  0.09948  0.10019  0.10120  0.09933  0.09176  11.5486  0.99712  2.30095  0.00000  2000     0.12086  0.09976  0.09648  3.32109 
RRRRRRR args.seed:  3     args.trial_seed:  3
LRRRRRRR: 0.1
DECAY STEP: 600
env0_in  env0_ou  env1_in  env1_ou  env2_in  env2_ou  epoch    loss     nll      penalty  step     step_ti  train_a  val_acc  var     
0.10510  0.10463  0.09775  0.10291  0.10240  0.11320  0.00000  1.49076  2.34405  0.00191  0        0.16863  0.10008  0.10806  3.38638 
0.10510  0.10463  0.09775  0.10291  0.10240  0.11320  11.5486  0.98561  2.30137  0.00001  2000     0.12119  0.10008  0.10806  3.32160 
RRRRRRR args.seed:  4     args.trial_seed:  4
LRRRRRRR: 0.1
DECAY STEP: 600
env0_in  env0_ou  env1_in  env1_ou  env2_in  env2_ou  epoch    loss     nll      penalty  step     step_ti  train_a  val_acc  var     
0.10028  0.10291  0.10199  0.08061  0.10520  0.09519  0.00000  1.53057  2.30865  0.00018  0        0.16259  0.10360  0.08790  3.32213 
0.10028  0.10291  0.10199  0.08061  0.10520  0.09519  11.5486  0.98914  2.30103  0.00000  2000     0.12081  0.10360  0.08790  3.32141 
RRRRRRR mmd_lambda:  1000.00 ib_lambda:    10.00   irm_lambda:  1000.00 val acc: 9.67 +- 0.68 test acc: 10.11 +- 0.24
RRRRRRR args.seed:  0     args.trial_seed:  0
LRRRRRRR: 0.1
DECAY STEP: 600
env0_in  env0_ou  env1_in  env1_ou  env2_in  env2_ou  epoch    loss     nll      penalty  step     step_ti  train_a  val_acc  var     
0.11435  0.10120  0.11160  0.10891  0.11341  0.10205  0.00000  9.76103  2.30551  0.00005  0        0.16302  0.11251  0.10548  3.32213 
0.80724  0.79674  0.99837  0.99828  0.98407  0.97941  11.5486  9.38719  0.13295  0.06034  2000     0.12086  0.99122  0.98885  0.25660 
RRRRRRR args.seed:  1     args.trial_seed:  1
LRRRRRRR: 0.1
DECAY STEP: 600
env0_in  env0_ou  env1_in  env1_ou  env2_in  env2_ou  epoch    loss     nll      penalty  step     step_ti  train_a  val_acc  var     
0.09784  0.09777  0.09766  0.09176  0.09748  0.09262  0.00000  11.6081  2.29966  -0.0000  0        0.16456  0.09757  0.09219  3.32854 
0.77183  0.76500  0.99733  0.99656  0.98042  0.96741  11.5486  9.43441  0.13771  0.06229  2000     0.12040  0.98888  0.98199  0.26675 
RRRRRRR args.seed:  2     args.trial_seed:  2
LRRRRRRR: 0.1
DECAY STEP: 600
env0_in  env0_ou  env1_in  env1_ou  env2_in  env2_ou  epoch    loss     nll      penalty  step     step_ti  train_a  val_acc  var     
0.10091  0.10377  0.10019  0.10120  0.09942  0.09090  0.00000  13.6956  2.29149  0.00005  0        0.16337  0.09981  0.09605  3.30194 
0.79804  0.78387  0.99702  0.99656  0.98096  0.97341  11.5486  9.47893  0.14078  0.06111  2000     0.11939  0.98899  0.98499  0.26921 
RRRRRRR args.seed:  3     args.trial_seed:  3
LRRRRRRR: 0.1
DECAY STEP: 600
env0_in  env0_ou  env1_in  env1_ou  env2_in  env2_ou  epoch    loss     nll      penalty  step     step_ti  train_a  val_acc  var     
0.10510  0.10463  0.09775  0.10291  0.10240  0.11320  0.00000  10.8985  2.34405  0.00191  0        0.16390  0.10008  0.10806  3.38638 
0.79285  0.79245  0.99751  0.99914  0.98127  0.97255  11.5486  9.39053  0.13126  0.06203  2000     0.11925  0.98939  0.98584  0.25347 
RRRRRRR args.seed:  4     args.trial_seed:  4
LRRRRRRR: 0.1
DECAY STEP: 600
env0_in  env0_ou  env1_in  env1_ou  env2_in  env2_ou  epoch    loss     nll      penalty  step     step_ti  train_a  val_acc  var     
0.10028  0.10291  0.10199  0.08061  0.10520  0.09519  0.00000  11.2839  2.30865  0.00018  0        0.16418  0.10360  0.08790  3.32213 
0.76899  0.75814  0.99589  0.99742  0.97902  0.97084  11.5486  9.40995  0.13342  0.06274  2000     0.11922  0.98745  0.98413  0.25640 
RRRRRRR mmd_lambda:  1000.00 ib_lambda:   100.00   irm_lambda:     0.10 val acc: 98.52 +- 0.22 test acc: 78.78 +- 1.49
RRRRRRR args.seed:  0     args.trial_seed:  0
LRRRRRRR: 0.1
DECAY STEP: 600
env0_in  env0_ou  env1_in  env1_ou  env2_in  env2_ou  epoch    loss     nll      penalty  step     step_ti  train_a  val_acc  var     
0.11430  0.10120  0.11160  0.10891  0.11341  0.10205  0.00000  9.76108  2.30551  0.00005  0        0.16333  0.11251  0.10548  3.32213 
0.70245  0.68353  0.99499  0.99742  0.96932  0.96397  11.5486  9.42784  0.16938  0.02121  2000     0.11919  0.98215  0.98070  0.31709 
RRRRRRR args.seed:  1     args.trial_seed:  1
LRRRRRRR: 0.1
DECAY STEP: 600
env0_in  env0_ou  env1_in  env1_ou  env2_in  env2_ou  epoch    loss     nll      penalty  step     step_ti  train_a  val_acc  var     
0.09784  0.09777  0.09766  0.09176  0.09748  0.09262  0.00000  11.6081  2.29966  -0.0000  0        0.16337  0.09757  0.09219  3.32854 
0.73958  0.71869  0.99697  0.99656  0.97518  0.95797  11.5486  9.50149  0.17276  0.02236  2000     0.11919  0.98608  0.97727  0.32670 
RRRRRRR args.seed:  2     args.trial_seed:  2
LRRRRRRR: 0.1
DECAY STEP: 600
env0_in  env0_ou  env1_in  env1_ou  env2_in  env2_ou  epoch    loss     nll      penalty  step     step_ti  train_a  val_acc  var     
0.10127  0.10548  0.10019  0.10120  0.09942  0.09090  0.00000  13.6957  2.29149  0.00005  0        0.13854  0.09981  0.09605  3.30194 
0.75469  0.72126  0.99715  0.99656  0.97550  0.96741  11.5486  9.51931  0.17136  0.02064  2000     0.11910  0.98633  0.98199  0.32132 
RRRRRRR args.seed:  3     args.trial_seed:  3
LRRRRRRR: 0.1
DECAY STEP: 600
env0_in  env0_ou  env1_in  env1_ou  env2_in  env2_ou  epoch    loss     nll      penalty  step     step_ti  train_a  val_acc  var     
0.10510  0.10463  0.09775  0.10291  0.10240  0.11320  0.00000  10.9002  2.34405  0.00191  0        0.16582  0.10008  0.10806  3.38638 
0.75306  0.74785  0.99706  0.99914  0.97879  0.96826  11.5486  9.44617  0.16466  0.02133  2000     0.11909  0.98793  0.98370  0.30820 
RRRRRRR args.seed:  4     args.trial_seed:  4
LRRRRRRR: 0.1
DECAY STEP: 600
env0_in  env0_ou  env1_in  env1_ou  env2_in  env2_ou  epoch    loss     nll      penalty  step     step_ti  train_a  val_acc  var     
0.10028  0.10291  0.10199  0.08061  0.10520  0.09519  0.00000  11.2841  2.30865  0.00018  0        0.16223  0.10360  0.08790  3.32213 
0.72415  0.71698  0.99485  0.99228  0.97284  0.96912  11.5486  9.47901  0.16829  0.02178  2000     0.11875  0.98385  0.98070  0.31334 
RRRRRRR mmd_lambda:  1000.00 ib_lambda:   100.00   irm_lambda:     1.00 val acc: 98.09 +- 0.21 test acc: 73.48 +- 1.96
RRRRRRR args.seed:  0     args.trial_seed:  0
LRRRRRRR: 0.1
DECAY STEP: 600
env0_in  env0_ou  env1_in  env1_ou  env2_in  env2_ou  epoch    loss     nll      penalty  step     step_ti  train_a  val_acc  var     
0.12761  0.10720  0.07024  0.06518  0.07493  0.07547  0.00000  7.66515  2.30551  0.00005  0        0.16295  0.07258  0.07032  3.32213 
0.11412  0.10034  0.11160  0.10891  0.11323  0.10205  11.5486  9.18412  2.28531  0.00027  2000     0.11874  0.11241  0.10548  3.29882 
RRRRRRR args.seed:  1     args.trial_seed:  1
LRRRRRRR: 0.1
DECAY STEP: 600
env0_in  env0_ou  env1_in  env1_ou  env2_in  env2_ou  epoch    loss     nll      penalty  step     step_ti  train_a  val_acc  var     
0.09784  0.09777  0.09766  0.09176  0.09748  0.09262  0.00000  9.51751  2.29966  -0.0000  0        0.16529  0.09757  0.09219  3.32854 
0.11273  0.10634  0.11440  0.12006  0.10930  0.13293  11.5486  9.24058  2.28673  0.00028  2000     0.11875  0.11185  0.12650  3.30173 
RRRRRRR args.seed:  2     args.trial_seed:  2
LRRRRRRR: 0.1
DECAY STEP: 600
env0_in  env0_ou  env1_in  env1_ou  env2_in  env2_ou  epoch    loss     nll      penalty  step     step_ti  train_a  val_acc  var     
0.10091  0.10720  0.10019  0.10120  0.09929  0.09090  0.00000  11.6125  2.29149  0.00005  0        0.13752  0.09974  0.09605  3.30194 
0.10343  0.09090  0.10254  0.09262  0.10786  0.10463  11.5486  9.26236  2.28454  0.00024  2000     0.11877  0.10520  0.09862  3.29746 
RRRRRRR args.seed:  3     args.trial_seed:  3
LRRRRRRR: 0.1
DECAY STEP: 600
env0_in  env0_ou  env1_in  env1_ou  env2_in  env2_ou  epoch    loss     nll      penalty  step     step_ti  train_a  val_acc  var     
0.10510  0.10463  0.09775  0.10291  0.10240  0.11320  0.00000  8.76916  2.34405  0.00191  0        0.16714  0.10008  0.10806  3.38638 
0.11155  0.11063  0.11151  0.11835  0.11399  0.11835  11.5486  9.19461  2.28607  0.00028  2000     0.11882  0.11275  0.11835  3.29982 
RRRRRRR args.seed:  4     args.trial_seed:  4
LRRRRRRR: 0.1
DECAY STEP: 600
env0_in  env0_ou  env1_in  env1_ou  env2_in  env2_ou  epoch    loss     nll      penalty  step     step_ti  train_a  val_acc  var     
0.10028  0.10291  0.10199  0.08061  0.10520  0.09519  0.00000  9.18534  2.30865  0.00018  0        0.16270  0.10360  0.08790  3.32213 
0.10028  0.10291  0.10199  0.08061  0.10520  0.09519  11.5486  9.23067  2.28584  0.00028  2000     0.11875  0.10360  0.08790  3.29942 
RRRRRRR mmd_lambda:  1000.00 ib_lambda:   100.00   irm_lambda:    10.00 val acc: 10.74 +- 1.38 test acc: 10.84 +- 0.55
RRRRRRR args.seed:  0     args.trial_seed:  0
LRRRRRRR: 0.1
DECAY STEP: 600
env0_in  env0_ou  env1_in  env1_ou  env2_in  env2_ou  epoch    loss     nll      penalty  step     step_ti  train_a  val_acc  var     
0.12256  0.10634  0.03198  0.03087  0.04195  0.04288  0.00000  7.47839  2.30551  0.00005  0        0.16619  0.03696  0.03687  3.32213 
0.11412  0.10034  0.11160  0.10891  0.11323  0.10205  11.5486  9.00127  2.30017  0.00000  2000     0.11883  0.11241  0.10548  3.31925 
RRRRRRR args.seed:  1     args.trial_seed:  1
LRRRRRRR: 0.1
DECAY STEP: 600
env0_in  env0_ou  env1_in  env1_ou  env2_in  env2_ou  epoch    loss     nll      penalty  step     step_ti  train_a  val_acc  var     
0.09784  0.09777  0.09766  0.09176  0.09748  0.09262  0.00000  9.33121  2.29966  -0.0000  0        0.16298  0.09757  0.09219  3.32854 
0.09784  0.09777  0.09766  0.09176  0.09748  0.09262  11.5486  9.05456  2.30038  0.00000  2000     0.11902  0.09757  0.09219  3.32007 
RRRRRRR args.seed:  2     args.trial_seed:  2
LRRRRRRR: 0.1
DECAY STEP: 600
env0_in  env0_ou  env1_in  env1_ou  env2_in  env2_ou  epoch    loss     nll      penalty  step     step_ti  train_a  val_acc  var     
0.10100  0.10634  0.10019  0.10120  0.09942  0.09090  0.00000  11.4269  2.29149  0.00005  0        0.16745  0.09981  0.09605  3.30194 
0.11318  0.12349  0.11296  0.11149  0.11120  0.10720  11.5486  9.07696  2.29984  0.00000  2000     0.11882  0.11208  0.10934  3.31917 
RRRRRRR args.seed:  3     args.trial_seed:  3
LRRRRRRR: 0.1
DECAY STEP: 600
env0_in  env0_ou  env1_in  env1_ou  env2_in  env2_ou  epoch    loss     nll      penalty  step     step_ti  train_a  val_acc  var     
0.10510  0.10463  0.09775  0.10291  0.10240  0.11320  0.00000  8.57943  2.34405  0.00191  0        0.16120  0.10008  0.10806  3.38638 
0.11155  0.11063  0.11151  0.11835  0.11399  0.11835  11.5486  9.01150  2.30046  0.00000  2000     0.11926  0.11275  0.11835  3.31977 
RRRRRRR args.seed:  4     args.trial_seed:  4
LRRRRRRR: 0.1
DECAY STEP: 600
env0_in  env0_ou  env1_in  env1_ou  env2_in  env2_ou  epoch    loss     nll      penalty  step     step_ti  train_a  val_acc  var     
0.10028  0.10291  0.10199  0.08061  0.10520  0.09519  0.00000  8.99834  2.30865  0.00018  0        0.16511  0.10360  0.08790  3.32213 
0.10028  0.10291  0.10199  0.08061  0.10520  0.09519  11.5486  9.04456  2.30013  0.00000  2000     0.11932  0.10360  0.08790  3.31964 
RRRRRRR mmd_lambda:  1000.00 ib_lambda:   100.00   irm_lambda:   100.00 val acc: 10.27 +- 1.12 test acc: 10.74 +- 0.69
RRRRRRR args.seed:  0     args.trial_seed:  0
LRRRRRRR: 0.1
DECAY STEP: 600
env0_in  env0_ou  env1_in  env1_ou  env2_in  env2_ou  epoch    loss     nll      penalty  step     step_ti  train_a  val_acc  var     
0.12229  0.10548  0.02887  0.02916  0.03812  0.04030  0.00000  7.45787  2.30551  0.00005  0        0.16151  0.03349  0.03473  3.32213 
0.09879  0.10377  0.09672  0.10720  0.10249  0.09090  11.5486  8.97997  2.30195  0.00000  2000     0.11933  0.09960  0.09905  3.32184 
RRRRRRR args.seed:  1     args.trial_seed:  1
LRRRRRRR: 0.1
DECAY STEP: 600
env0_in  env0_ou  env1_in  env1_ou  env2_in  env2_ou  epoch    loss     nll      penalty  step     step_ti  train_a  val_acc  var     
0.09784  0.09777  0.09766  0.09176  0.09748  0.09262  0.00000  9.31074  2.29966  -0.0000  0        0.16229  0.09757  0.09219  3.32854 
0.09784  0.09777  0.09766  0.09176  0.09748  0.09262  11.5486  9.03625  2.30225  0.00000  2000     0.11906  0.09757  0.09219  3.32263 
RRRRRRR args.seed:  2     args.trial_seed:  2
LRRRRRRR: 0.1
DECAY STEP: 600
env0_in  env0_ou  env1_in  env1_ou  env2_in  env2_ou  epoch    loss     nll      penalty  step     step_ti  train_a  val_acc  var     
0.10100  0.10634  0.10019  0.10120  0.09942  0.09090  0.00000  11.4065  2.29149  0.00005  0        0.16236  0.09981  0.09605  3.30194 
0.11318  0.12349  0.11296  0.11149  0.11120  0.10720  11.5486  9.05797  2.30150  0.00000  2000     0.11875  0.11208  0.10934  3.32150 
RRRRRRR args.seed:  3     args.trial_seed:  3
LRRRRRRR: 0.1
DECAY STEP: 600
env0_in  env0_ou  env1_in  env1_ou  env2_in  env2_ou  epoch    loss     nll      penalty  step     step_ti  train_a  val_acc  var     
0.10510  0.10463  0.09775  0.10291  0.10240  0.11320  0.00000  8.55858  2.34405  0.00191  0        0.16291  0.10008  0.10806  3.38638 
0.10533  0.09434  0.10438  0.10720  0.10344  0.09948  11.5486  8.98980  2.30226  0.00000  2000     0.11902  0.10391  0.10334  3.32231 
RRRRRRR args.seed:  4     args.trial_seed:  4
LRRRRRRR: 0.1
DECAY STEP: 600
env0_in  env0_ou  env1_in  env1_ou  env2_in  env2_ou  epoch    loss     nll      penalty  step     step_ti  train_a  val_acc  var     
0.10028  0.10291  0.10199  0.08061  0.10520  0.09519  0.00000  8.97779  2.30865  0.00018  0        0.16302  0.10360  0.08790  3.32213 
0.10028  0.10291  0.10199  0.08061  0.10520  0.09519  11.5486  9.02340  2.30166  0.00000  2000     0.11883  0.10360  0.08790  3.32175 
RRRRRRR mmd_lambda:  1000.00 ib_lambda:   100.00   irm_lambda:  1000.00 val acc: 9.93 +- 0.85 test acc: 10.30 +- 0.57
RRRRRRR args.seed:  0     args.trial_seed:  0
LRRRRRRR: 0.1
DECAY STEP: 600
env0_in  env0_ou  env1_in  env1_ou  env2_in  env2_ou  epoch    loss     nll      penalty  step     step_ti  train_a  val_acc  var     
0.11435  0.10120  0.11160  0.10891  0.11341  0.10205  0.00000  69.5348  2.30551  0.00005  0        0.16659  0.11251  0.10548  3.32213 
0.79127  0.76157  0.99783  0.99914  0.98114  0.97941  11.5486  89.3258  0.13398  0.06148  2000     0.11899  0.98948  0.98928  0.25864 
RRRRRRR args.seed:  1     args.trial_seed:  1
LRRRRRRR: 0.1
DECAY STEP: 600
env0_in  env0_ou  env1_in  env1_ou  env2_in  env2_ou  epoch    loss     nll      penalty  step     step_ti  train_a  val_acc  var     
0.09784  0.09777  0.09766  0.09176  0.09748  0.09262  0.00000  88.8913  2.29966  -0.0000  0        0.16214  0.09757  0.09219  3.32854 
0.77688  0.76672  0.99801  0.99742  0.98037  0.97341  11.5486  89.8604  0.13705  0.06207  2000     0.11882  0.98919  0.98542  0.26614 
RRRRRRR args.seed:  2     args.trial_seed:  2
LRRRRRRR: 0.1
DECAY STEP: 600
env0_in  env0_ou  env1_in  env1_ou  env2_in  env2_ou  epoch    loss     nll      penalty  step     step_ti  train_a  val_acc  var     
0.10280  0.10720  0.10019  0.10120  0.09947  0.09090  0.00000  110.252  2.29149  0.00005  0        0.16641  0.09983  0.09605  3.30194 
0.78568  0.77530  0.99666  0.99571  0.97983  0.96569  11.5486  90.0931  0.13820  0.06136  2000     0.11881  0.98824  0.98070  0.26394 
RRRRRRR args.seed:  3     args.trial_seed:  3
LRRRRRRR: 0.1
DECAY STEP: 600
env0_in  env0_ou  env1_in  env1_ou  env2_in  env2_ou  epoch    loss     nll      penalty  step     step_ti  train_a  val_acc  var     
0.10510  0.10463  0.09775  0.10291  0.10240  0.11320  0.00000  81.5767  2.34405  0.00191  0        0.16216  0.10008  0.10806  3.38638 
0.80629  0.80360  0.99815  0.99914  0.98479  0.97598  11.5486  89.4243  0.13037  0.06215  2000     0.11882  0.99147  0.98756  0.25150 
RRRRRRR args.seed:  4     args.trial_seed:  4
LRRRRRRR: 0.1
DECAY STEP: 600
env0_in  env0_ou  env1_in  env1_ou  env2_in  env2_ou  epoch    loss     nll      penalty  step     step_ti  train_a  val_acc  var     
0.10028  0.10291  0.10199  0.08061  0.10520  0.09519  0.00000  85.7561  2.30865  0.00018  0        0.16411  0.10360  0.08790  3.32213 
0.81243  0.79502  0.99792  0.99742  0.98511  0.98199  11.5486  89.7556  0.13158  0.06260  2000     0.11891  0.99151  0.98970  0.25112 
RRRRRRR mmd_lambda:  1000.00 ib_lambda:  1000.00   irm_lambda:     0.10 val acc: 98.65 +- 0.33 test acc: 79.45 +- 1.31
RRRRRRR args.seed:  0     args.trial_seed:  0
LRRRRRRR: 0.1
DECAY STEP: 600
env0_in  env0_ou  env1_in  env1_ou  env2_in  env2_ou  epoch    loss     nll      penalty  step     step_ti  train_a  val_acc  var     
0.11430  0.10120  0.11160  0.10891  0.11341  0.10205  0.00000  69.5349  2.30551  0.00005  0        0.16277  0.11251  0.10548  3.32213 
0.73137  0.73070  0.99688  0.99742  0.97410  0.97341  11.5486  89.3826  0.16992  0.02077  2000     0.11892  0.98549  0.98542  0.31909 
RRRRRRR args.seed:  1     args.trial_seed:  1
LRRRRRRR: 0.1
DECAY STEP: 600
env0_in  env0_ou  env1_in  env1_ou  env2_in  env2_ou  epoch    loss     nll      penalty  step     step_ti  train_a  val_acc  var     
0.09784  0.09777  0.09766  0.09176  0.09748  0.09262  0.00000  88.8913  2.29966  -0.0000  0        0.16352  0.09757  0.09219  3.32854 
0.74318  0.72212  0.99742  0.99742  0.97609  0.96312  11.5486  89.9034  0.17118  0.02276  2000     0.11887  0.98676  0.98027  0.32317 
RRRRRRR args.seed:  2     args.trial_seed:  2
LRRRRRRR: 0.1
DECAY STEP: 600
env0_in  env0_ou  env1_in  env1_ou  env2_in  env2_ou  epoch    loss     nll      penalty  step     step_ti  train_a  val_acc  var     
0.10334  0.10977  0.10019  0.10120  0.09938  0.09090  0.00000  110.252  2.29149  0.00005  0        0.16603  0.09978  0.09605  3.30194 
0.75744  0.73327  0.99756  0.99914  0.97685  0.96998  11.5486  90.1499  0.17179  0.02035  2000     0.11921  0.98721  0.98456  0.32307 
RRRRRRR args.seed:  3     args.trial_seed:  3
LRRRRRRR: 0.1
DECAY STEP: 600
env0_in  env0_ou  env1_in  env1_ou  env2_in  env2_ou  epoch    loss     nll      penalty  step     step_ti  train_a  val_acc  var     
0.10510  0.10463  0.09775  0.10291  0.10240  0.11320  0.00000  81.5784  2.34405  0.00191  0        0.16256  0.10008  0.10806  3.38638 
0.75018  0.74271  0.99729  0.99914  0.97717  0.96912  11.5486  89.5080  0.16776  0.02114  2000     0.11880  0.98723  0.98413  0.31434 
RRRRRRR args.seed:  4     args.trial_seed:  4
LRRRRRRR: 0.1
DECAY STEP: 600
env0_in  env0_ou  env1_in  env1_ou  env2_in  env2_ou  epoch    loss     nll      penalty  step     step_ti  train_a  val_acc  var     
0.10028  0.10291  0.10199  0.08061  0.10520  0.09519  0.00000  85.7562  2.30865  0.00018  0        0.16364  0.10360  0.08790  3.32213 
0.70304  0.69897  0.99314  0.98970  0.96882  0.96826  11.5486  89.8228  0.16761  0.02156  2000     0.11894  0.98098  0.97898  0.31115 
RRRRRRR mmd_lambda:  1000.00 ib_lambda:  1000.00   irm_lambda:     1.00 val acc: 98.27 +- 0.26 test acc: 73.70 +- 1.91
RRRRRRR args.seed:  0     args.trial_seed:  0
LRRRRRRR: 0.1
DECAY STEP: 600
env0_in  env0_ou  env1_in  env1_ou  env2_in  env2_ou  epoch    loss     nll      penalty  step     step_ti  train_a  val_acc  var     
0.12757  0.10977  0.06807  0.06260  0.07353  0.07204  0.00000  67.4390  2.30551  0.00005  0        0.16756  0.07080  0.06732  3.32213 
0.11412  0.10034  0.11160  0.10891  0.11323  0.10205  11.5486  89.1305  2.29506  0.00010  2000     0.11907  0.11241  0.10548  3.31131 
RRRRRRR args.seed:  1     args.trial_seed:  1
LRRRRRRR: 0.1
DECAY STEP: 600
env0_in  env0_ou  env1_in  env1_ou  env2_in  env2_ou  epoch    loss     nll      penalty  step     step_ti  train_a  val_acc  var     
0.09784  0.09777  0.09766  0.09176  0.09748  0.09262  0.00000  86.8007  2.29966  -0.0000  0        0.16329  0.09757  0.09219  3.32854 
0.11273  0.10634  0.11440  0.12006  0.10930  0.13293  11.5486  89.6595  2.29515  0.00014  2000     0.11887  0.11185  0.12650  3.31253 
RRRRRRR args.seed:  2     args.trial_seed:  2
LRRRRRRR: 0.1
DECAY STEP: 600
env0_in  env0_ou  env1_in  env1_ou  env2_in  env2_ou  epoch    loss     nll      penalty  step     step_ti  train_a  val_acc  var     
0.10131  0.10548  0.10019  0.10120  0.09969  0.09176  0.00000  108.169  2.29149  0.00005  0        0.16351  0.09994  0.09648  3.30194 
0.11318  0.12349  0.11296  0.11149  0.11120  0.10720  11.5486  89.8870  2.29482  0.00011  2000     0.11895  0.11208  0.10934  3.31127 
RRRRRRR args.seed:  3     args.trial_seed:  3
LRRRRRRR: 0.1
DECAY STEP: 600
env0_in  env0_ou  env1_in  env1_ou  env2_in  env2_ou  epoch    loss     nll      penalty  step     step_ti  train_a  val_acc  var     
0.10510  0.10463  0.09775  0.10291  0.10240  0.11320  0.00000  79.4473  2.34405  0.00191  0        0.16693  0.10008  0.10806  3.38638 
0.11155  0.11063  0.11151  0.11835  0.11399  0.11835  11.5486  89.2323  2.29543  0.00012  2000     0.11886  0.11275  0.11835  3.31201 
RRRRRRR args.seed:  4     args.trial_seed:  4
LRRRRRRR: 0.1
DECAY STEP: 600
env0_in  env0_ou  env1_in  env1_ou  env2_in  env2_ou  epoch    loss     nll      penalty  step     step_ti  train_a  val_acc  var     
0.10028  0.10291  0.10199  0.08061  0.10520  0.09519  0.00000  83.6575  2.30865  0.00018  0        0.16274  0.10360  0.08790  3.32213 
0.11119  0.13207  0.11359  0.10034  0.11165  0.12693  11.5486  89.5697  2.29508  0.00012  2000     0.11873  0.11262  0.11363  3.31186 
RRRRRRR mmd_lambda:  1000.00 ib_lambda:  1000.00   irm_lambda:    10.00 val acc: 11.47 +- 0.73 test acc: 11.26 +- 0.11
RRRRRRR args.seed:  0     args.trial_seed:  0
LRRRRRRR: 0.1
DECAY STEP: 600
env0_in  env0_ou  env1_in  env1_ou  env2_in  env2_ou  epoch    loss     nll      penalty  step     step_ti  train_a  val_acc  var     
0.12328  0.10634  0.03049  0.03087  0.04033  0.04288  0.00000  67.2522  2.30551  0.00005  0        0.16476  0.03541  0.03687  3.32213 
0.11412  0.10034  0.11160  0.10891  0.11323  0.10205  11.5486  88.9467  2.30081  0.00000  2000     0.11885  0.11241  0.10548  3.31952 
RRRRRRR args.seed:  1     args.trial_seed:  1
LRRRRRRR: 0.1
DECAY STEP: 600
env0_in  env0_ou  env1_in  env1_ou  env2_in  env2_ou  epoch    loss     nll      penalty  step     step_ti  train_a  val_acc  var     
0.09784  0.09777  0.09766  0.09176  0.09748  0.09262  0.00000  86.6144  2.29966  -0.0000  0        0.16376  0.09757  0.09219  3.32854 
0.11273  0.10634  0.11440  0.12006  0.10930  0.13293  11.5486  89.4711  2.30144  0.00000  2000     0.11898  0.11185  0.12650  3.32092 
RRRRRRR args.seed:  2     args.trial_seed:  2
LRRRRRRR: 0.1
DECAY STEP: 600
env0_in  env0_ou  env1_in  env1_ou  env2_in  env2_ou  epoch    loss     nll      penalty  step     step_ti  train_a  val_acc  var     
0.10145  0.10548  0.10019  0.10120  0.09978  0.09176  0.00000  107.983  2.29149  0.00005  0        0.16274  0.09999  0.09648  3.30194 
0.11318  0.12349  0.11296  0.11149  0.11120  0.10720  11.5486  89.7021  2.30159  0.00000  2000     0.11900  0.11208  0.10934  3.32099 
RRRRRRR args.seed:  3     args.trial_seed:  3
LRRRRRRR: 0.1
DECAY STEP: 600
env0_in  env0_ou  env1_in  env1_ou  env2_in  env2_ou  epoch    loss     nll      penalty  step     step_ti  train_a  val_acc  var     
0.10510  0.10463  0.09775  0.10291  0.10240  0.11320  0.00000  79.2575  2.34405  0.00191  0        0.16470  0.10008  0.10806  3.38638 
0.11155  0.11063  0.11151  0.11835  0.11399  0.11835  11.5486  89.0473  2.30132  0.00000  2000     0.11924  0.11275  0.11835  3.32020 
RRRRRRR args.seed:  4     args.trial_seed:  4
LRRRRRRR: 0.1
DECAY STEP: 600
env0_in  env0_ou  env1_in  env1_ou  env2_in  env2_ou  epoch    loss     nll      penalty  step     step_ti  train_a  val_acc  var     
0.10028  0.10291  0.10199  0.08061  0.10520  0.09519  0.00000  83.4704  2.30865  0.00018  0        0.16137  0.10360  0.08790  3.32213 
0.11119  0.13207  0.11359  0.10034  0.11165  0.12693  11.5486  89.3846  2.30080  0.00000  2000     0.11922  0.11262  0.11363  3.31981 
RRRRRRR mmd_lambda:  1000.00 ib_lambda:  1000.00   irm_lambda:   100.00 val acc: 11.47 +- 0.73 test acc: 11.26 +- 0.11
RRRRRRR args.seed:  0     args.trial_seed:  0
LRRRRRRR: 0.1
DECAY STEP: 600
env0_in  env0_ou  env1_in  env1_ou  env2_in  env2_ou  epoch    loss     nll      penalty  step     step_ti  train_a  val_acc  var     
0.12269  0.10634  0.02661  0.02572  0.03631  0.03945  0.00000  67.2317  2.30551  0.00005  0        0.16140  0.03146  0.03259  3.32213 
0.11412  0.10034  0.11160  0.10891  0.11323  0.10205  11.5486  88.9245  2.30191  0.00000  2000     0.11931  0.11241  0.10548  3.32120 
RRRRRRR args.seed:  1     args.trial_seed:  1
LRRRRRRR: 0.1
DECAY STEP: 600
env0_in  env0_ou  env1_in  env1_ou  env2_in  env2_ou  epoch    loss     nll      penalty  step     step_ti  train_a  val_acc  var     
0.09784  0.09777  0.09766  0.09176  0.09748  0.09262  0.00000  86.5939  2.29966  -0.0000  0        0.16689  0.09757  0.09219  3.32854 
0.10050  0.10034  0.10132  0.09262  0.09681  0.09691  11.5486  89.4531  2.30254  0.00000  2000     0.11911  0.09906  0.09476  3.32230 
RRRRRRR args.seed:  2     args.trial_seed:  2
LRRRRRRR: 0.1
DECAY STEP: 600
env0_in  env0_ou  env1_in  env1_ou  env2_in  env2_ou  epoch    loss     nll      penalty  step     step_ti  train_a  val_acc  var     
0.10154  0.10548  0.10019  0.10120  0.09978  0.09176  0.00000  107.963  2.29149  0.00005  0        0.16268  0.09999  0.09648  3.30194 
0.09576  0.09262  0.09730  0.11063  0.09888  0.09948  11.5486  89.6795  2.30319  0.00000  2000     0.11922  0.09809  0.10506  3.32328 
RRRRRRR args.seed:  3     args.trial_seed:  3
LRRRRRRR: 0.1
DECAY STEP: 600
env0_in  env0_ou  env1_in  env1_ou  env2_in  env2_ou  epoch    loss     nll      penalty  step     step_ti  train_a  val_acc  var     
0.10510  0.10463  0.09775  0.10291  0.10240  0.11320  0.00000  79.2367  2.34405  0.00191  0        0.16701  0.10008  0.10806  3.38638 
0.11155  0.11063  0.11151  0.11835  0.11399  0.11835  11.5486  89.0264  2.30260  0.00000  2000     0.11885  0.11275  0.11835  3.32205 
RRRRRRR args.seed:  4     args.trial_seed:  4
LRRRRRRR: 0.1
DECAY STEP: 600
env0_in  env0_ou  env1_in  env1_ou  env2_in  env2_ou  epoch    loss     nll      penalty  step     step_ti  train_a  val_acc  var     
0.10028  0.10291  0.10199  0.08061  0.10520  0.09519  0.00000  83.4499  2.30865  0.00018  0        0.13754  0.10360  0.08790  3.32213 
0.09991  0.09090  0.09739  0.10120  0.09920  0.09090  11.5486  89.3643  2.30202  0.00000  2000     0.11891  0.09829  0.09605  3.32148 
RRRRRRR mmd_lambda:  1000.00 ib_lambda:  1000.00   irm_lambda:  1000.00 val acc: 10.39 +- 0.85 test acc: 10.44 +- 0.72
Report with best val performance: val acc:98.65 +- 0.33  test acc:79.45 +- 1.31
Corresponding hypers: {'mmd_lambda': 1000, 'ib_lambda': 1000, 'irm_lambda': 0.1}
