Args.output_dir is:  train_output
Args: Namespace(data_dir='~/data/', dataset='FullColoredMNIST', algorithm='IBIRM', hparams=None, hparams_seed=0, trial_seed=0, seed=0, steps=2001, checkpoint_freq=2000, test_envs=[0], output_dir='train_output', holdout_fraction=0.05, skip_model_save=False, lr=0.1, irm_lambda=None, irm_step=0, vrex_lambda=None, vrex_step=0, ib_lambda=None, ib_step=0, mmd_lambda=None, mmd_step=0, class_condition=False, normalize=False, dro_eta=None, bs=128, wd=0, sch_size=-1, d=0, debug=False, type=0, ratio=0.9, env_seed=1, no_aug=False, xyl=1, n_restarts=5, test_val=0)
Hparams: {'data_augmentation': True, 'resnet18': False, 'lr': 0.1, 'batch_size': 128, 'weight_decay': 0, 'class_balanced': False, 'resnet_dropout': 0.0, 'irm_lambda': 100.0, 'irm_penalty_anneal_iters': 0, 'vrex_lambda': 10.0, 'vrex_penalty_anneal_iters': 500, 'ib_lambda': 1, 'ib_penalty_anneal_iters': 0, 'mmd_lambda': 10.0, 'mmd_penalty_anneal_iters': 0, 'mixup_alpha': 0.2, 'groupdro_eta': 0.01, 'mmd_gamma': 1.0, 'mlp_width': 256, 'mlp_depth': 3, 'mlp_dropout': 0.0, 'mldg_beta': 1.0, 'mtl_ema': 0.99, 'sag_w_adv': 0.1, 'class_condition': False, 'normalize': False, 'xylopt': 1, 'xylnn': 1, 'dataset': 'FullColoredMNIST', 'sch_size': 600}
RRRRRRR Hyper sweep for IB-IRM
RRRRRRR args.seed:  0     args.trial_seed:  0
LRRRRRRR: 0.1
DECAY STEP: 600
env0_in  env0_ou  env1_in  env1_ou  env2_in  env2_ou  epoch    loss     nll      penalty  step     step_ti  train_a  val_acc 
0.12680  0.11235  0.12153  0.11578  0.12496  0.11149  0.00000  2.31216  2.30551  0.00005  0        1.10932  0.12324  0.11363 
0.70407  0.67753  0.99914  0.99914  0.97523  0.96826  11.5486  0.14864  0.13527  0.04490  2000     0.09988  0.98718  0.98370 
RRRRRRR args.seed:  1     args.trial_seed:  1
LRRRRRRR: 0.1
DECAY STEP: 600
env0_in  env0_ou  env1_in  env1_ou  env2_in  env2_ou  epoch    loss     nll      penalty  step     step_ti  train_a  val_acc 
0.09784  0.09777  0.09766  0.09176  0.09748  0.09262  0.00000  2.30824  2.29966  -0.0000  0        0.12075  0.09757  0.09219 
0.70055  0.71526  0.99923  0.99742  0.97464  0.96569  11.5486  0.14521  0.13177  0.04503  2000     0.09816  0.98694  0.98156 
RRRRRRR args.seed:  2     args.trial_seed:  2
LRRRRRRR: 0.1
DECAY STEP: 600
env0_in  env0_ou  env1_in  env1_ou  env2_in  env2_ou  epoch    loss     nll      penalty  step     step_ti  train_a  val_acc 
0.10041  0.09948  0.10019  0.10120  0.09933  0.09176  0.00000  2.30222  2.29149  0.00005  0        0.12318  0.09976  0.09648 
0.70908  0.68010  0.99936  0.99914  0.97379  0.96483  11.5486  0.14921  0.13577  0.04488  2000     0.10077  0.98657  0.98199 
RRRRRRR args.seed:  3     args.trial_seed:  3
LRRRRRRR: 0.1
DECAY STEP: 600
env0_in  env0_ou  env1_in  env1_ou  env2_in  env2_ou  epoch    loss     nll      penalty  step     step_ti  train_a  val_acc 
0.10510  0.10463  0.09775  0.10291  0.10240  0.11320  0.00000  2.35210  2.34405  0.00191  0        0.12759  0.10008  0.10806 
0.71350  0.71440  0.99914  1.00000  0.97771  0.96226  11.5486  0.14106  0.12775  0.04422  2000     0.10299  0.98842  0.98113 
RRRRRRR args.seed:  4     args.trial_seed:  4
LRRRRRRR: 0.1
DECAY STEP: 600
env0_in  env0_ou  env1_in  env1_ou  env2_in  env2_ou  epoch    loss     nll      penalty  step     step_ti  train_a  val_acc 
0.10028  0.10291  0.10199  0.08061  0.10520  0.09519  0.00000  2.31694  2.30865  0.00018  0        0.12343  0.10360  0.08790 
0.72225  0.71783  0.99914  0.99914  0.97753  0.97684  11.5486  0.14501  0.13162  0.04465  2000     0.10206  0.98833  0.98799 
RRRRRRR mmd_lambda:     0.10 ib_lambda:     0.00   irm_lambda:     0.10 val acc: 98.33 +- 0.25 test acc: 70.99 +- 0.76
RRRRRRR args.seed:  0     args.trial_seed:  0
LRRRRRRR: 0.1
DECAY STEP: 600
env0_in  env0_ou  env1_in  env1_ou  env2_in  env2_ou  epoch    loss     nll      penalty  step     step_ti  train_a  val_acc 
0.12685  0.11235  0.12229  0.11663  0.12536  0.11149  0.00000  2.31221  2.30551  0.00005  0        0.12699  0.12383  0.11406 
0.66239  0.63293  0.99923  0.99914  0.97103  0.96226  11.5486  0.19785  0.16951  0.01945  2000     0.10122  0.98513  0.98070 
RRRRRRR args.seed:  1     args.trial_seed:  1
LRRRRRRR: 0.1
DECAY STEP: 600
env0_in  env0_ou  env1_in  env1_ou  env2_in  env2_ou  epoch    loss     nll      penalty  step     step_ti  train_a  val_acc 
0.09784  0.09777  0.09766  0.09176  0.09748  0.09262  0.00000  2.30821  2.29966  -0.0000  0        0.12231  0.09757  0.09219 
0.63217  0.64065  0.99936  0.99914  0.96792  0.95711  11.5486  0.20408  0.17503  0.02011  2000     0.10073  0.98364  0.97813 
RRRRRRR args.seed:  2     args.trial_seed:  2
LRRRRRRR: 0.1
DECAY STEP: 600
env0_in  env0_ou  env1_in  env1_ou  env2_in  env2_ou  epoch    loss     nll      penalty  step     step_ti  train_a  val_acc 
0.10041  0.09948  0.10019  0.10120  0.09933  0.09176  0.00000  2.30227  2.29149  0.00005  0        0.12799  0.09976  0.09648 
0.67214  0.64150  0.99941  0.99914  0.96936  0.96140  11.5486  0.19413  0.16680  0.01836  2000     0.10136  0.98439  0.98027 
RRRRRRR args.seed:  3     args.trial_seed:  3
LRRRRRRR: 0.1
DECAY STEP: 600
env0_in  env0_ou  env1_in  env1_ou  env2_in  env2_ou  epoch    loss     nll      penalty  step     step_ti  train_a  val_acc 
0.10510  0.10463  0.09775  0.10291  0.10240  0.11320  0.00000  2.35382  2.34405  0.00191  0        0.14815  0.10008  0.10806 
0.67380  0.67238  0.99932  1.00000  0.97270  0.95969  11.5486  0.18982  0.16230  0.01863  2000     0.10057  0.98601  0.97984 
RRRRRRR args.seed:  4     args.trial_seed:  4
LRRRRRRR: 0.1
DECAY STEP: 600
env0_in  env0_ou  env1_in  env1_ou  env2_in  env2_ou  epoch    loss     nll      penalty  step     step_ti  train_a  val_acc 
0.10028  0.10291  0.10199  0.08061  0.10520  0.09519  0.00000  2.31711  2.30865  0.00018  0        0.12207  0.10360  0.08790 
0.65711  0.65780  0.99914  0.99914  0.97081  0.96569  11.5486  0.19580  0.16806  0.01881  2000     0.10077  0.98497  0.98241 
RRRRRRR mmd_lambda:     0.10 ib_lambda:     0.00   irm_lambda:     1.00 val acc: 98.03 +- 0.14 test acc: 65.95 +- 1.50
RRRRRRR args.seed:  0     args.trial_seed:  0
LRRRRRRR: 0.1
DECAY STEP: 600
env0_in  env0_ou  env1_in  env1_ou  env2_in  env2_ou  epoch    loss     nll      penalty  step     step_ti  train_a  val_acc 
0.12468  0.10806  0.07348  0.06346  0.08174  0.07976  0.00000  0.21628  2.30551  0.00005  0        0.12430  0.07761  0.07161 
0.13402  0.13207  0.64835  0.65608  0.60477  0.56432  11.5486  0.14920  1.50808  0.00354  2000     0.10082  0.62656  0.61020 
RRRRRRR args.seed:  1     args.trial_seed:  1
LRRRRRRR: 0.1
DECAY STEP: 600
env0_in  env0_ou  env1_in  env1_ou  env2_in  env2_ou  epoch    loss     nll      penalty  step     step_ti  train_a  val_acc 
0.09784  0.09777  0.09766  0.09176  0.09748  0.09262  0.00000  0.21761  2.29966  -0.0000  0        0.12326  0.09757  0.09219 
0.11133  0.11663  0.70690  0.67838  0.64239  0.63636  11.5486  0.14915  1.48254  0.00598  2000     0.10081  0.67465  0.65737 
RRRRRRR args.seed:  2     args.trial_seed:  2
LRRRRRRR: 0.1
DECAY STEP: 600
env0_in  env0_ou  env1_in  env1_ou  env2_in  env2_ou  epoch    loss     nll      penalty  step     step_ti  train_a  val_acc 
0.10041  0.09948  0.10019  0.10120  0.09933  0.09176  0.00000  0.21909  2.29149  0.00005  0        0.12554  0.09976  0.09648 
0.15887  0.14922  0.66292  0.65952  0.61690  0.61063  11.5486  0.13996  1.39807  0.00430  2000     0.10074  0.63991  0.63507 
RRRRRRR args.seed:  3     args.trial_seed:  3
LRRRRRRR: 0.1
DECAY STEP: 600
env0_in  env0_ou  env1_in  env1_ou  env2_in  env2_ou  epoch    loss     nll      penalty  step     step_ti  train_a  val_acc 
0.10510  0.10463  0.09775  0.10291  0.10240  0.11320  0.00000  0.22268  2.34405  0.00191  0        0.12359  0.10008  0.10806 
0.13208  0.13121  0.70009  0.69897  0.64690  0.67753  11.5486  0.14787  1.49845  0.00303  2000     0.10209  0.67350  0.68825 
RRRRRRR args.seed:  4     args.trial_seed:  4
LRRRRRRR: 0.1
DECAY STEP: 600
env0_in  env0_ou  env1_in  env1_ou  env2_in  env2_ou  epoch    loss     nll      penalty  step     step_ti  train_a  val_acc 
0.10028  0.10291  0.10199  0.08061  0.10520  0.09519  0.00000  0.21832  2.30865  0.00018  0        0.12522  0.10360  0.08790 
0.15382  0.16380  0.66170  0.65523  0.61641  0.60034  11.5486  0.14709  1.48506  0.00348  2000     0.10096  0.63905  0.62778 
RRRRRRR mmd_lambda:     0.10 ib_lambda:     0.00   irm_lambda:    10.00 val acc: 64.37 +- 2.69 test acc: 13.80 +- 1.70
RRRRRRR args.seed:  0     args.trial_seed:  0
LRRRRRRR: 0.1
DECAY STEP: 600
env0_in  env0_ou  env1_in  env1_ou  env2_in  env2_ou  epoch    loss     nll      penalty  step     step_ti  train_a  val_acc 
0.12170  0.11063  0.06112  0.05660  0.06793  0.06603  0.00000  0.02952  2.30551  0.00005  0        0.12321  0.06453  0.06132 
0.09536  0.09090  0.29543  0.28988  0.27807  0.26329  11.5486  0.03146  2.27856  0.00002  2000     0.10360  0.28675  0.27658 
RRRRRRR args.seed:  1     args.trial_seed:  1
LRRRRRRR: 0.1
DECAY STEP: 600
env0_in  env0_ou  env1_in  env1_ou  env2_in  env2_ou  epoch    loss     nll      penalty  step     step_ti  train_a  val_acc 
0.09784  0.09777  0.09766  0.09176  0.09748  0.09262  0.00000  0.03132  2.29966  -0.0000  0        0.12854  0.09757  0.09219 
0.09996  0.11235  0.23548  0.21698  0.22010  0.20583  11.5486  0.03160  2.28457  0.00004  2000     0.10305  0.22779  0.21140 
RRRRRRR args.seed:  2     args.trial_seed:  2
LRRRRRRR: 0.1
DECAY STEP: 600
env0_in  env0_ou  env1_in  env1_ou  env2_in  env2_ou  epoch    loss     nll      penalty  step     step_ti  train_a  val_acc 
0.10041  0.09948  0.10019  0.10120  0.09933  0.09176  0.00000  0.03347  2.29149  0.00005  0        0.12590  0.09976  0.09648 
0.11480  0.11749  0.35733  0.36878  0.33071  0.31560  11.5486  0.03158  2.28381  0.00001  2000     0.10205  0.34402  0.34219 
RRRRRRR args.seed:  3     args.trial_seed:  3
LRRRRRRR: 0.1
DECAY STEP: 600
env0_in  env0_ou  env1_in  env1_ou  env2_in  env2_ou  epoch    loss     nll      penalty  step     step_ti  train_a  val_acc 
0.10510  0.10463  0.09775  0.10291  0.10240  0.11320  0.00000  0.03295  2.34405  0.00191  0        0.11166  0.10008  0.10806 
0.10700  0.08662  0.19808  0.20754  0.19046  0.20154  11.5486  0.03155  2.28633  0.00002  2000     0.10198  0.19427  0.20454 
RRRRRRR args.seed:  4     args.trial_seed:  4
LRRRRRRR: 0.1
DECAY STEP: 600
env0_in  env0_ou  env1_in  env1_ou  env2_in  env2_ou  epoch    loss     nll      penalty  step     step_ti  train_a  val_acc 
0.10028  0.10291  0.10199  0.08061  0.10520  0.09519  0.00000  0.03131  2.30865  0.00018  0        0.12597  0.10360  0.08790 
0.10100  0.08662  0.38264  0.41766  0.35182  0.35077  11.5486  0.03155  2.28476  0.00000  2000     0.10177  0.36723  0.38422 
RRRRRRR mmd_lambda:     0.10 ib_lambda:     0.00   irm_lambda:   100.00 val acc: 28.38 +- 7.08 test acc: 10.36 +- 0.67
RRRRRRR args.seed:  0     args.trial_seed:  0
LRRRRRRR: 0.1
DECAY STEP: 600
env0_in  env0_ou  env1_in  env1_ou  env2_in  env2_ou  epoch    loss     nll      penalty  step     step_ti  train_a  val_acc 
0.12157  0.11235  0.05963  0.05746  0.06690  0.06689  0.00000  0.00900  2.30551  0.00005  0        0.11072  0.06327  0.06217 
0.09062  0.08404  0.30017  0.29588  0.28127  0.27015  11.5486  0.01117  2.29605  -0.0000  2000     0.10092  0.29072  0.28301 
RRRRRRR args.seed:  1     args.trial_seed:  1
LRRRRRRR: 0.1
DECAY STEP: 600
env0_in  env0_ou  env1_in  env1_ou  env2_in  env2_ou  epoch    loss     nll      penalty  step     step_ti  train_a  val_acc 
0.09784  0.09777  0.09766  0.09176  0.09748  0.09262  0.00000  0.01085  2.29966  -0.0000  0        0.15440  0.09757  0.09219 
0.10894  0.11835  0.34348  0.33705  0.31361  0.31818  11.5486  0.01124  2.29855  0.00000  2000     0.09995  0.32855  0.32761 
RRRRRRR args.seed:  2     args.trial_seed:  2
LRRRRRRR: 0.1
DECAY STEP: 600
env0_in  env0_ou  env1_in  env1_ou  env2_in  env2_ou  epoch    loss     nll      penalty  step     step_ti  train_a  val_acc 
0.10041  0.09948  0.10019  0.10120  0.09933  0.09176  0.00000  0.01307  2.29149  0.00005  0        0.12915  0.09976  0.09648 
0.10235  0.11320  0.32223  0.33705  0.29616  0.28816  11.5486  0.01124  2.29826  -0.0000  2000     0.09995  0.30919  0.31260 
RRRRRRR args.seed:  3     args.trial_seed:  3
LRRRRRRR: 0.1
DECAY STEP: 600
env0_in  env0_ou  env1_in  env1_ou  env2_in  env2_ou  epoch    loss     nll      penalty  step     step_ti  train_a  val_acc 
0.10510  0.10463  0.09775  0.10291  0.10240  0.11320  0.00000  0.01210  2.34405  0.00191  0        0.12300  0.10008  0.10806 
0.10839  0.09262  0.21265  0.22041  0.20277  0.20583  11.5486  0.01119  2.29907  0.00000  2000     0.09993  0.20771  0.21312 
RRRRRRR args.seed:  4     args.trial_seed:  4
LRRRRRRR: 0.1
DECAY STEP: 600
env0_in  env0_ou  env1_in  env1_ou  env2_in  env2_ou  epoch    loss     nll      penalty  step     step_ti  train_a  val_acc 
0.10028  0.10291  0.10199  0.08061  0.10520  0.09519  0.00000  0.01076  2.30865  0.00018  0        0.12318  0.10360  0.08790 
0.09053  0.07632  0.38264  0.41852  0.35088  0.34905  11.5486  0.01120  2.29654  -0.0000  2000     0.09975  0.36676  0.38379 
RRRRRRR mmd_lambda:     0.10 ib_lambda:     0.00   irm_lambda:  1000.00 val acc: 30.40 +- 5.60 test acc: 10.02 +- 0.82
RRRRRRR args.seed:  0     args.trial_seed:  0
LRRRRRRR: 0.1
DECAY STEP: 600
env0_in  env0_ou  env1_in  env1_ou  env2_in  env2_ou  epoch    loss     nll      penalty  step     step_ti  train_a  val_acc 
0.12680  0.11235  0.12153  0.11578  0.12496  0.11149  0.00000  2.37194  2.30551  0.00005  0        0.12295  0.12324  0.11363 
0.71585  0.68696  0.99923  0.99914  0.97685  0.96741  11.5486  0.22550  0.13220  0.04468  2000     0.09703  0.98804  0.98327 
RRRRRRR args.seed:  1     args.trial_seed:  1
LRRRRRRR: 0.1
DECAY STEP: 600
env0_in  env0_ou  env1_in  env1_ou  env2_in  env2_ou  epoch    loss     nll      penalty  step     step_ti  train_a  val_acc 
0.09784  0.09777  0.09766  0.09176  0.09748  0.09262  0.00000  2.38553  2.29966  -0.0000  0        0.12031  0.09757  0.09219 
0.67723  0.68953  0.99932  0.99828  0.97230  0.96312  11.5486  0.23100  0.13711  0.04535  2000     0.09567  0.98581  0.98070 
RRRRRRR args.seed:  2     args.trial_seed:  2
LRRRRRRR: 0.1
DECAY STEP: 600
env0_in  env0_ou  env1_in  env1_ou  env2_in  env2_ou  epoch    loss     nll      penalty  step     step_ti  train_a  val_acc 
0.10041  0.09948  0.10019  0.10120  0.09933  0.09176  0.00000  2.39878  2.29149  0.00005  0        0.11986  0.09976  0.09648 
0.71368  0.68181  0.99936  0.99914  0.97428  0.96397  11.5486  0.22852  0.13448  0.04456  2000     0.09566  0.98682  0.98156 
RRRRRRR args.seed:  3     args.trial_seed:  3
LRRRRRRR: 0.1
DECAY STEP: 600
env0_in  env0_ou  env1_in  env1_ou  env2_in  env2_ou  epoch    loss     nll      penalty  step     step_ti  train_a  val_acc 
0.10510  0.10463  0.09775  0.10291  0.10240  0.11320  0.00000  2.42278  2.34405  0.00191  0        0.11994  0.10008  0.10806 
0.71476  0.71183  0.99927  1.00000  0.97866  0.96140  11.5486  0.22055  0.12720  0.04421  2000     0.09573  0.98897  0.98070 
RRRRRRR args.seed:  4     args.trial_seed:  4
LRRRRRRR: 0.1
DECAY STEP: 600
env0_in  env0_ou  env1_in  env1_ou  env2_in  env2_ou  epoch    loss     nll      penalty  step     step_ti  train_a  val_acc 
0.10028  0.10291  0.10199  0.08061  0.10520  0.09519  0.00000  2.39141  2.30865  0.00018  0        0.11962  0.10360  0.08790 
0.70646  0.70240  0.99905  0.99914  0.97586  0.96912  11.5486  0.22769  0.13394  0.04478  2000     0.09540  0.98745  0.98413 
RRRRRRR mmd_lambda:     1.00 ib_lambda:     0.00   irm_lambda:     0.10 val acc: 98.21 +- 0.14 test acc: 70.56 +- 1.46
RRRRRRR args.seed:  0     args.trial_seed:  0
LRRRRRRR: 0.1
DECAY STEP: 600
env0_in  env0_ou  env1_in  env1_ou  env2_in  env2_ou  epoch    loss     nll      penalty  step     step_ti  train_a  val_acc 
0.12685  0.11235  0.12229  0.11663  0.12536  0.11149  0.00000  2.37199  2.30551  0.00005  0        0.12001  0.12383  0.11406 
0.64737  0.62264  0.99923  0.99914  0.96936  0.95797  11.5486  0.28094  0.17248  0.01962  2000     0.09548  0.98430  0.97855 
RRRRRRR args.seed:  1     args.trial_seed:  1
LRRRRRRR: 0.1
DECAY STEP: 600
env0_in  env0_ou  env1_in  env1_ou  env2_in  env2_ou  epoch    loss     nll      penalty  step     step_ti  train_a  val_acc 
0.09784  0.09777  0.09766  0.09176  0.09748  0.09262  0.00000  2.38550  2.29966  -0.0000  0        0.12044  0.09757  0.09219 
0.62946  0.63807  0.99932  0.99914  0.96706  0.95711  11.5486  0.28519  0.17569  0.02015  2000     0.09557  0.98319  0.97813 
RRRRRRR args.seed:  2     args.trial_seed:  2
LRRRRRRR: 0.1
DECAY STEP: 600
env0_in  env0_ou  env1_in  env1_ou  env2_in  env2_ou  epoch    loss     nll      penalty  step     step_ti  train_a  val_acc 
0.10041  0.09948  0.10019  0.10120  0.09933  0.09176  0.00000  2.39883  2.29149  0.00005  0        0.12073  0.09976  0.09648 
0.66054  0.63293  0.99936  0.99914  0.96828  0.95711  11.5486  0.27726  0.16927  0.01841  2000     0.09564  0.98382  0.97813 
RRRRRRR args.seed:  3     args.trial_seed:  3
LRRRRRRR: 0.1
DECAY STEP: 600
env0_in  env0_ou  env1_in  env1_ou  env2_in  env2_ou  epoch    loss     nll      penalty  step     step_ti  train_a  val_acc 
0.10510  0.10463  0.09775  0.10291  0.10240  0.11320  0.00000  2.42450  2.34405  0.00191  0        0.12962  0.10008  0.10806 
0.66884  0.66209  0.99918  0.99914  0.97257  0.95711  11.5486  0.27057  0.16307  0.01857  2000     0.09560  0.98588  0.97813 
RRRRRRR args.seed:  4     args.trial_seed:  4
LRRRRRRR: 0.1
DECAY STEP: 600
env0_in  env0_ou  env1_in  env1_ou  env2_in  env2_ou  epoch    loss     nll      penalty  step     step_ti  train_a  val_acc 
0.10028  0.10291  0.10199  0.08061  0.10520  0.09519  0.00000  2.39158  2.30865  0.00018  0        0.11968  0.10360  0.08790 
0.66023  0.66209  0.99900  0.99914  0.97072  0.96655  11.5486  0.27598  0.16787  0.01884  2000     0.09557  0.98486  0.98284 
RRRRRRR mmd_lambda:     1.00 ib_lambda:     0.00   irm_lambda:     1.00 val acc: 97.92 +- 0.19 test acc: 65.33 +- 1.38
RRRRRRR args.seed:  0     args.trial_seed:  0
LRRRRRRR: 0.1
DECAY STEP: 600
env0_in  env0_ou  env1_in  env1_ou  env2_in  env2_ou  epoch    loss     nll      penalty  step     step_ti  train_a  val_acc 
0.12472  0.10806  0.07348  0.06346  0.08174  0.07976  0.00000  0.27606  2.30551  0.00005  0        0.11974  0.07761  0.07161 
0.13402  0.13121  0.65295  0.65952  0.60937  0.56775  11.5486  0.22914  1.50816  0.00352  2000     0.09549  0.63116  0.61363 
RRRRRRR args.seed:  1     args.trial_seed:  1
LRRRRRRR: 0.1
DECAY STEP: 600
env0_in  env0_ou  env1_in  env1_ou  env2_in  env2_ou  epoch    loss     nll      penalty  step     step_ti  train_a  val_acc 
0.09784  0.09777  0.09766  0.09176  0.09748  0.09262  0.00000  0.29490  2.29966  -0.0000  0        0.11984  0.09757  0.09219 
0.11002  0.11235  0.70695  0.67924  0.64235  0.63807  11.5486  0.22966  1.48337  0.00600  2000     0.09550  0.67465  0.65866 
RRRRRRR args.seed:  2     args.trial_seed:  2
LRRRRRRR: 0.1
DECAY STEP: 600
env0_in  env0_ou  env1_in  env1_ou  env2_in  env2_ou  epoch    loss     nll      penalty  step     step_ti  train_a  val_acc 
0.10041  0.09948  0.10019  0.10120  0.09933  0.09176  0.00000  0.31565  2.29149  0.00005  0        0.12001  0.09976  0.09648 
0.15856  0.14922  0.66278  0.65866  0.61668  0.60977  11.5486  0.22063  1.39834  0.00432  2000     0.09554  0.63973  0.63422 
RRRRRRR args.seed:  3     args.trial_seed:  3
LRRRRRRR: 0.1
DECAY STEP: 600
env0_in  env0_ou  env1_in  env1_ou  env2_in  env2_ou  epoch    loss     nll      penalty  step     step_ti  train_a  val_acc 
0.10510  0.10463  0.09775  0.10291  0.10240  0.11320  0.00000  0.29336  2.34405  0.00191  0        0.11939  0.10008  0.10806 
0.13203  0.13121  0.70009  0.69897  0.64681  0.67753  11.5486  0.22793  1.49860  0.00304  2000     0.09550  0.67345  0.68825 
RRRRRRR args.seed:  4     args.trial_seed:  4
LRRRRRRR: 0.1
DECAY STEP: 600
env0_in  env0_ou  env1_in  env1_ou  env2_in  env2_ou  epoch    loss     nll      penalty  step     step_ti  train_a  val_acc 
0.10028  0.10291  0.10199  0.08061  0.10520  0.09519  0.00000  0.29279  2.30865  0.00018  0        0.11984  0.10360  0.08790 
0.15351  0.16295  0.66129  0.65437  0.61600  0.60034  11.5486  0.22743  1.48496  0.00348  2000     0.09553  0.63865  0.62735 
RRRRRRR mmd_lambda:     1.00 ib_lambda:     0.00   irm_lambda:    10.00 val acc: 64.44 +- 2.63 test acc: 13.76 +- 1.73
RRRRRRR args.seed:  0     args.trial_seed:  0
LRRRRRRR: 0.1
DECAY STEP: 600
env0_in  env0_ou  env1_in  env1_ou  env2_in  env2_ou  epoch    loss     nll      penalty  step     step_ti  train_a  val_acc 
0.12170  0.11063  0.06112  0.05660  0.06793  0.06603  0.00000  0.08930  2.30551  0.00005  0        0.11976  0.06453  0.06132 
0.09509  0.09090  0.29548  0.28988  0.27802  0.26329  11.5486  0.11140  2.27855  0.00002  2000     0.09552  0.28675  0.27658 
RRRRRRR args.seed:  1     args.trial_seed:  1
LRRRRRRR: 0.1
DECAY STEP: 600
env0_in  env0_ou  env1_in  env1_ou  env2_in  env2_ou  epoch    loss     nll      penalty  step     step_ti  train_a  val_acc 
0.09784  0.09777  0.09766  0.09176  0.09748  0.09262  0.00000  0.10860  2.29966  -0.0000  0        0.12010  0.09757  0.09219 
0.10073  0.11149  0.23665  0.21869  0.22109  0.20497  11.5486  0.11201  2.28458  0.00004  2000     0.09548  0.22887  0.21183 
RRRRRRR args.seed:  2     args.trial_seed:  2
LRRRRRRR: 0.1
DECAY STEP: 600
env0_in  env0_ou  env1_in  env1_ou  env2_in  env2_ou  epoch    loss     nll      penalty  step     step_ti  train_a  val_acc 
0.10041  0.09948  0.10019  0.10120  0.09933  0.09176  0.00000  0.13003  2.29149  0.00005  0        0.10696  0.09976  0.09648 
0.11570  0.11835  0.35877  0.37221  0.33180  0.31818  11.5486  0.11220  2.28376  0.00001  2000     0.09553  0.34528  0.34519 
RRRRRRR args.seed:  3     args.trial_seed:  3
LRRRRRRR: 0.1
DECAY STEP: 600
env0_in  env0_ou  env1_in  env1_ou  env2_in  env2_ou  epoch    loss     nll      penalty  step     step_ti  train_a  val_acc 
0.10510  0.10463  0.09775  0.10291  0.10240  0.11320  0.00000  0.10363  2.34405  0.00191  0        0.11993  0.10008  0.10806 
0.10686  0.08662  0.19799  0.20754  0.19032  0.20154  11.5486  0.11159  2.28632  0.00002  2000     0.09555  0.19416  0.20454 
RRRRRRR args.seed:  4     args.trial_seed:  4
LRRRRRRR: 0.1
DECAY STEP: 600
env0_in  env0_ou  env1_in  env1_ou  env2_in  env2_ou  epoch    loss     nll      penalty  step     step_ti  train_a  val_acc 
0.10028  0.10291  0.10199  0.08061  0.10520  0.09519  0.00000  0.10579  2.30865  0.00018  0        0.10700  0.10360  0.08790 
0.10082  0.08662  0.38237  0.41766  0.35146  0.35077  11.5486  0.11189  2.28475  0.00000  2000     0.09554  0.36691  0.38422 
RRRRRRR mmd_lambda:     1.00 ib_lambda:     0.00   irm_lambda:   100.00 val acc: 28.45 +- 7.12 test acc: 10.38 +- 0.70
RRRRRRR args.seed:  0     args.trial_seed:  0
LRRRRRRR: 0.1
DECAY STEP: 600
env0_in  env0_ou  env1_in  env1_ou  env2_in  env2_ou  epoch    loss     nll      penalty  step     step_ti  train_a  val_acc 
0.12157  0.11235  0.05963  0.05746  0.06690  0.06689  0.00000  0.06877  2.30551  0.00005  0        0.10721  0.06327  0.06217 
0.09094  0.08319  0.30017  0.29588  0.28113  0.26929  11.5486  0.09111  2.29601  -0.0000  2000     0.09544  0.29065  0.28259 
RRRRRRR args.seed:  1     args.trial_seed:  1
LRRRRRRR: 0.1
DECAY STEP: 600
env0_in  env0_ou  env1_in  env1_ou  env2_in  env2_ou  epoch    loss     nll      penalty  step     step_ti  train_a  val_acc 
0.09784  0.09777  0.09766  0.09176  0.09748  0.09262  0.00000  0.08813  2.29966  -0.0000  0        0.12013  0.09757  0.09219 
0.10853  0.12006  0.33437  0.33276  0.30513  0.30531  11.5486  0.09165  2.29855  0.00000  2000     0.09542  0.31975  0.31903 
RRRRRRR args.seed:  2     args.trial_seed:  2
LRRRRRRR: 0.1
DECAY STEP: 600
env0_in  env0_ou  env1_in  env1_ou  env2_in  env2_ou  epoch    loss     nll      penalty  step     step_ti  train_a  val_acc 
0.10041  0.09948  0.10019  0.10120  0.09933  0.09176  0.00000  0.10963  2.29149  0.00005  0        0.13023  0.09976  0.09648 
0.10271  0.11578  0.32444  0.33790  0.29846  0.29073  11.5486  0.09186  2.29825  -0.0000  2000     0.09542  0.31145  0.31432 
RRRRRRR args.seed:  3     args.trial_seed:  3
LRRRRRRR: 0.1
DECAY STEP: 600
env0_in  env0_ou  env1_in  env1_ou  env2_in  env2_ou  epoch    loss     nll      penalty  step     step_ti  train_a  val_acc 
0.10510  0.10463  0.09775  0.10291  0.10240  0.11320  0.00000  0.08278  2.34405  0.00191  0        0.12051  0.10008  0.10806 
0.10835  0.09176  0.21301  0.22041  0.20295  0.20669  11.5486  0.09122  2.29907  0.00000  2000     0.09544  0.20798  0.21355 
RRRRRRR args.seed:  4     args.trial_seed:  4
LRRRRRRR: 0.1
DECAY STEP: 600
env0_in  env0_ou  env1_in  env1_ou  env2_in  env2_ou  epoch    loss     nll      penalty  step     step_ti  train_a  val_acc 
0.10028  0.10291  0.10199  0.08061  0.10520  0.09519  0.00000  0.08524  2.30865  0.00018  0        0.12080  0.10360  0.08790 
0.09080  0.07547  0.38264  0.41852  0.35097  0.34905  11.5486  0.09154  2.29654  -0.0000  2000     0.09542  0.36680  0.38379 
RRRRRRR mmd_lambda:     1.00 ib_lambda:     0.00   irm_lambda:  1000.00 val acc: 30.27 +- 5.54 test acc: 10.03 +- 0.80
RRRRRRR args.seed:  0     args.trial_seed:  0
LRRRRRRR: 0.1
DECAY STEP: 600
env0_in  env0_ou  env1_in  env1_ou  env2_in  env2_ou  epoch    loss     nll      penalty  step     step_ti  train_a  val_acc 
0.12680  0.11235  0.12153  0.11578  0.12496  0.11149  0.00000  2.96967  2.30551  0.00005  0        0.12072  0.12324  0.11363 
0.71278  0.68953  0.99914  0.99914  0.97676  0.96569  11.5486  1.02531  0.13259  0.04454  2000     0.09542  0.98795  0.98241 
RRRRRRR args.seed:  1     args.trial_seed:  1
LRRRRRRR: 0.1
DECAY STEP: 600
env0_in  env0_ou  env1_in  env1_ou  env2_in  env2_ou  epoch    loss     nll      penalty  step     step_ti  train_a  val_acc 
0.09784  0.09777  0.09766  0.09176  0.09748  0.09262  0.00000  3.15836  2.29966  -0.0000  0        0.10682  0.09757  0.09219 
0.68391  0.69554  0.99932  0.99828  0.97338  0.96569  11.5486  1.03352  0.13547  0.04530  2000     0.09544  0.98635  0.98199 
RRRRRRR args.seed:  2     args.trial_seed:  2
LRRRRRRR: 0.1
DECAY STEP: 600
env0_in  env0_ou  env1_in  env1_ou  env2_in  env2_ou  epoch    loss     nll      penalty  step     step_ti  train_a  val_acc 
0.10041  0.09948  0.10019  0.10120  0.09933  0.09176  0.00000  3.36435  2.29149  0.00005  0        0.10677  0.09976  0.09648 
0.70511  0.67409  0.99945  0.99914  0.97306  0.96226  11.5486  1.03693  0.13664  0.04477  2000     0.09540  0.98626  0.98070 
RRRRRRR args.seed:  3     args.trial_seed:  3
LRRRRRRR: 0.1
DECAY STEP: 600
env0_in  env0_ou  env1_in  env1_ou  env2_in  env2_ou  epoch    loss     nll      penalty  step     step_ti  train_a  val_acc 
0.10510  0.10463  0.09775  0.10291  0.10240  0.11320  0.00000  3.12956  2.34405  0.00191  0        0.11983  0.10008  0.10806 
0.71174  0.70497  0.99923  1.00000  0.97785  0.96226  11.5486  1.02157  0.12785  0.04430  2000     0.09543  0.98854  0.98113 
RRRRRRR args.seed:  4     args.trial_seed:  4
LRRRRRRR: 0.1
DECAY STEP: 600
env0_in  env0_ou  env1_in  env1_ou  env2_in  env2_ou  epoch    loss     nll      penalty  step     step_ti  train_a  val_acc 
0.10028  0.10291  0.10199  0.08061  0.10520  0.09519  0.00000  3.13614  2.30865  0.00018  0        0.11981  0.10360  0.08790 
0.71661  0.71698  0.99900  0.99914  0.97690  0.97084  11.5486  1.02837  0.13124  0.04464  2000     0.09541  0.98795  0.98499 
RRRRRRR mmd_lambda:    10.00 ib_lambda:     0.00   irm_lambda:     0.10 val acc: 98.22 +- 0.15 test acc: 70.60 +- 1.17
RRRRRRR args.seed:  0     args.trial_seed:  0
LRRRRRRR: 0.1
DECAY STEP: 600
env0_in  env0_ou  env1_in  env1_ou  env2_in  env2_ou  epoch    loss     nll      penalty  step     step_ti  train_a  val_acc 
0.12685  0.11235  0.12225  0.11663  0.12532  0.11149  0.00000  2.96973  2.30551  0.00005  0        0.12302  0.12378  0.11406 
0.66943  0.64322  0.99927  0.99914  0.97171  0.96140  11.5486  1.07585  0.16819  0.01940  2000     0.09875  0.98549  0.98027 
RRRRRRR args.seed:  1     args.trial_seed:  1
LRRRRRRR: 0.1
DECAY STEP: 600
env0_in  env0_ou  env1_in  env1_ou  env2_in  env2_ou  epoch    loss     nll      penalty  step     step_ti  train_a  val_acc 
0.09784  0.09777  0.09766  0.09176  0.09748  0.09262  0.00000  3.15833  2.29966  -0.0000  0        0.12077  0.09757  0.09219 
0.62851  0.63807  0.99927  0.99914  0.96715  0.95711  11.5486  1.08933  0.17568  0.02013  2000     0.09770  0.98321  0.97813 
RRRRRRR args.seed:  2     args.trial_seed:  2
LRRRRRRR: 0.1
DECAY STEP: 600
env0_in  env0_ou  env1_in  env1_ou  env2_in  env2_ou  epoch    loss     nll      penalty  step     step_ti  train_a  val_acc 
0.10041  0.09948  0.10019  0.10120  0.09933  0.09176  0.00000  3.36440  2.29149  0.00005  0        0.11998  0.09976  0.09648 
0.67146  0.63807  0.99941  0.99914  0.96851  0.95969  11.5486  1.08186  0.16770  0.01835  2000     0.09566  0.98396  0.97941 
RRRRRRR args.seed:  3     args.trial_seed:  3
LRRRRRRR: 0.1
DECAY STEP: 600
env0_in  env0_ou  env1_in  env1_ou  env2_in  env2_ou  epoch    loss     nll      penalty  step     step_ti  train_a  val_acc 
0.10510  0.10463  0.09775  0.10291  0.10240  0.11320  0.00000  3.13128  2.34405  0.00191  0        0.12003  0.10008  0.10806 
0.67065  0.66552  0.99932  1.00000  0.97338  0.96054  11.5486  1.07083  0.16295  0.01858  2000     0.09766  0.98635  0.98027 
RRRRRRR args.seed:  4     args.trial_seed:  4
LRRRRRRR: 0.1
DECAY STEP: 600
env0_in  env0_ou  env1_in  env1_ou  env2_in  env2_ou  epoch    loss     nll      penalty  step     step_ti  train_a  val_acc 
0.10028  0.10291  0.10199  0.08061  0.10520  0.09519  0.00000  3.13630  2.30865  0.00018  0        0.12081  0.10360  0.08790 
0.66203  0.66123  0.99909  0.99914  0.97085  0.96226  11.5486  1.07907  0.16752  0.01887  2000     0.10003  0.98497  0.98070 
RRRRRRR mmd_lambda:    10.00 ib_lambda:     0.00   irm_lambda:     1.00 val acc: 97.98 +- 0.09 test acc: 66.04 +- 1.63
RRRRRRR args.seed:  0     args.trial_seed:  0
LRRRRRRR: 0.1
DECAY STEP: 600
env0_in  env0_ou  env1_in  env1_ou  env2_in  env2_ou  epoch    loss     nll      penalty  step     step_ti  train_a  val_acc 
0.12472  0.10806  0.07353  0.06346  0.08174  0.07976  0.00000  0.87380  2.30551  0.00005  0        0.12281  0.07763  0.07161 
0.13334  0.12950  0.64388  0.64751  0.59949  0.56346  11.5486  1.02845  1.50675  0.00353  2000     0.10017  0.62169  0.60548 
RRRRRRR args.seed:  1     args.trial_seed:  1
LRRRRRRR: 0.1
DECAY STEP: 600
env0_in  env0_ou  env1_in  env1_ou  env2_in  env2_ou  epoch    loss     nll      penalty  step     step_ti  train_a  val_acc 
0.09784  0.09777  0.09766  0.09176  0.09748  0.09262  0.00000  1.06773  2.29966  -0.0000  0        0.12214  0.09757  0.09219 
0.11079  0.11578  0.70695  0.67924  0.64235  0.63636  11.5486  1.03384  1.48283  0.00607  2000     0.10079  0.67465  0.65780 
RRRRRRR args.seed:  2     args.trial_seed:  2
LRRRRRRR: 0.1
DECAY STEP: 600
env0_in  env0_ou  env1_in  env1_ou  env2_in  env2_ou  epoch    loss     nll      penalty  step     step_ti  train_a  val_acc 
0.10041  0.09948  0.10019  0.10120  0.09933  0.09176  0.00000  1.28122  2.29149  0.00005  0        0.12574  0.09976  0.09648 
0.15847  0.14922  0.66350  0.65952  0.61790  0.61149  11.5486  1.02685  1.39803  0.00434  2000     0.10078  0.64070  0.63550 
RRRRRRR args.seed:  3     args.trial_seed:  3
LRRRRRRR: 0.1
DECAY STEP: 600
env0_in  env0_ou  env1_in  env1_ou  env2_in  env2_ou  epoch    loss     nll      penalty  step     step_ti  train_a  val_acc 
0.10510  0.10463  0.09775  0.10291  0.10240  0.11320  0.00000  1.00014  2.34405  0.00191  0        0.12458  0.10008  0.10806 
0.13199  0.13121  0.70014  0.69897  0.64677  0.67753  11.5486  1.02827  1.49825  0.00306  2000     0.10078  0.67345  0.68825 
RRRRRRR args.seed:  4     args.trial_seed:  4
LRRRRRRR: 0.1
DECAY STEP: 600
env0_in  env0_ou  env1_in  env1_ou  env2_in  env2_ou  epoch    loss     nll      penalty  step     step_ti  train_a  val_acc 
0.10028  0.10291  0.10199  0.08061  0.10520  0.09519  0.00000  1.03751  2.30865  0.00018  0        0.12457  0.10360  0.08790 
0.15229  0.16209  0.66156  0.65523  0.61645  0.60120  11.5486  1.03089  1.48557  0.00349  2000     0.10076  0.63901  0.62821 
RRRRRRR mmd_lambda:    10.00 ib_lambda:     0.00   irm_lambda:    10.00 val acc: 64.31 +- 2.81 test acc: 13.74 +- 1.68
RRRRRRR args.seed:  0     args.trial_seed:  0
LRRRRRRR: 0.1
DECAY STEP: 600
env0_in  env0_ou  env1_in  env1_ou  env2_in  env2_ou  epoch    loss     nll      penalty  step     step_ti  train_a  val_acc 
0.12170  0.11063  0.06117  0.05746  0.06802  0.06603  0.00000  0.68703  2.30551  0.00005  0        0.12322  0.06460  0.06175 
0.09486  0.09176  0.29548  0.29073  0.27807  0.26329  11.5486  0.91084  2.27852  0.00002  2000     0.10073  0.28677  0.27701 
RRRRRRR args.seed:  1     args.trial_seed:  1
LRRRRRRR: 0.1
DECAY STEP: 600
env0_in  env0_ou  env1_in  env1_ou  env2_in  env2_ou  epoch    loss     nll      penalty  step     step_ti  train_a  val_acc 
0.09784  0.09777  0.09766  0.09176  0.09748  0.09262  0.00000  0.88143  2.29966  -0.0000  0        0.11170  0.09757  0.09219 
0.10199  0.10891  0.18920  0.17409  0.17999  0.17066  11.5486  0.91618  2.28471  0.00004  2000     0.10073  0.18459  0.17238 
RRRRRRR args.seed:  2     args.trial_seed:  2
LRRRRRRR: 0.1
DECAY STEP: 600
env0_in  env0_ou  env1_in  env1_ou  env2_in  env2_ou  epoch    loss     nll      penalty  step     step_ti  train_a  val_acc 
0.10041  0.09948  0.10019  0.10120  0.09933  0.09176  0.00000  1.09560  2.29149  0.00005  0        0.12279  0.09976  0.09648 
0.11927  0.12693  0.36157  0.37392  0.33554  0.32161  11.5486  0.91843  2.28347  0.00001  2000     0.10131  0.34855  0.34777 
RRRRRRR args.seed:  3     args.trial_seed:  3
LRRRRRRR: 0.1
DECAY STEP: 600
env0_in  env0_ou  env1_in  env1_ou  env2_in  env2_ou  epoch    loss     nll      penalty  step     step_ti  train_a  val_acc 
0.10510  0.10463  0.09775  0.10291  0.10240  0.11320  0.00000  0.81041  2.34405  0.00191  0        0.12874  0.10008  0.10806 
0.10623  0.08576  0.19483  0.20497  0.18753  0.19811  11.5486  0.91195  2.28618  0.00002  2000     0.10213  0.19118  0.20154 
RRRRRRR args.seed:  4     args.trial_seed:  4
LRRRRRRR: 0.1
DECAY STEP: 600
env0_in  env0_ou  env1_in  env1_ou  env2_in  env2_ou  epoch    loss     nll      penalty  step     step_ti  train_a  val_acc 
0.10028  0.10291  0.10199  0.08061  0.10520  0.09519  0.00000  0.85051  2.30865  0.00018  0        0.11186  0.10360  0.08790 
0.10104  0.08833  0.36770  0.40051  0.33838  0.33705  11.5486  0.91529  2.28465  0.00000  2000     0.10077  0.35304  0.36878 
RRRRRRR mmd_lambda:    10.00 ib_lambda:     0.00   irm_lambda:   100.00 val acc: 27.35 +- 7.75 test acc: 10.47 +- 0.81
RRRRRRR args.seed:  0     args.trial_seed:  0
LRRRRRRR: 0.1
DECAY STEP: 600
env0_in  env0_ou  env1_in  env1_ou  env2_in  env2_ou  epoch    loss     nll      penalty  step     step_ti  train_a  val_acc 
0.12157  0.11235  0.05963  0.05746  0.06690  0.06689  0.00000  0.66651  2.30551  0.00005  0        0.11036  0.06327  0.06217 
0.09062  0.08490  0.30013  0.29331  0.28113  0.26843  11.5486  0.89055  2.29593  -0.0000  2000     0.10084  0.29063  0.28087 
RRRRRRR args.seed:  1     args.trial_seed:  1
LRRRRRRR: 0.1
DECAY STEP: 600
env0_in  env0_ou  env1_in  env1_ou  env2_in  env2_ou  epoch    loss     nll      penalty  step     step_ti  train_a  val_acc 
0.09784  0.09777  0.09766  0.09176  0.09748  0.09262  0.00000  0.86096  2.29966  -0.0000  0        0.11038  0.09757  0.09219 
0.10961  0.12092  0.33752  0.33276  0.30829  0.31132  11.5486  0.89582  2.29852  0.00000  2000     0.10086  0.32291  0.32204 
RRRRRRR args.seed:  2     args.trial_seed:  2
LRRRRRRR: 0.1
DECAY STEP: 600
env0_in  env0_ou  env1_in  env1_ou  env2_in  env2_ou  epoch    loss     nll      penalty  step     step_ti  train_a  val_acc 
0.10041  0.09948  0.10019  0.10120  0.09933  0.09176  0.00000  1.07520  2.29149  0.00005  0        0.12426  0.09976  0.09648 
0.10596  0.12349  0.33554  0.34648  0.30906  0.30188  11.5486  0.89809  2.29817  -0.0000  2000     0.10085  0.32230  0.32418 
RRRRRRR args.seed:  3     args.trial_seed:  3
LRRRRRRR: 0.1
DECAY STEP: 600
env0_in  env0_ou  env1_in  env1_ou  env2_in  env2_ou  epoch    loss     nll      penalty  step     step_ti  train_a  val_acc 
0.10510  0.10463  0.09775  0.10291  0.10240  0.11320  0.00000  0.78956  2.34405  0.00191  0        0.12500  0.10008  0.10806 
0.10794  0.08662  0.21144  0.21869  0.20147  0.20754  11.5486  0.89158  2.29903  0.00000  2000     0.10083  0.20645  0.21312 
RRRRRRR args.seed:  4     args.trial_seed:  4
LRRRRRRR: 0.1
DECAY STEP: 600
env0_in  env0_ou  env1_in  env1_ou  env2_in  env2_ou  epoch    loss     nll      penalty  step     step_ti  train_a  val_acc 
0.10028  0.10291  0.10199  0.08061  0.10520  0.09519  0.00000  0.82996  2.30865  0.00018  0        0.12251  0.10360  0.08790 
0.09301  0.07632  0.38264  0.41852  0.35083  0.34905  11.5486  0.89494  2.29653  -0.0000  2000     0.10076  0.36673  0.38379 
RRRRRRR mmd_lambda:    10.00 ib_lambda:     0.00   irm_lambda:  1000.00 val acc: 30.48 +- 5.64 test acc: 10.14 +- 0.80
RRRRRRR args.seed:  0     args.trial_seed:  0
LRRRRRRR: 0.1
DECAY STEP: 600
env0_in  env0_ou  env1_in  env1_ou  env2_in  env2_ou  epoch    loss     nll      penalty  step     step_ti  train_a  val_acc 
0.12675  0.11235  0.12162  0.11663  0.12491  0.11149  0.00000  8.94706  2.30551  0.00005  0        0.11107  0.12326  0.11406 
0.70552  0.67324  0.99923  0.99914  0.97586  0.96569  11.5486  9.02100  0.13390  0.04467  2000     0.10048  0.98754  0.98241 
RRRRRRR args.seed:  1     args.trial_seed:  1
LRRRRRRR: 0.1
DECAY STEP: 600
env0_in  env0_ou  env1_in  env1_ou  env2_in  env2_ou  epoch    loss     nll      penalty  step     step_ti  train_a  val_acc 
0.09784  0.09777  0.09766  0.09176  0.09748  0.09262  0.00000  10.8866  2.29966  -0.0000  0        0.11144  0.09757  0.09219 
0.69149  0.70068  0.99936  0.99828  0.97370  0.96655  11.5486  9.07345  0.13374  0.04510  2000     0.09962  0.98653  0.98241 
RRRRRRR args.seed:  2     args.trial_seed:  2
LRRRRRRR: 0.1
DECAY STEP: 600
env0_in  env0_ou  env1_in  env1_ou  env2_in  env2_ou  epoch    loss     nll      penalty  step     step_ti  train_a  val_acc 
0.10041  0.09948  0.10019  0.10120  0.09933  0.09176  0.00000  13.0200  2.29149  0.00005  0        0.10916  0.09976  0.09648 
0.70705  0.67753  0.99941  0.99828  0.97302  0.96569  11.5486  9.09866  0.13607  0.04479  2000     0.09959  0.98621  0.98199 
RRRRRRR args.seed:  3     args.trial_seed:  3
LRRRRRRR: 0.1
DECAY STEP: 600
env0_in  env0_ou  env1_in  env1_ou  env2_in  env2_ou  epoch    loss     nll      penalty  step     step_ti  train_a  val_acc 
0.10510  0.10463  0.09775  0.10291  0.10240  0.11320  0.00000  10.1973  2.34405  0.00191  0        0.12095  0.10008  0.10806 
0.71549  0.70669  0.99923  1.00000  0.97803  0.96226  11.5486  9.02423  0.12692  0.04432  2000     0.10008  0.98863  0.98113 
RRRRRRR args.seed:  4     args.trial_seed:  4
LRRRRRRR: 0.1
DECAY STEP: 600
env0_in  env0_ou  env1_in  env1_ou  env2_in  env2_ou  epoch    loss     nll      penalty  step     step_ti  train_a  val_acc 
0.10028  0.10291  0.10199  0.08061  0.10520  0.09519  0.00000  10.5833  2.30865  0.00018  0        0.12060  0.10360  0.08790 
0.71418  0.70669  0.99900  0.99828  0.97595  0.97255  11.5486  9.06427  0.13308  0.04479  2000     0.09971  0.98748  0.98542 
RRRRRRR mmd_lambda:   100.00 ib_lambda:     0.00   irm_lambda:     0.10 val acc: 98.27 +- 0.15 test acc: 70.67 +- 0.86
RRRRRRR args.seed:  0     args.trial_seed:  0
LRRRRRRR: 0.1
DECAY STEP: 600
env0_in  env0_ou  env1_in  env1_ou  env2_in  env2_ou  epoch    loss     nll      penalty  step     step_ti  train_a  val_acc 
0.12689  0.11235  0.12211  0.11663  0.12541  0.11149  0.00000  8.94711  2.30551  0.00005  0        0.12350  0.12376  0.11406 
0.66379  0.63464  0.99941  0.99914  0.97090  0.96140  11.5486  9.07090  0.16881  0.01946  2000     0.09977  0.98515  0.98027 
RRRRRRR args.seed:  1     args.trial_seed:  1
LRRRRRRR: 0.1
DECAY STEP: 600
env0_in  env0_ou  env1_in  env1_ou  env2_in  env2_ou  epoch    loss     nll      penalty  step     step_ti  train_a  val_acc 
0.09784  0.09777  0.09766  0.09176  0.09748  0.09262  0.00000  10.8866  2.29966  -0.0000  0        0.12303  0.09757  0.09219 
0.63402  0.64408  0.99923  0.99914  0.96797  0.95454  11.5486  9.13046  0.17515  0.02011  2000     0.09968  0.98360  0.97684 
RRRRRRR args.seed:  2     args.trial_seed:  2
LRRRRRRR: 0.1
DECAY STEP: 600
env0_in  env0_ou  env1_in  env1_ou  env2_in  env2_ou  epoch    loss     nll      penalty  step     step_ti  train_a  val_acc 
0.10041  0.09948  0.10019  0.10120  0.09933  0.09176  0.00000  13.0201  2.29149  0.00005  0        0.12259  0.09976  0.09648 
0.67326  0.63464  0.99936  0.99914  0.96986  0.95883  11.5486  9.14320  0.16677  0.01831  2000     0.09966  0.98461  0.97898 
RRRRRRR args.seed:  3     args.trial_seed:  3
LRRRRRRR: 0.1
DECAY STEP: 600
env0_in  env0_ou  env1_in  env1_ou  env2_in  env2_ou  epoch    loss     nll      penalty  step     step_ti  train_a  val_acc 
0.10510  0.10463  0.09775  0.10291  0.10240  0.11320  0.00000  10.1990  2.34405  0.00191  0        0.10933  0.10008  0.10806 
0.67272  0.67238  0.99918  1.00000  0.97320  0.95969  11.5486  9.07446  0.16294  0.01863  2000     0.09969  0.98619  0.97984 
RRRRRRR args.seed:  4     args.trial_seed:  4
LRRRRRRR: 0.1
DECAY STEP: 600
env0_in  env0_ou  env1_in  env1_ou  env2_in  env2_ou  epoch    loss     nll      penalty  step     step_ti  train_a  val_acc 
0.10028  0.10291  0.10199  0.08061  0.10520  0.09519  0.00000  10.5835  2.30865  0.00018  0        0.12203  0.10360  0.08790 
0.65955  0.65608  0.99914  1.00000  0.97076  0.96483  11.5486  9.11356  0.16801  0.01883  2000     0.09964  0.98495  0.98241 
RRRRRRR mmd_lambda:   100.00 ib_lambda:     0.00   irm_lambda:     1.00 val acc: 97.97 +- 0.18 test acc: 66.07 +- 1.43
RRRRRRR args.seed:  0     args.trial_seed:  0
LRRRRRRR: 0.1
DECAY STEP: 600
env0_in  env0_ou  env1_in  env1_ou  env2_in  env2_ou  epoch    loss     nll      penalty  step     step_ti  train_a  val_acc 
0.12482  0.10806  0.07393  0.06346  0.08201  0.07976  0.00000  6.85118  2.30551  0.00005  0        0.12249  0.07797  0.07161 
0.13244  0.12607  0.70595  0.68524  0.65254  0.61578  11.5486  9.02203  1.49768  0.00358  2000     0.09967  0.67925  0.65051 
RRRRRRR args.seed:  1     args.trial_seed:  1
LRRRRRRR: 0.1
DECAY STEP: 600
env0_in  env0_ou  env1_in  env1_ou  env2_in  env2_ou  epoch    loss     nll      penalty  step     step_ti  train_a  val_acc 
0.09784  0.09777  0.09766  0.09176  0.09748  0.09262  0.00000  8.79605  2.29966  -0.0000  0        0.12223  0.09757  0.09219 
0.11588  0.12006  0.70695  0.67924  0.64275  0.63722  11.5486  9.07564  1.48477  0.00601  2000     0.10002  0.67485  0.65823 
RRRRRRR args.seed:  2     args.trial_seed:  2
LRRRRRRR: 0.1
DECAY STEP: 600
env0_in  env0_ou  env1_in  env1_ou  env2_in  env2_ou  epoch    loss     nll      penalty  step     step_ti  train_a  val_acc 
0.10041  0.09948  0.10019  0.10120  0.09933  0.09176  0.00000  10.9369  2.29149  0.00005  0        0.10899  0.09976  0.09648 
0.15806  0.14922  0.66035  0.65523  0.61555  0.60891  11.5486  9.08925  1.39903  0.00435  2000     0.09973  0.63795  0.63207 
RRRRRRR args.seed:  3     args.trial_seed:  3
LRRRRRRR: 0.1
DECAY STEP: 600
env0_in  env0_ou  env1_in  env1_ou  env2_in  env2_ou  epoch    loss     nll      penalty  step     step_ti  train_a  val_acc 
0.10510  0.10463  0.09775  0.10291  0.10240  0.11320  0.00000  8.06796  2.34405  0.00191  0        0.12257  0.10008  0.10806 
0.13244  0.13207  0.70014  0.69897  0.64686  0.67753  11.5486  9.03174  1.49691  0.00306  2000     0.10030  0.67350  0.68825 
RRRRRRR args.seed:  4     args.trial_seed:  4
LRRRRRRR: 0.1
DECAY STEP: 600
env0_in  env0_ou  env1_in  env1_ou  env2_in  env2_ou  epoch    loss     nll      penalty  step     step_ti  train_a  val_acc 
0.10028  0.10291  0.10199  0.08061  0.10520  0.09519  0.00000  8.48473  2.30865  0.00018  0        0.12471  0.10360  0.08790 
0.15224  0.16123  0.66098  0.65523  0.61600  0.59862  11.5486  9.06570  1.49389  0.00350  2000     0.10075  0.63849  0.62693 
RRRRRRR mmd_lambda:   100.00 ib_lambda:     0.00   irm_lambda:    10.00 val acc: 65.12 +- 2.18 test acc: 13.82 +- 1.52
RRRRRRR args.seed:  0     args.trial_seed:  0
LRRRRRRR: 0.1
DECAY STEP: 600
env0_in  env0_ou  env1_in  env1_ou  env2_in  env2_ou  epoch    loss     nll      penalty  step     step_ti  train_a  val_acc 
0.12184  0.11149  0.06135  0.05831  0.06821  0.06603  0.00000  6.66442  2.30551  0.00005  0        0.11078  0.06478  0.06217 
0.09382  0.09176  0.29589  0.29073  0.27825  0.26243  11.5486  8.90523  2.28108  0.00002  2000     0.10069  0.28707  0.27658 
RRRRRRR args.seed:  1     args.trial_seed:  1
LRRRRRRR: 0.1
DECAY STEP: 600
env0_in  env0_ou  env1_in  env1_ou  env2_in  env2_ou  epoch    loss     nll      penalty  step     step_ti  train_a  val_acc 
0.09784  0.09777  0.09766  0.09176  0.09748  0.09262  0.00000  8.60975  2.29966  -0.0000  0        0.12445  0.09757  0.09219 
0.10894  0.11578  0.09897  0.08919  0.09672  0.09005  11.5486  8.95788  2.28671  0.00004  2000     0.10070  0.09784  0.08962 
RRRRRRR args.seed:  2     args.trial_seed:  2
LRRRRRRR: 0.1
DECAY STEP: 600
env0_in  env0_ou  env1_in  env1_ou  env2_in  env2_ou  epoch    loss     nll      penalty  step     step_ti  train_a  val_acc 
0.10041  0.09948  0.10019  0.10120  0.09933  0.09176  0.00000  10.7513  2.29149  0.00005  0        0.12469  0.09976  0.09648 
0.12337  0.12778  0.29652  0.29073  0.27834  0.26929  11.5486  8.98072  2.28294  0.00001  2000     0.10078  0.28743  0.28001 
RRRRRRR args.seed:  3     args.trial_seed:  3
LRRRRRRR: 0.1
DECAY STEP: 600
env0_in  env0_ou  env1_in  env1_ou  env2_in  env2_ou  epoch    loss     nll      penalty  step     step_ti  train_a  val_acc 
0.10510  0.10463  0.09775  0.10291  0.10240  0.11320  0.00000  7.87822  2.34405  0.00191  0        0.12278  0.10008  0.10806 
0.09752  0.08404  0.18892  0.19897  0.18139  0.19468  11.5486  8.91554  2.28620  0.00003  2000     0.10072  0.18516  0.19682 
RRRRRRR args.seed:  4     args.trial_seed:  4
LRRRRRRR: 0.1
DECAY STEP: 600
env0_in  env0_ou  env1_in  env1_ou  env2_in  env2_ou  epoch    loss     nll      penalty  step     step_ti  train_a  val_acc 
0.10028  0.10291  0.10199  0.08061  0.10520  0.09519  0.00000  8.29772  2.30865  0.00018  0        0.12341  0.10360  0.08790 
0.09856  0.09090  0.28623  0.32504  0.26525  0.26072  11.5486  8.94935  2.28586  0.00000  2000     0.10050  0.27574  0.29288 
RRRRRRR mmd_lambda:   100.00 ib_lambda:     0.00   irm_lambda:   100.00 val acc: 22.77 +- 7.57 test acc: 10.22 +- 1.07
RRRRRRR args.seed:  0     args.trial_seed:  0
LRRRRRRR: 0.1
DECAY STEP: 600
env0_in  env0_ou  env1_in  env1_ou  env2_in  env2_ou  epoch    loss     nll      penalty  step     step_ti  train_a  val_acc 
0.12161  0.11235  0.05999  0.05746  0.06712  0.06689  0.00000  6.64390  2.30551  0.00005  0        0.12287  0.06356  0.06217 
0.09455  0.09005  0.38385  0.36878  0.35485  0.34048  11.5486  8.88491  2.29674  -0.0000  2000     0.09976  0.36935  0.35463 
RRRRRRR args.seed:  1     args.trial_seed:  1
LRRRRRRR: 0.1
DECAY STEP: 600
env0_in  env0_ou  env1_in  env1_ou  env2_in  env2_ou  epoch    loss     nll      penalty  step     step_ti  train_a  val_acc 
0.09784  0.09777  0.09766  0.09176  0.09748  0.09262  0.00000  8.58928  2.29966  -0.0000  0        0.12235  0.09757  0.09219 
0.12206  0.12521  0.16614  0.17581  0.16091  0.17324  11.5486  8.93750  2.29920  0.00000  2000     0.09986  0.16353  0.17452 
RRRRRRR args.seed:  2     args.trial_seed:  2
LRRRRRRR: 0.1
DECAY STEP: 600
env0_in  env0_ou  env1_in  env1_ou  env2_in  env2_ou  epoch    loss     nll      penalty  step     step_ti  train_a  val_acc 
0.10041  0.09948  0.10019  0.10120  0.09933  0.09176  0.00000  10.7309  2.29149  0.00005  0        0.12542  0.09976  0.09648 
0.11936  0.13722  0.25267  0.25986  0.23377  0.22984  11.5486  8.96040  2.29787  -0.0000  2000     0.10038  0.24322  0.24485 
RRRRRRR args.seed:  3     args.trial_seed:  3
LRRRRRRR: 0.1
DECAY STEP: 600
env0_in  env0_ou  env1_in  env1_ou  env2_in  env2_ou  epoch    loss     nll      penalty  step     step_ti  train_a  val_acc 
0.10510  0.10463  0.09775  0.10291  0.10240  0.11320  0.00000  7.85737  2.34405  0.00191  0        0.12415  0.10008  0.10806 
0.10325  0.08404  0.21441  0.21869  0.20336  0.21012  11.5486  8.89518  2.29899  0.00000  2000     0.10072  0.20889  0.21440 
RRRRRRR args.seed:  4     args.trial_seed:  4
LRRRRRRR: 0.1
DECAY STEP: 600
env0_in  env0_ou  env1_in  env1_ou  env2_in  env2_ou  epoch    loss     nll      penalty  step     step_ti  train_a  val_acc 
0.10028  0.10291  0.10199  0.08061  0.10520  0.09519  0.00000  8.27717  2.30865  0.00018  0        0.12285  0.10360  0.08790 
0.09897  0.08662  0.38300  0.41938  0.35196  0.34905  11.5486  8.92899  2.29746  -0.0000  2000     0.10069  0.36748  0.38422 
RRRRRRR mmd_lambda:   100.00 ib_lambda:     0.00   irm_lambda:  1000.00 val acc: 27.45 +- 8.12 test acc: 10.76 +- 1.11
RRRRRRR args.seed:  0     args.trial_seed:  0
LRRRRRRR: 0.1
DECAY STEP: 600
env0_in  env0_ou  env1_in  env1_ou  env2_in  env2_ou  epoch    loss     nll      penalty  step     step_ti  train_a  val_acc 
0.12666  0.11235  0.12162  0.11663  0.12491  0.11149  0.00000  68.7209  2.30551  0.00005  0        0.12230  0.12326  0.11406 
0.70822  0.68610  0.99923  0.99914  0.97577  0.96483  11.5486  88.9650  0.13433  0.04490  2000     0.10069  0.98750  0.98199 
RRRRRRR args.seed:  1     args.trial_seed:  1
LRRRRRRR: 0.1
DECAY STEP: 600
env0_in  env0_ou  env1_in  env1_ou  env2_in  env2_ou  epoch    loss     nll      penalty  step     step_ti  train_a  val_acc 
0.09784  0.09777  0.09766  0.09176  0.09748  0.09262  0.00000  88.1698  2.29966  -0.0000  0        0.12443  0.09757  0.09219 
0.68977  0.69296  0.99936  0.99914  0.97397  0.96569  11.5486  89.4903  0.13391  0.04510  2000     0.10072  0.98666  0.98241 
RRRRRRR args.seed:  2     args.trial_seed:  2
LRRRRRRR: 0.1
DECAY STEP: 600
env0_in  env0_ou  env1_in  env1_ou  env2_in  env2_ou  epoch    loss     nll      penalty  step     step_ti  train_a  val_acc 
0.10041  0.09948  0.10019  0.10120  0.09933  0.09176  0.00000  109.577  2.29149  0.00005  0        0.12522  0.09976  0.09648 
0.70818  0.67495  0.99936  0.99828  0.97342  0.96483  11.5486  89.7210  0.13552  0.04478  2000     0.10073  0.98639  0.98156 
RRRRRRR args.seed:  3     args.trial_seed:  3
LRRRRRRR: 0.1
DECAY STEP: 600
env0_in  env0_ou  env1_in  env1_ou  env2_in  env2_ou  epoch    loss     nll      penalty  step     step_ti  train_a  val_acc 
0.10510  0.10463  0.09775  0.10291  0.10240  0.11320  0.00000  80.8755  2.34405  0.00191  0        0.12427  0.10008  0.10806 
0.69762  0.69982  0.99923  1.00000  0.97545  0.96054  11.5486  89.0650  0.13173  0.04457  2000     0.10072  0.98734  0.98027 
RRRRRRR args.seed:  4     args.trial_seed:  4
LRRRRRRR: 0.1
DECAY STEP: 600
env0_in  env0_ou  env1_in  env1_ou  env2_in  env2_ou  epoch    loss     nll      penalty  step     step_ti  train_a  val_acc 
0.10028  0.10291  0.10199  0.08061  0.10520  0.09519  0.00000  85.0555  2.30865  0.00018  0        0.11028  0.10360  0.08790 
0.71377  0.71097  0.99914  0.99828  0.97627  0.96998  11.5486  89.4044  0.13280  0.04471  2000     0.10076  0.98770  0.98413 
RRRRRRR mmd_lambda:  1000.00 ib_lambda:     0.00   irm_lambda:     0.10 val acc: 98.21 +- 0.13 test acc: 70.35 +- 0.86
RRRRRRR args.seed:  0     args.trial_seed:  0
LRRRRRRR: 0.1
DECAY STEP: 600
env0_in  env0_ou  env1_in  env1_ou  env2_in  env2_ou  epoch    loss     nll      penalty  step     step_ti  train_a  val_acc 
0.12680  0.11320  0.12216  0.11663  0.12527  0.11235  0.00000  68.7209  2.30551  0.00005  0        0.12350  0.12372  0.11449 
0.66857  0.64150  0.99918  0.99914  0.97162  0.96054  11.5486  89.0144  0.16876  0.01945  2000     0.10070  0.98540  0.97984 
RRRRRRR args.seed:  1     args.trial_seed:  1
LRRRRRRR: 0.1
DECAY STEP: 600
env0_in  env0_ou  env1_in  env1_ou  env2_in  env2_ou  epoch    loss     nll      penalty  step     step_ti  train_a  val_acc 
0.09784  0.09777  0.09766  0.09176  0.09748  0.09262  0.00000  88.1698  2.29966  -0.0000  0        0.12449  0.09757  0.09219 
0.62829  0.63722  0.99918  0.99914  0.96792  0.95540  11.5486  89.5474  0.17543  0.02007  2000     0.10132  0.98355  0.97727 
RRRRRRR args.seed:  2     args.trial_seed:  2
LRRRRRRR: 0.1
DECAY STEP: 600
env0_in  env0_ou  env1_in  env1_ou  env2_in  env2_ou  epoch    loss     nll      penalty  step     step_ti  train_a  val_acc 
0.10041  0.09948  0.10019  0.10120  0.09933  0.09176  0.00000  109.577  2.29149  0.00005  0        0.12557  0.09976  0.09648 
0.66415  0.63807  0.99936  0.99914  0.96905  0.95883  11.5486  89.7684  0.16898  0.01840  2000     0.10150  0.98421  0.97898 
RRRRRRR args.seed:  3     args.trial_seed:  3
LRRRRRRR: 0.1
DECAY STEP: 600
env0_in  env0_ou  env1_in  env1_ou  env2_in  env2_ou  epoch    loss     nll      penalty  step     step_ti  train_a  val_acc 
0.10510  0.10463  0.09775  0.10291  0.10240  0.11320  0.00000  80.8772  2.34405  0.00191  0        0.15399  0.10008  0.10806 
0.66695  0.65952  0.99927  1.00000  0.97293  0.95883  11.5486  89.1115  0.16407  0.01864  2000     0.09997  0.98610  0.97941 
RRRRRRR args.seed:  4     args.trial_seed:  4
LRRRRRRR: 0.1
DECAY STEP: 600
env0_in  env0_ou  env1_in  env1_ou  env2_in  env2_ou  epoch    loss     nll      penalty  step     step_ti  train_a  val_acc 
0.10028  0.10291  0.10199  0.08061  0.10520  0.09519  0.00000  85.0556  2.30865  0.00018  0        0.10923  0.10360  0.08790 
0.65310  0.65694  0.99900  0.99914  0.96986  0.96312  11.5486  89.4560  0.16991  0.01898  2000     0.09977  0.98443  0.98113 
RRRRRRR mmd_lambda:  1000.00 ib_lambda:     0.00   irm_lambda:     1.00 val acc: 97.93 +- 0.13 test acc: 65.62 +- 1.50
RRRRRRR args.seed:  0     args.trial_seed:  0
LRRRRRRR: 0.1
DECAY STEP: 600
env0_in  env0_ou  env1_in  env1_ou  env2_in  env2_ou  epoch    loss     nll      penalty  step     step_ti  train_a  val_acc 
0.12540  0.11063  0.07669  0.06689  0.08395  0.08233  0.00000  66.6250  2.30551  0.00005  0        0.12038  0.08032  0.07461 
0.12427  0.12349  0.79492  0.78387  0.72788  0.70754  11.5486  88.9719  1.55448  0.00492  2000     0.10013  0.76140  0.74571 
RRRRRRR args.seed:  1     args.trial_seed:  1
LRRRRRRR: 0.1
DECAY STEP: 600
env0_in  env0_ou  env1_in  env1_ou  env2_in  env2_ou  epoch    loss     nll      penalty  step     step_ti  train_a  val_acc 
0.09784  0.09777  0.09766  0.09176  0.09748  0.09262  0.00000  86.0792  2.29966  -0.0000  0        0.12205  0.09757  0.09219 
0.11191  0.10977  0.80231  0.79331  0.72540  0.73070  11.5486  89.4995  1.56926  0.00545  2000     0.10028  0.76386  0.76200 
RRRRRRR args.seed:  2     args.trial_seed:  2
LRRRRRRR: 0.1
DECAY STEP: 600
env0_in  env0_ou  env1_in  env1_ou  env2_in  env2_ou  epoch    loss     nll      penalty  step     step_ti  train_a  val_acc 
0.10041  0.09948  0.10019  0.10120  0.09933  0.09176  0.00000  107.493  2.29149  0.00005  0        0.12429  0.09976  0.09648 
0.15621  0.14579  0.65962  0.65265  0.61393  0.60634  11.5486  89.7185  1.47153  0.00398  2000     0.10076  0.63678  0.62950 
RRRRRRR args.seed:  3     args.trial_seed:  3
LRRRRRRR: 0.1
DECAY STEP: 600
env0_in  env0_ou  env1_in  env1_ou  env2_in  env2_ou  epoch    loss     nll      penalty  step     step_ti  train_a  val_acc 
0.10510  0.10463  0.09775  0.10291  0.10240  0.11320  0.00000  78.7461  2.34405  0.00191  0        0.12883  0.10008  0.10806 
0.13176  0.12950  0.70014  0.69897  0.64672  0.67667  11.5486  89.0703  1.52778  0.00299  2000     0.10067  0.67343  0.68782 
RRRRRRR args.seed:  4     args.trial_seed:  4
LRRRRRRR: 0.1
DECAY STEP: 600
env0_in  env0_ou  env1_in  env1_ou  env2_in  env2_ou  epoch    loss     nll      penalty  step     step_ti  train_a  val_acc 
0.10028  0.10291  0.10199  0.08061  0.10520  0.09519  0.00000  82.9568  2.30865  0.00018  0        0.11036  0.10360  0.08790 
0.11791  0.12435  0.70690  0.66380  0.65096  0.65008  11.5486  89.4153  1.59346  0.00358  2000     0.10057  0.67893  0.65694 
RRRRRRR mmd_lambda:  1000.00 ib_lambda:     0.00   irm_lambda:    10.00 val acc: 69.64 +- 5.07 test acc: 12.84 +- 1.54
RRRRRRR args.seed:  0     args.trial_seed:  0
LRRRRRRR: 0.1
DECAY STEP: 600
env0_in  env0_ou  env1_in  env1_ou  env2_in  env2_ou  epoch    loss     nll      penalty  step     step_ti  train_a  val_acc 
0.12233  0.11235  0.06342  0.06003  0.07087  0.06861  0.00000  66.4382  2.30551  0.00005  0        0.12281  0.06714  0.06432 
0.11570  0.11921  0.35882  0.34648  0.33360  0.30274  11.5486  88.8489  2.29286  0.00002  2000     0.09983  0.34621  0.32461 
RRRRRRR args.seed:  1     args.trial_seed:  1
LRRRRRRR: 0.1
DECAY STEP: 600
env0_in  env0_ou  env1_in  env1_ou  env2_in  env2_ou  epoch    loss     nll      penalty  step     step_ti  train_a  val_acc 
0.09784  0.09777  0.09766  0.09176  0.09748  0.09262  0.00000  85.8929  2.29966  -0.0000  0        0.12133  0.09757  0.09219 
0.10943  0.11663  0.02706  0.02916  0.03442  0.02744  11.5486  89.3747  2.29279  0.00002  2000     0.10049  0.03074  0.02830 
RRRRRRR args.seed:  2     args.trial_seed:  2
LRRRRRRR: 0.1
DECAY STEP: 600
env0_in  env0_ou  env1_in  env1_ou  env2_in  env2_ou  epoch    loss     nll      penalty  step     step_ti  train_a  val_acc 
0.10041  0.09948  0.10019  0.10120  0.09933  0.09176  0.00000  107.308  2.29149  0.00005  0        0.12197  0.09976  0.09648 
0.12188  0.12092  0.24008  0.24271  0.22307  0.21440  11.5486  89.6038  2.28855  0.00002  2000     0.10074  0.23158  0.22855 
RRRRRRR args.seed:  3     args.trial_seed:  3
LRRRRRRR: 0.1
DECAY STEP: 600
env0_in  env0_ou  env1_in  env1_ou  env2_in  env2_ou  epoch    loss     nll      penalty  step     step_ti  train_a  val_acc 
0.10510  0.10463  0.09775  0.10291  0.10240  0.11320  0.00000  78.5563  2.34405  0.00191  0        0.12449  0.10008  0.10806 
0.08963  0.07890  0.14102  0.15523  0.14133  0.15094  11.5486  88.9515  2.29312  0.00002  2000     0.10073  0.14117  0.15308 
RRRRRRR args.seed:  4     args.trial_seed:  4
LRRRRRRR: 0.1
DECAY STEP: 600
env0_in  env0_ou  env1_in  env1_ou  env2_in  env2_ou  epoch    loss     nll      penalty  step     step_ti  train_a  val_acc 
0.10028  0.10291  0.10199  0.08061  0.10520  0.09519  0.00000  82.7698  2.30865  0.00018  0        0.13716  0.10360  0.08790 
0.09116  0.08061  0.30951  0.33447  0.28434  0.29588  11.5486  89.2898  2.29285  0.00002  2000     0.10074  0.29692  0.31518 
RRRRRRR mmd_lambda:  1000.00 ib_lambda:     0.00   irm_lambda:   100.00 val acc: 22.27 +- 9.04 test acc: 10.32 +- 1.31
RRRRRRR args.seed:  0     args.trial_seed:  0
LRRRRRRR: 0.1
DECAY STEP: 600
env0_in  env0_ou  env1_in  env1_ou  env2_in  env2_ou  epoch    loss     nll      penalty  step     step_ti  train_a  val_acc 
0.12184  0.11320  0.06211  0.05917  0.06875  0.06861  0.00000  66.4177  2.30551  0.00005  0        0.12487  0.06543  0.06389 
0.11088  0.11149  0.25637  0.25042  0.24270  0.22813  11.5486  88.8285  2.29990  0.00000  2000     0.10090  0.24953  0.23928 
RRRRRRR args.seed:  1     args.trial_seed:  1
LRRRRRRR: 0.1
DECAY STEP: 600
env0_in  env0_ou  env1_in  env1_ou  env2_in  env2_ou  epoch    loss     nll      penalty  step     step_ti  train_a  val_acc 
0.09784  0.09777  0.09766  0.09176  0.09748  0.09262  0.00000  85.8724  2.29966  -0.0000  0        0.12444  0.09757  0.09219 
0.11873  0.11921  0.00631  0.00857  0.01709  0.01286  11.5486  89.3543  2.29988  0.00000  2000     0.10065  0.01170  0.01072 
RRRRRRR args.seed:  2     args.trial_seed:  2
LRRRRRRR: 0.1
DECAY STEP: 600
env0_in  env0_ou  env1_in  env1_ou  env2_in  env2_ou  epoch    loss     nll      penalty  step     step_ti  train_a  val_acc 
0.10041  0.09948  0.10019  0.10120  0.09933  0.09176  0.00000  107.287  2.29149  0.00005  0        0.12454  0.09976  0.09648 
0.11949  0.11921  0.23354  0.22984  0.21847  0.20926  11.5486  89.5834  2.29805  0.00000  2000     0.10075  0.22601  0.21955 
RRRRRRR args.seed:  3     args.trial_seed:  3
LRRRRRRR: 0.1
DECAY STEP: 600
env0_in  env0_ou  env1_in  env1_ou  env2_in  env2_ou  epoch    loss     nll      penalty  step     step_ti  train_a  val_acc 
0.10510  0.10463  0.09775  0.10291  0.10240  0.11320  0.00000  78.5355  2.34405  0.00191  0        0.12532  0.10008  0.10806 
0.08489  0.07718  0.11151  0.12178  0.11260  0.12006  11.5486  88.9310  2.30008  0.00000  2000     0.10067  0.11205  0.12092 
RRRRRRR args.seed:  4     args.trial_seed:  4
LRRRRRRR: 0.1
DECAY STEP: 600
env0_in  env0_ou  env1_in  env1_ou  env2_in  env2_ou  epoch    loss     nll      penalty  step     step_ti  train_a  val_acc 
0.10028  0.10291  0.10199  0.08061  0.10520  0.09519  0.00000  82.7493  2.30865  0.00018  0        0.12397  0.10360  0.08790 
0.09400  0.09862  0.20584  0.20669  0.19641  0.20926  11.5486  89.2694  2.29997  -0.0000  2000     0.10074  0.20113  0.20797 
RRRRRRR mmd_lambda:  1000.00 ib_lambda:     0.00   irm_lambda:  1000.00 val acc: 17.60 +- 5.83 test acc: 10.14 +- 1.23
Report with best val performance: val acc:98.33 +- 0.25  test acc:70.99 +- 0.76
Corresponding hypers: {'mmd_lambda': 0.1, 'ib_lambda': 0, 'irm_lambda': 0.1}
